2026-02-19_14-53-21.78 | INFO | 
__| |_______________________________________________________________________| |__
__   _______________________________________________________________________   __
  | |                                                                       | |
  | | █████   █████   █████████   ███████████     █████████   ██████   █████| |
  | |░░███   ░░███   ███░░░░░███ ░░███░░░░░███   ███░░░░░███ ░░██████ ░░███ | |
  | | ░███    ░███  ░███    ░███  ░███    ░███  ░███    ░███  ░███░███ ░███ | |
  | | ░███    ░███  ░███████████  ░██████████   ░███████████  ░███░░███░███ | |
  | | ░░███   ███   ░███░░░░░███  ░███░░░░░███  ░███░░░░░███  ░███ ░░██████ | |
  | |  ░░░█████░    ░███    ░███  ░███    ░███  ░███    ░███  ░███  ░░█████ | |
  | |    ░░███      █████   █████ █████   █████ █████   █████ █████  ░░█████| |
  | |     ░░░      ░░░░░   ░░░░░ ░░░░░   ░░░░░ ░░░░░   ░░░░░ ░░░░░    ░░░░░ | |
__| |_______________________________________________________________________| |__
__   _______________________________________________________________________   __
  | |                                                                       | |

2026-02-19_14-53-21.78 | INFO | Welcome to VARAN 🦎

2026-02-19_14-53-21.79 | INFO | Varan args [input:['/data/data_storage/novaseq_results/tmp/analysis_260214_A01423_0428_BHHFG7DRX7_HRD/260214_A01423_0428_BHHFG7DRX7-6c0f7d54-0fc9-45f1-ac82-158a7c797481_data_varan.tsv'], output_folder:/data/data_storage/novaseq_results/research/CbioPortal/Study/OTHER/test, filters:, cancer:mixed, oncoKB:False, analysis_type:snv, overwrite_output:False, resume:False, multiple:False, update:False, extract:False, remove:False]
2026-02-19_14-53-21.79 | INFO | Starting preparation study folder
2026-02-19_14-53-21.79 | INFO | Starting walk_folder script:
2026-02-19_14-53-21.79 | INFO | walk_folder args [input:['/data/data_storage/novaseq_results/tmp/analysis_260214_A01423_0428_BHHFG7DRX7_HRD/260214_A01423_0428_BHHFG7DRX7-6c0f7d54-0fc9-45f1-ac82-158a7c797481_data_varan.tsv'], output_folder:/data/data_storage/novaseq_results/research/CbioPortal/Study/OTHER/test, overwrite:False, resume:False, vcf_type:snv, filters:, multiple:False]
2026-02-19_14-53-21.80 | INFO | Creating the output folder '/data/data_storage/novaseq_results/research/CbioPortal/Study/OTHER/test_v1'...
2026-02-19_14-53-21.80 | INFO | The folder '/data/data_storage/novaseq_results/research/CbioPortal/Study/OTHER/test_v1' was correctly created!
2026-02-19_14-53-21.81 | INFO | Verifying the compilation of the conf.ini file for sample 2025030196_DNA
2026-02-19_14-53-21.84 | INFO | Verifying the compilation of the conf.ini file for sample 2026031399_DNA
2026-02-19_14-53-21.87 | INFO | Verifying the compilation of the conf.ini file for sample 2026031398_DNA
2026-02-19_14-53-21.88 | INFO | Verifying the compilation of the conf.ini file for sample 2025030568_DNA
2026-02-19_14-53-21.90 | INFO | Verifying the compilation of the conf.ini file for sample 2025030798_DNA
2026-02-19_14-53-21.93 | INFO | Verifying the compilation of the conf.ini file for sample 2025030616_DNA
2026-02-19_14-53-21.94 | INFO | Verifying the compilation of the conf.ini file for sample 2025030481_DNA
2026-02-19_14-53-21.96 | INFO | Verifying the compilation of the conf.ini file for sample 2025030105_DNA
2026-02-19_14-53-21.98 | INFO | Verifying the compilation of the conf.ini file for sample 2025030677_DNA
2026-02-19_14-53-22.00 | INFO | Verifying the compilation of the conf.ini file for sample 2025030390_DNA
2026-02-19_14-53-22.02 | INFO | Verifying the compilation of the conf.ini file for sample 2025030799_DNA
2026-02-19_14-53-22.04 | INFO | Verifying the compilation of the conf.ini file for sample 2025030192_DNA
2026-02-19_14-53-22.06 | INFO | Verifying the compilation of the conf.ini file for sample 2025030609_DNA
2026-02-19_14-53-22.08 | INFO | Verifying the compilation of the conf.ini file for sample 2025030572_DNA
2026-02-19_14-53-22.11 | INFO | Verifying the compilation of the conf.ini file for sample 2026032446_DNA
2026-02-19_14-53-22.14 | INFO | Verifying the compilation of the conf.ini file for sample 2026032447_DNA
2026-02-19_14-53-22.17 | INFO | Verifying the compilation of the conf.ini file for sample 2026032448_DNA
2026-02-19_14-53-22.20 | INFO | Verifying the compilation of the conf.ini file for sample 2026032449_DNA
2026-02-19_14-53-22.23 | INFO | Verifying the compilation of the conf.ini file for sample 2026032451_DNA
2026-02-19_14-53-22.27 | INFO | Verifying the compilation of the conf.ini file for sample 2026032457_DNA
2026-02-19_14-53-22.31 | INFO | Verifying the compilation of the conf.ini file for sample 2026032459_DNA
2026-02-19_14-53-22.36 | INFO | Verifying the compilation of the conf.ini file for sample 2026032460_DNA
2026-02-19_14-53-22.40 | INFO | Verifying the compilation of the conf.ini file for sample 2026032461_DNA
2026-02-19_14-53-22.44 | INFO | Verifying the compilation of the conf.ini file for sample 2026032463_DNA
2026-02-19_14-53-22.49 | INFO | Verifying the compilation of the conf.ini file for sample 2026032464_DNA
2026-02-19_14-53-22.53 | INFO | Verifying the compilation of the conf.ini file for sample 2026032467_DNA
2026-02-19_14-53-22.56 | INFO | Verifying the compilation of the conf.ini file for sample 2026032468_DNA
2026-02-19_14-53-22.60 | INFO | Verifying the compilation of the conf.ini file for sample 2026032470_DNA
2026-02-19_14-53-22.62 | INFO | Verifying the compilation of the conf.ini file for sample 2026032777_DNA
2026-02-19_14-53-22.64 | INFO | Verifying the compilation of the conf.ini file for sample 2026032472_DNA
2026-02-19_14-53-22.67 | INFO | Verifying the compilation of the conf.ini file for sample 2026032568_DNA
2026-02-19_14-53-22.72 | INFO | Checking SNV files...
2026-02-19_14-53-22.72 | INFO | Everything ok!
2026-02-19_14-53-22.72 | INFO | Writing exonic_BRCA.txt file...
2026-02-19_14-53-22.74 | INFO | Managing SNV files...
2026-02-19_14-53-22.74 | INFO | Checking maf folder...
2026-02-19_14-53-22.78 | INFO | Starting vcf2maf conversion of /data/data_storage/novaseq_results/research/CbioPortal/Study/OTHER/test_v1/temp/SNV/2025030196_DNA.hard-filtered.bam... This may take several minutes (approx 5 minutes per sample).
2026-02-19_14-53-22.79 | INFO | args=['perl', '/data/data_storage/novaseq_results/research/CbioPortal/vep/bin/vcf2maf.pl', '--input-vcf', '/data/data_storage/novaseq_results/research/CbioPortal/Study/OTHER/test_v1/temp/SNV/2025030196_DNA.hard-filtered.vcf', '--vep-custom', '/data/data_storage/novaseq_results/research/CbioPortal/vep/ftp.ncbi.nlm.nih.gov/pub/clinvar/vcf_GRCh37/clinvar_20260201.vcf.gz,ClinVar,vcf,exact,0,CLNSIG', '--output-maf', '/data/data_storage/novaseq_results/research/CbioPortal/Study/OTHER/test_v1/maf/2025030196_DNA.hard-filtered.vcf.maf', '--ref-fasta', '/apps/trusight/2.2.0/resources/genomes/hg19_hardPAR/genome.fa', '--tmp-dir', 'scratch/dpjhczva3b', '--retain-fmt', 'GT,GQ,AD,DP,VF,AF', '--vep-path', '/data/data_storage/novaseq_results/research/CbioPortal/vep/bin', '--vep-data', '/data/data_storage/novaseq_results/research/CbioPortal/GRCh37/vep', '--tumor-id', '2025030196_DNA', '--cache-version', '115']
