2026-02-18_15-21-45.88 | INFO | 
__| |_______________________________________________________________________| |__
__   _______________________________________________________________________   __
  | |                                                                       | |
  | | █████   █████   █████████   ███████████     █████████   ██████   █████| |
  | |░░███   ░░███   ███░░░░░███ ░░███░░░░░███   ███░░░░░███ ░░██████ ░░███ | |
  | | ░███    ░███  ░███    ░███  ░███    ░███  ░███    ░███  ░███░███ ░███ | |
  | | ░███    ░███  ░███████████  ░██████████   ░███████████  ░███░░███░███ | |
  | | ░░███   ███   ░███░░░░░███  ░███░░░░░███  ░███░░░░░███  ░███ ░░██████ | |
  | |  ░░░█████░    ░███    ░███  ░███    ░███  ░███    ░███  ░███  ░░█████ | |
  | |    ░░███      █████   █████ █████   █████ █████   █████ █████  ░░█████| |
  | |     ░░░      ░░░░░   ░░░░░ ░░░░░   ░░░░░ ░░░░░   ░░░░░ ░░░░░    ░░░░░ | |
__| |_______________________________________________________________________| |__
__   _______________________________________________________________________   __
  | |                                                                       | |

2026-02-18_15-21-45.88 | INFO | Welcome to VARAN 🦎

2026-02-18_15-21-45.88 | INFO | Varan args [input:['/data/data_storage/novaseq_results/tmp/analysis_260214_A01423_0428_BHHFG7DRX7_HRD/260214_A01423_0428_BHHFG7DRX7-6c0f7d54-0fc9-45f1-ac82-158a7c797481_data_varan.tsv'], output_folder:/data/data_storage/novaseq_results/research/CbioPortal/Study/OTHER/test, filters:, cancer:mixed, oncoKB:False, analysis_type:cnv, overwrite_output:False, resume:False, multiple:False, update:False, extract:False, remove:False]
2026-02-18_15-21-45.88 | INFO | Starting preparation study folder
2026-02-18_15-21-45.88 | INFO | Starting walk_folder script:
2026-02-18_15-21-45.88 | INFO | walk_folder args [input:['/data/data_storage/novaseq_results/tmp/analysis_260214_A01423_0428_BHHFG7DRX7_HRD/260214_A01423_0428_BHHFG7DRX7-6c0f7d54-0fc9-45f1-ac82-158a7c797481_data_varan.tsv'], output_folder:/data/data_storage/novaseq_results/research/CbioPortal/Study/OTHER/test, overwrite:False, resume:False, vcf_type:cnv, filters:, multiple:False]
2026-02-18_15-21-45.90 | WARNING | It seems that a version of the folder '/data/data_storage/novaseq_results/research/CbioPortal/Study/OTHER/test' already exists.
2026-02-18_15-21-45.90 | INFO | 6 version(s) of the selected output folder found: ['test_v1', 'test_v2', 'test_v3', 'test_v4', 'test_v5', 'test_v6']
2026-02-18_15-21-45.90 | INFO | Creating the output folder '/data/data_storage/novaseq_results/research/CbioPortal/Study/OTHER/test_v7'...
2026-02-18_15-21-45.90 | INFO | The folder '/data/data_storage/novaseq_results/research/CbioPortal/Study/OTHER/test_v7' was correctly created!
2026-02-18_15-21-45.91 | INFO | Verifying the compilation of the conf.ini file for sample 2025030196_DNA
2026-02-18_15-21-45.94 | INFO | Verifying the compilation of the conf.ini file for sample 2026031399_DNA
2026-02-18_15-21-45.96 | INFO | Verifying the compilation of the conf.ini file for sample 2026031398_DNA
2026-02-18_15-21-45.98 | INFO | Verifying the compilation of the conf.ini file for sample 2025030568_DNA
2026-02-18_15-21-46.01 | INFO | Verifying the compilation of the conf.ini file for sample 2025030798_DNA
2026-02-18_15-21-46.03 | INFO | Verifying the compilation of the conf.ini file for sample 2025030616_DNA
2026-02-18_15-21-46.05 | INFO | Verifying the compilation of the conf.ini file for sample 2025030481_DNA
2026-02-18_15-21-46.08 | INFO | Verifying the compilation of the conf.ini file for sample 2025030105_DNA
2026-02-18_15-21-46.10 | INFO | Verifying the compilation of the conf.ini file for sample 2025030677_DNA
2026-02-18_15-21-46.12 | INFO | Verifying the compilation of the conf.ini file for sample 2025030390_DNA
2026-02-18_15-21-46.15 | INFO | Verifying the compilation of the conf.ini file for sample 2025030799_DNA
2026-02-18_15-21-46.17 | INFO | Verifying the compilation of the conf.ini file for sample 2025030192_DNA
2026-02-18_15-21-46.19 | INFO | Verifying the compilation of the conf.ini file for sample 2025030609_DNA
2026-02-18_15-21-46.21 | INFO | Verifying the compilation of the conf.ini file for sample 2025030572_DNA
2026-02-18_15-21-46.23 | INFO | Verifying the compilation of the conf.ini file for sample 2026032446_DNA
2026-02-18_15-21-46.52 | INFO | Verifying the compilation of the conf.ini file for sample 2026032447_DNA
2026-02-18_15-21-46.58 | INFO | Verifying the compilation of the conf.ini file for sample 2026032448_DNA
2026-02-18_15-21-46.63 | INFO | Verifying the compilation of the conf.ini file for sample 2026032449_DNA
2026-02-18_15-21-46.69 | INFO | Verifying the compilation of the conf.ini file for sample 2026032451_DNA
2026-02-18_15-21-46.76 | INFO | Verifying the compilation of the conf.ini file for sample 2026032457_DNA
2026-02-18_15-21-46.83 | INFO | Verifying the compilation of the conf.ini file for sample 2026032459_DNA
2026-02-18_15-21-46.92 | INFO | Verifying the compilation of the conf.ini file for sample 2026032460_DNA
2026-02-18_15-21-46.97 | INFO | Verifying the compilation of the conf.ini file for sample 2026032461_DNA
2026-02-18_15-21-47.01 | INFO | Verifying the compilation of the conf.ini file for sample 2026032463_DNA
2026-02-18_15-21-47.05 | INFO | Verifying the compilation of the conf.ini file for sample 2026032464_DNA
2026-02-18_15-21-47.09 | INFO | Verifying the compilation of the conf.ini file for sample 2026032467_DNA
2026-02-18_15-21-47.12 | INFO | Verifying the compilation of the conf.ini file for sample 2026032468_DNA
2026-02-18_15-21-47.16 | INFO | Verifying the compilation of the conf.ini file for sample 2026032470_DNA
2026-02-18_15-21-47.19 | INFO | Verifying the compilation of the conf.ini file for sample 2026032777_DNA
2026-02-18_15-21-47.21 | INFO | Verifying the compilation of the conf.ini file for sample 2026032472_DNA
2026-02-18_15-21-47.24 | INFO | Verifying the compilation of the conf.ini file for sample 2026032568_DNA
2026-02-18_15-21-47.29 | INFO | Checking CNV files...
2026-02-18_15-21-47.29 | INFO | Everything ok!
2026-02-18_15-21-47.29 | INFO | Everything ok!
2026-02-18_15-21-47.29 | INFO | Managing CNV files...
2026-02-18_15-21-47.56 | INFO | Checking data_cna_hg19.seg file...
2026-02-18_15-21-47.56 | INFO | Checking data_cna_hg19.seg.fc.txt file...
2026-02-18_15-21-47.57 | INFO | Writing data_cna_hg19.seg succefully completed!
2026-02-18_15-21-47.57 | INFO | Writing data_cna_hg19.seg.fc.txt succefully completed!
2026-02-18_15-21-47.57 | INFO | Starting CNA evaluation (this step could take a while)...
2026-02-18_15-21-47.60 | INFO | Analyzing cna sample(s)
2026-02-18_15-21-48.35 | INFO | Writing exonic_BRCA.txt file...
2026-02-18_15-21-48.36 | INFO | Clearing scratch folder...
2026-02-18_15-21-48.37 | INFO | Writing clinical files...
2026-02-18_15-21-48.37 | INFO | Writing data_clinical_patient.txt file...
2026-02-18_15-21-48.40 | INFO | Writing data_clinical_sample.txt file...
2026-02-18_15-21-48.44 | SUCCESS | Walk script completed!

2026-02-18_15-21-48.45 | INFO | Starting MAF filtering
2026-02-18_15-21-48.45 | INFO | It's time to create tables!
2026-02-18_15-21-48.45 | INFO | Starting meta_case_main script:
2026-02-18_15-21-48.45 | INFO | meta_case_main args [cancer:mixed, output_file:/data/data_storage/novaseq_results/research/CbioPortal/Study/OTHER/test_v7]
2026-02-18_15-21-48.45 | INFO | Creating case list folder...
2026-02-18_15-21-48.45 | INFO | Writing meta_study.txt file...
2026-02-18_15-21-48.45 | INFO | meta_study.txt created!
2026-02-18_15-21-48.45 | INFO | Writing meta_clinical_patient.txt file...
2026-02-18_15-21-48.45 | INFO | meta_clinical_patient.txt created!
2026-02-18_15-21-48.45 | INFO | Writing meta_clinical_sample.txt file...
2026-02-18_15-21-48.45 | INFO | meta_clinical_sample.txt created!
2026-02-18_15-21-48.45 | INFO | Writing meta_cna.txt file...
2026-02-18_15-21-48.45 | INFO | meta_cna.txt created!
2026-02-18_15-21-48.45 | INFO | Writing meta_cna_hg19_seg.txt file...
2026-02-18_15-21-48.45 | INFO | meta_cna_hg19.txt created!
2026-02-18_15-21-48.45 | WARNING | data_mutations_extended.txt file not found, not writing cases_sequenced.txt!
2026-02-18_15-21-48.46 | WARNING | data_sv.txt file not found, not writing cases_sv.txt!
2026-02-18_15-21-48.46 | SUCCESS | Make_meta_and_cases script completed!

2026-02-18_15-21-48.46 | INFO | Starting validation...
2026-02-18_15-21-48.46 | WARNING | Missing file(s) for Fusion from /data/data_storage/novaseq_results/research/CbioPortal/Study/OTHER/test_v7:
2026-02-18_15-21-48.46 | WARNING | - case_lists/cases_sv.txt
2026-02-18_15-21-48.46 | WARNING | - data_sv.txt
2026-02-18_15-21-48.46 | WARNING | - meta_sv.txt
2026-02-18_15-21-48.46 | WARNING | Missing file(s) for SNV from /data/data_storage/novaseq_results/research/CbioPortal/Study/OTHER/test_v7:
2026-02-18_15-21-48.46 | WARNING | - case_lists/cases_sequenced.txt
2026-02-18_15-21-48.46 | WARNING | - data_mutations_extended.txt
2026-02-18_15-21-48.46 | WARNING | - meta_mutations_extended.txt
2026-02-18_15-21-48.46 | INFO | Starting validation... 
2026-02-18_15-21-48.46 | WARNING | Warning: succeeding files may still fail to load (correctly).
2026-02-18_15-21-48.90 | WARNING | Validation of study succeeded with warnings. Check the report file in the study folder for details!
2026-02-18_15-21-50.32 | SUCCESS | The study is ready to be uploaded on cBioportal
