2026-02-19_14-49-29.01 | INFO | 
__| |_______________________________________________________________________| |__
__   _______________________________________________________________________   __
  | |                                                                       | |
  | | █████   █████   █████████   ███████████     █████████   ██████   █████| |
  | |░░███   ░░███   ███░░░░░███ ░░███░░░░░███   ███░░░░░███ ░░██████ ░░███ | |
  | | ░███    ░███  ░███    ░███  ░███    ░███  ░███    ░███  ░███░███ ░███ | |
  | | ░███    ░███  ░███████████  ░██████████   ░███████████  ░███░░███░███ | |
  | | ░░███   ███   ░███░░░░░███  ░███░░░░░███  ░███░░░░░███  ░███ ░░██████ | |
  | |  ░░░█████░    ░███    ░███  ░███    ░███  ░███    ░███  ░███  ░░█████ | |
  | |    ░░███      █████   █████ █████   █████ █████   █████ █████  ░░█████| |
  | |     ░░░      ░░░░░   ░░░░░ ░░░░░   ░░░░░ ░░░░░   ░░░░░ ░░░░░    ░░░░░ | |
__| |_______________________________________________________________________| |__
__   _______________________________________________________________________   __
  | |                                                                       | |

2026-02-19_14-49-29.01 | INFO | Welcome to VARAN 🦎

2026-02-19_14-49-29.01 | INFO | Varan args [input:['/data/data_storage/novaseq_results/tmp/analysis_260214_A01423_0428_BHHFG7DRX7_HRD/260214_A01423_0428_BHHFG7DRX7-6c0f7d54-0fc9-45f1-ac82-158a7c797481_data_varan.tsv'], output_folder:/data/data_storage/novaseq_results/research/CbioPortal/Study/OTHER/test, filters:, cancer:mixed, oncoKB:False, analysis_type:snv, overwrite_output:False, resume:False, multiple:False, update:False, extract:False, remove:False]
2026-02-19_14-49-29.01 | INFO | Starting preparation study folder
2026-02-19_14-49-29.01 | INFO | Starting walk_folder script:
2026-02-19_14-49-29.02 | INFO | walk_folder args [input:['/data/data_storage/novaseq_results/tmp/analysis_260214_A01423_0428_BHHFG7DRX7_HRD/260214_A01423_0428_BHHFG7DRX7-6c0f7d54-0fc9-45f1-ac82-158a7c797481_data_varan.tsv'], output_folder:/data/data_storage/novaseq_results/research/CbioPortal/Study/OTHER/test, overwrite:False, resume:False, vcf_type:snv, filters:, multiple:False]
2026-02-19_14-49-29.02 | WARNING | It seems that a version of the folder '/data/data_storage/novaseq_results/research/CbioPortal/Study/OTHER/test' already exists.
2026-02-19_14-49-29.02 | INFO | 1 version(s) of the selected output folder found: ['test_v1']
2026-02-19_14-49-29.02 | INFO | Creating the output folder '/data/data_storage/novaseq_results/research/CbioPortal/Study/OTHER/test_v2'...
2026-02-19_14-49-29.02 | INFO | The folder '/data/data_storage/novaseq_results/research/CbioPortal/Study/OTHER/test_v2' was correctly created!
2026-02-19_14-49-29.03 | INFO | Verifying the compilation of the conf.ini file for sample 2025030196_DNA
2026-02-19_14-49-29.07 | INFO | Verifying the compilation of the conf.ini file for sample 2026031399_DNA
2026-02-19_14-49-29.09 | INFO | Verifying the compilation of the conf.ini file for sample 2026031398_DNA
2026-02-19_14-49-29.11 | INFO | Verifying the compilation of the conf.ini file for sample 2025030568_DNA
2026-02-19_14-49-29.13 | INFO | Verifying the compilation of the conf.ini file for sample 2025030798_DNA
2026-02-19_14-49-29.15 | INFO | Verifying the compilation of the conf.ini file for sample 2025030616_DNA
2026-02-19_14-49-29.17 | INFO | Verifying the compilation of the conf.ini file for sample 2025030481_DNA
2026-02-19_14-49-29.19 | INFO | Verifying the compilation of the conf.ini file for sample 2025030105_DNA
2026-02-19_14-49-29.21 | INFO | Verifying the compilation of the conf.ini file for sample 2025030677_DNA
2026-02-19_14-49-29.23 | INFO | Verifying the compilation of the conf.ini file for sample 2025030390_DNA
2026-02-19_14-49-29.26 | INFO | Verifying the compilation of the conf.ini file for sample 2025030799_DNA
2026-02-19_14-49-29.28 | INFO | Verifying the compilation of the conf.ini file for sample 2025030192_DNA
2026-02-19_14-49-29.29 | INFO | Verifying the compilation of the conf.ini file for sample 2025030609_DNA
2026-02-19_14-49-29.31 | INFO | Verifying the compilation of the conf.ini file for sample 2025030572_DNA
2026-02-19_14-49-29.33 | INFO | Verifying the compilation of the conf.ini file for sample 2026032446_DNA
2026-02-19_14-49-29.37 | INFO | Verifying the compilation of the conf.ini file for sample 2026032447_DNA
2026-02-19_14-49-29.39 | INFO | Verifying the compilation of the conf.ini file for sample 2026032448_DNA
2026-02-19_14-49-29.42 | INFO | Verifying the compilation of the conf.ini file for sample 2026032449_DNA
2026-02-19_14-49-29.45 | INFO | Verifying the compilation of the conf.ini file for sample 2026032451_DNA
2026-02-19_14-49-29.49 | INFO | Verifying the compilation of the conf.ini file for sample 2026032457_DNA
2026-02-19_14-49-29.53 | INFO | Verifying the compilation of the conf.ini file for sample 2026032459_DNA
2026-02-19_14-49-29.58 | INFO | Verifying the compilation of the conf.ini file for sample 2026032460_DNA
2026-02-19_14-49-29.61 | INFO | Verifying the compilation of the conf.ini file for sample 2026032461_DNA
2026-02-19_14-49-29.65 | INFO | Verifying the compilation of the conf.ini file for sample 2026032463_DNA
2026-02-19_14-49-29.70 | INFO | Verifying the compilation of the conf.ini file for sample 2026032464_DNA
2026-02-19_14-49-29.73 | INFO | Verifying the compilation of the conf.ini file for sample 2026032467_DNA
2026-02-19_14-49-29.78 | INFO | Verifying the compilation of the conf.ini file for sample 2026032468_DNA
2026-02-19_14-49-29.81 | INFO | Verifying the compilation of the conf.ini file for sample 2026032470_DNA
2026-02-19_14-49-29.85 | INFO | Verifying the compilation of the conf.ini file for sample 2026032777_DNA
2026-02-19_14-49-29.87 | INFO | Verifying the compilation of the conf.ini file for sample 2026032472_DNA
2026-02-19_14-49-29.89 | INFO | Verifying the compilation of the conf.ini file for sample 2026032568_DNA
2026-02-19_14-49-29.95 | INFO | Checking SNV files...
2026-02-19_14-49-29.95 | INFO | Everything ok!
2026-02-19_14-49-29.95 | INFO | Writing exonic_BRCA.txt file...
2026-02-19_14-49-29.97 | INFO | Managing SNV files...
2026-02-19_14-49-29.97 | INFO | Checking maf folder...
2026-02-19_14-49-30.10 | INFO | Starting vcf2maf conversion of /data/data_storage/novaseq_results/research/CbioPortal/Study/OTHER/test_v2/temp/SNV/2025030196_DNA.hard-filtered.bam... This may take several minutes (approx 5 minutes per sample).
2026-02-19_14-49-30.10 | INFO | args=['perl', '/data/data_storage/novaseq_results/research/CbioPortal/vep/bin/vcf2maf.pl', '--input-vcf', '/data/data_storage/novaseq_results/research/CbioPortal/Study/OTHER/test_v2/temp/SNV/2025030196_DNA.hard-filtered.vcf', '--vep-custom', '/data/data_storage/novaseq_results/research/CbioPortal/vep/ftp.ncbi.nlm.nih.gov/pub/clinvar/vcf_GRCh37/clinvar_20260201.vcf.gz,ClinVar,vcf,exact,0,CLNSIG', '--output-maf', '/data/data_storage/novaseq_results/research/CbioPortal/Study/OTHER/test_v2/maf/2025030196_DNA.hard-filtered.vcf.maf', '--ref-fasta', '/apps/trusight/2.2.0/resources/genomes/hg19_hardPAR/genome.fa', '--tmp-dir', 'scratch/66k5bk7o69', '--retain-fmt', 'GT,GQ,AD,DP,VF,AF', '--vep-path', '/data/data_storage/research/Multiomics/condaEnvs/vep115/bin/vep', '--vep-data', '/data/data_storage/novaseq_results/research/CbioPortal/GRCh37/vep', '--tumor-id', '2025030196_DNA', '--cache-version', '115']
2026-02-19_14-49-31.99 | ERROR | STATUS: Running VEP and writing to: scratch/66k5bk7o69/2025030196_DNA.hard-filtered.vep.vcf
Cannot find VEP script under: /data/data_storage/research/Multiomics/condaEnvs/vep115/bin/vep

2026-02-19_14-49-32.03 | INFO | Starting vcf2maf conversion of /data/data_storage/novaseq_results/research/CbioPortal/Study/OTHER/test_v2/temp/SNV/2026031399_DNA.hard-filtered.bam... This may take several minutes (approx 5 minutes per sample).
2026-02-19_14-49-32.03 | INFO | args=['perl', '/data/data_storage/novaseq_results/research/CbioPortal/vep/bin/vcf2maf.pl', '--input-vcf', '/data/data_storage/novaseq_results/research/CbioPortal/Study/OTHER/test_v2/temp/SNV/2026031399_DNA.hard-filtered.vcf', '--vep-custom', '/data/data_storage/novaseq_results/research/CbioPortal/vep/ftp.ncbi.nlm.nih.gov/pub/clinvar/vcf_GRCh37/clinvar_20260201.vcf.gz,ClinVar,vcf,exact,0,CLNSIG', '--output-maf', '/data/data_storage/novaseq_results/research/CbioPortal/Study/OTHER/test_v2/maf/2026031399_DNA.hard-filtered.vcf.maf', '--ref-fasta', '/apps/trusight/2.2.0/resources/genomes/hg19_hardPAR/genome.fa', '--tmp-dir', 'scratch/66k5bk7o69', '--retain-fmt', 'GT,GQ,AD,DP,VF,AF', '--vep-path', '/data/data_storage/research/Multiomics/condaEnvs/vep115/bin/vep', '--vep-data', '/data/data_storage/novaseq_results/research/CbioPortal/GRCh37/vep', '--tumor-id', '2026031399_DNA', '--cache-version', '115']
2026-02-19_14-49-32.94 | ERROR | STATUS: Running VEP and writing to: scratch/66k5bk7o69/2026031399_DNA.hard-filtered.vep.vcf
Cannot find VEP script under: /data/data_storage/research/Multiomics/condaEnvs/vep115/bin/vep

2026-02-19_14-49-32.98 | INFO | Starting vcf2maf conversion of /data/data_storage/novaseq_results/research/CbioPortal/Study/OTHER/test_v2/temp/SNV/2026031398_DNA.hard-filtered.bam... This may take several minutes (approx 5 minutes per sample).
2026-02-19_14-49-32.98 | INFO | args=['perl', '/data/data_storage/novaseq_results/research/CbioPortal/vep/bin/vcf2maf.pl', '--input-vcf', '/data/data_storage/novaseq_results/research/CbioPortal/Study/OTHER/test_v2/temp/SNV/2026031398_DNA.hard-filtered.vcf', '--vep-custom', '/data/data_storage/novaseq_results/research/CbioPortal/vep/ftp.ncbi.nlm.nih.gov/pub/clinvar/vcf_GRCh37/clinvar_20260201.vcf.gz,ClinVar,vcf,exact,0,CLNSIG', '--output-maf', '/data/data_storage/novaseq_results/research/CbioPortal/Study/OTHER/test_v2/maf/2026031398_DNA.hard-filtered.vcf.maf', '--ref-fasta', '/apps/trusight/2.2.0/resources/genomes/hg19_hardPAR/genome.fa', '--tmp-dir', 'scratch/66k5bk7o69', '--retain-fmt', 'GT,GQ,AD,DP,VF,AF', '--vep-path', '/data/data_storage/research/Multiomics/condaEnvs/vep115/bin/vep', '--vep-data', '/data/data_storage/novaseq_results/research/CbioPortal/GRCh37/vep', '--tumor-id', '2026031398_DNA', '--cache-version', '115']
2026-02-19_14-49-33.59 | ERROR | STATUS: Running VEP and writing to: scratch/66k5bk7o69/2026031398_DNA.hard-filtered.vep.vcf
Cannot find VEP script under: /data/data_storage/research/Multiomics/condaEnvs/vep115/bin/vep

2026-02-19_14-49-33.63 | INFO | Starting vcf2maf conversion of /data/data_storage/novaseq_results/research/CbioPortal/Study/OTHER/test_v2/temp/SNV/2025030568_DNA.hard-filtered.bam... This may take several minutes (approx 5 minutes per sample).
2026-02-19_14-49-33.63 | INFO | args=['perl', '/data/data_storage/novaseq_results/research/CbioPortal/vep/bin/vcf2maf.pl', '--input-vcf', '/data/data_storage/novaseq_results/research/CbioPortal/Study/OTHER/test_v2/temp/SNV/2025030568_DNA.hard-filtered.vcf', '--vep-custom', '/data/data_storage/novaseq_results/research/CbioPortal/vep/ftp.ncbi.nlm.nih.gov/pub/clinvar/vcf_GRCh37/clinvar_20260201.vcf.gz,ClinVar,vcf,exact,0,CLNSIG', '--output-maf', '/data/data_storage/novaseq_results/research/CbioPortal/Study/OTHER/test_v2/maf/2025030568_DNA.hard-filtered.vcf.maf', '--ref-fasta', '/apps/trusight/2.2.0/resources/genomes/hg19_hardPAR/genome.fa', '--tmp-dir', 'scratch/66k5bk7o69', '--retain-fmt', 'GT,GQ,AD,DP,VF,AF', '--vep-path', '/data/data_storage/research/Multiomics/condaEnvs/vep115/bin/vep', '--vep-data', '/data/data_storage/novaseq_results/research/CbioPortal/GRCh37/vep', '--tumor-id', '2025030568_DNA', '--cache-version', '115']
2026-02-19_14-49-33.92 | ERROR | STATUS: Running VEP and writing to: scratch/66k5bk7o69/2025030568_DNA.hard-filtered.vep.vcf
Cannot find VEP script under: /data/data_storage/research/Multiomics/condaEnvs/vep115/bin/vep

2026-02-19_14-49-33.96 | INFO | Starting vcf2maf conversion of /data/data_storage/novaseq_results/research/CbioPortal/Study/OTHER/test_v2/temp/SNV/2025030798_DNA.hard-filtered.bam... This may take several minutes (approx 5 minutes per sample).
2026-02-19_14-49-33.96 | INFO | args=['perl', '/data/data_storage/novaseq_results/research/CbioPortal/vep/bin/vcf2maf.pl', '--input-vcf', '/data/data_storage/novaseq_results/research/CbioPortal/Study/OTHER/test_v2/temp/SNV/2025030798_DNA.hard-filtered.vcf', '--vep-custom', '/data/data_storage/novaseq_results/research/CbioPortal/vep/ftp.ncbi.nlm.nih.gov/pub/clinvar/vcf_GRCh37/clinvar_20260201.vcf.gz,ClinVar,vcf,exact,0,CLNSIG', '--output-maf', '/data/data_storage/novaseq_results/research/CbioPortal/Study/OTHER/test_v2/maf/2025030798_DNA.hard-filtered.vcf.maf', '--ref-fasta', '/apps/trusight/2.2.0/resources/genomes/hg19_hardPAR/genome.fa', '--tmp-dir', 'scratch/66k5bk7o69', '--retain-fmt', 'GT,GQ,AD,DP,VF,AF', '--vep-path', '/data/data_storage/research/Multiomics/condaEnvs/vep115/bin/vep', '--vep-data', '/data/data_storage/novaseq_results/research/CbioPortal/GRCh37/vep', '--tumor-id', '2025030798_DNA', '--cache-version', '115']
2026-02-19_14-49-34.31 | ERROR | STATUS: Running VEP and writing to: scratch/66k5bk7o69/2025030798_DNA.hard-filtered.vep.vcf
Cannot find VEP script under: /data/data_storage/research/Multiomics/condaEnvs/vep115/bin/vep

2026-02-19_14-49-34.35 | INFO | Starting vcf2maf conversion of /data/data_storage/novaseq_results/research/CbioPortal/Study/OTHER/test_v2/temp/SNV/2025030616_DNA.hard-filtered.bam... This may take several minutes (approx 5 minutes per sample).
2026-02-19_14-49-34.35 | INFO | args=['perl', '/data/data_storage/novaseq_results/research/CbioPortal/vep/bin/vcf2maf.pl', '--input-vcf', '/data/data_storage/novaseq_results/research/CbioPortal/Study/OTHER/test_v2/temp/SNV/2025030616_DNA.hard-filtered.vcf', '--vep-custom', '/data/data_storage/novaseq_results/research/CbioPortal/vep/ftp.ncbi.nlm.nih.gov/pub/clinvar/vcf_GRCh37/clinvar_20260201.vcf.gz,ClinVar,vcf,exact,0,CLNSIG', '--output-maf', '/data/data_storage/novaseq_results/research/CbioPortal/Study/OTHER/test_v2/maf/2025030616_DNA.hard-filtered.vcf.maf', '--ref-fasta', '/apps/trusight/2.2.0/resources/genomes/hg19_hardPAR/genome.fa', '--tmp-dir', 'scratch/66k5bk7o69', '--retain-fmt', 'GT,GQ,AD,DP,VF,AF', '--vep-path', '/data/data_storage/research/Multiomics/condaEnvs/vep115/bin/vep', '--vep-data', '/data/data_storage/novaseq_results/research/CbioPortal/GRCh37/vep', '--tumor-id', '2025030616_DNA', '--cache-version', '115']
2026-02-19_14-49-34.55 | ERROR | STATUS: Running VEP and writing to: scratch/66k5bk7o69/2025030616_DNA.hard-filtered.vep.vcf
Cannot find VEP script under: /data/data_storage/research/Multiomics/condaEnvs/vep115/bin/vep

2026-02-19_14-49-34.59 | INFO | Starting vcf2maf conversion of /data/data_storage/novaseq_results/research/CbioPortal/Study/OTHER/test_v2/temp/SNV/2025030481_DNA.hard-filtered.bam... This may take several minutes (approx 5 minutes per sample).
2026-02-19_14-49-34.60 | INFO | args=['perl', '/data/data_storage/novaseq_results/research/CbioPortal/vep/bin/vcf2maf.pl', '--input-vcf', '/data/data_storage/novaseq_results/research/CbioPortal/Study/OTHER/test_v2/temp/SNV/2025030481_DNA.hard-filtered.vcf', '--vep-custom', '/data/data_storage/novaseq_results/research/CbioPortal/vep/ftp.ncbi.nlm.nih.gov/pub/clinvar/vcf_GRCh37/clinvar_20260201.vcf.gz,ClinVar,vcf,exact,0,CLNSIG', '--output-maf', '/data/data_storage/novaseq_results/research/CbioPortal/Study/OTHER/test_v2/maf/2025030481_DNA.hard-filtered.vcf.maf', '--ref-fasta', '/apps/trusight/2.2.0/resources/genomes/hg19_hardPAR/genome.fa', '--tmp-dir', 'scratch/66k5bk7o69', '--retain-fmt', 'GT,GQ,AD,DP,VF,AF', '--vep-path', '/data/data_storage/research/Multiomics/condaEnvs/vep115/bin/vep', '--vep-data', '/data/data_storage/novaseq_results/research/CbioPortal/GRCh37/vep', '--tumor-id', '2025030481_DNA', '--cache-version', '115']
2026-02-19_14-49-34.81 | ERROR | STATUS: Running VEP and writing to: scratch/66k5bk7o69/2025030481_DNA.hard-filtered.vep.vcf
Cannot find VEP script under: /data/data_storage/research/Multiomics/condaEnvs/vep115/bin/vep

2026-02-19_14-49-34.85 | INFO | Starting vcf2maf conversion of /data/data_storage/novaseq_results/research/CbioPortal/Study/OTHER/test_v2/temp/SNV/2025030105_DNA.hard-filtered.bam... This may take several minutes (approx 5 minutes per sample).
2026-02-19_14-49-34.85 | INFO | args=['perl', '/data/data_storage/novaseq_results/research/CbioPortal/vep/bin/vcf2maf.pl', '--input-vcf', '/data/data_storage/novaseq_results/research/CbioPortal/Study/OTHER/test_v2/temp/SNV/2025030105_DNA.hard-filtered.vcf', '--vep-custom', '/data/data_storage/novaseq_results/research/CbioPortal/vep/ftp.ncbi.nlm.nih.gov/pub/clinvar/vcf_GRCh37/clinvar_20260201.vcf.gz,ClinVar,vcf,exact,0,CLNSIG', '--output-maf', '/data/data_storage/novaseq_results/research/CbioPortal/Study/OTHER/test_v2/maf/2025030105_DNA.hard-filtered.vcf.maf', '--ref-fasta', '/apps/trusight/2.2.0/resources/genomes/hg19_hardPAR/genome.fa', '--tmp-dir', 'scratch/66k5bk7o69', '--retain-fmt', 'GT,GQ,AD,DP,VF,AF', '--vep-path', '/data/data_storage/research/Multiomics/condaEnvs/vep115/bin/vep', '--vep-data', '/data/data_storage/novaseq_results/research/CbioPortal/GRCh37/vep', '--tumor-id', '2025030105_DNA', '--cache-version', '115']
2026-02-19_14-49-35.03 | ERROR | STATUS: Running VEP and writing to: scratch/66k5bk7o69/2025030105_DNA.hard-filtered.vep.vcf
Cannot find VEP script under: /data/data_storage/research/Multiomics/condaEnvs/vep115/bin/vep

2026-02-19_14-49-35.07 | INFO | Starting vcf2maf conversion of /data/data_storage/novaseq_results/research/CbioPortal/Study/OTHER/test_v2/temp/SNV/2025030677_DNA.hard-filtered.bam... This may take several minutes (approx 5 minutes per sample).
2026-02-19_14-49-35.07 | INFO | args=['perl', '/data/data_storage/novaseq_results/research/CbioPortal/vep/bin/vcf2maf.pl', '--input-vcf', '/data/data_storage/novaseq_results/research/CbioPortal/Study/OTHER/test_v2/temp/SNV/2025030677_DNA.hard-filtered.vcf', '--vep-custom', '/data/data_storage/novaseq_results/research/CbioPortal/vep/ftp.ncbi.nlm.nih.gov/pub/clinvar/vcf_GRCh37/clinvar_20260201.vcf.gz,ClinVar,vcf,exact,0,CLNSIG', '--output-maf', '/data/data_storage/novaseq_results/research/CbioPortal/Study/OTHER/test_v2/maf/2025030677_DNA.hard-filtered.vcf.maf', '--ref-fasta', '/apps/trusight/2.2.0/resources/genomes/hg19_hardPAR/genome.fa', '--tmp-dir', 'scratch/66k5bk7o69', '--retain-fmt', 'GT,GQ,AD,DP,VF,AF', '--vep-path', '/data/data_storage/research/Multiomics/condaEnvs/vep115/bin/vep', '--vep-data', '/data/data_storage/novaseq_results/research/CbioPortal/GRCh37/vep', '--tumor-id', '2025030677_DNA', '--cache-version', '115']
2026-02-19_14-49-35.23 | ERROR | STATUS: Running VEP and writing to: scratch/66k5bk7o69/2025030677_DNA.hard-filtered.vep.vcf
Cannot find VEP script under: /data/data_storage/research/Multiomics/condaEnvs/vep115/bin/vep

2026-02-19_14-49-35.27 | INFO | Starting vcf2maf conversion of /data/data_storage/novaseq_results/research/CbioPortal/Study/OTHER/test_v2/temp/SNV/2025030390_DNA.hard-filtered.bam... This may take several minutes (approx 5 minutes per sample).
2026-02-19_14-49-35.27 | INFO | args=['perl', '/data/data_storage/novaseq_results/research/CbioPortal/vep/bin/vcf2maf.pl', '--input-vcf', '/data/data_storage/novaseq_results/research/CbioPortal/Study/OTHER/test_v2/temp/SNV/2025030390_DNA.hard-filtered.vcf', '--vep-custom', '/data/data_storage/novaseq_results/research/CbioPortal/vep/ftp.ncbi.nlm.nih.gov/pub/clinvar/vcf_GRCh37/clinvar_20260201.vcf.gz,ClinVar,vcf,exact,0,CLNSIG', '--output-maf', '/data/data_storage/novaseq_results/research/CbioPortal/Study/OTHER/test_v2/maf/2025030390_DNA.hard-filtered.vcf.maf', '--ref-fasta', '/apps/trusight/2.2.0/resources/genomes/hg19_hardPAR/genome.fa', '--tmp-dir', 'scratch/66k5bk7o69', '--retain-fmt', 'GT,GQ,AD,DP,VF,AF', '--vep-path', '/data/data_storage/research/Multiomics/condaEnvs/vep115/bin/vep', '--vep-data', '/data/data_storage/novaseq_results/research/CbioPortal/GRCh37/vep', '--tumor-id', '2025030390_DNA', '--cache-version', '115']
2026-02-19_14-49-35.59 | ERROR | STATUS: Running VEP and writing to: scratch/66k5bk7o69/2025030390_DNA.hard-filtered.vep.vcf
Cannot find VEP script under: /data/data_storage/research/Multiomics/condaEnvs/vep115/bin/vep

2026-02-19_14-49-35.63 | INFO | Starting vcf2maf conversion of /data/data_storage/novaseq_results/research/CbioPortal/Study/OTHER/test_v2/temp/SNV/2025030799_DNA.hard-filtered.bam... This may take several minutes (approx 5 minutes per sample).
2026-02-19_14-49-35.63 | INFO | args=['perl', '/data/data_storage/novaseq_results/research/CbioPortal/vep/bin/vcf2maf.pl', '--input-vcf', '/data/data_storage/novaseq_results/research/CbioPortal/Study/OTHER/test_v2/temp/SNV/2025030799_DNA.hard-filtered.vcf', '--vep-custom', '/data/data_storage/novaseq_results/research/CbioPortal/vep/ftp.ncbi.nlm.nih.gov/pub/clinvar/vcf_GRCh37/clinvar_20260201.vcf.gz,ClinVar,vcf,exact,0,CLNSIG', '--output-maf', '/data/data_storage/novaseq_results/research/CbioPortal/Study/OTHER/test_v2/maf/2025030799_DNA.hard-filtered.vcf.maf', '--ref-fasta', '/apps/trusight/2.2.0/resources/genomes/hg19_hardPAR/genome.fa', '--tmp-dir', 'scratch/66k5bk7o69', '--retain-fmt', 'GT,GQ,AD,DP,VF,AF', '--vep-path', '/data/data_storage/research/Multiomics/condaEnvs/vep115/bin/vep', '--vep-data', '/data/data_storage/novaseq_results/research/CbioPortal/GRCh37/vep', '--tumor-id', '2025030799_DNA', '--cache-version', '115']
2026-02-19_14-49-35.79 | ERROR | STATUS: Running VEP and writing to: scratch/66k5bk7o69/2025030799_DNA.hard-filtered.vep.vcf
Cannot find VEP script under: /data/data_storage/research/Multiomics/condaEnvs/vep115/bin/vep

2026-02-19_14-49-35.83 | INFO | Starting vcf2maf conversion of /data/data_storage/novaseq_results/research/CbioPortal/Study/OTHER/test_v2/temp/SNV/2025030192_DNA.hard-filtered.bam... This may take several minutes (approx 5 minutes per sample).
2026-02-19_14-49-35.83 | INFO | args=['perl', '/data/data_storage/novaseq_results/research/CbioPortal/vep/bin/vcf2maf.pl', '--input-vcf', '/data/data_storage/novaseq_results/research/CbioPortal/Study/OTHER/test_v2/temp/SNV/2025030192_DNA.hard-filtered.vcf', '--vep-custom', '/data/data_storage/novaseq_results/research/CbioPortal/vep/ftp.ncbi.nlm.nih.gov/pub/clinvar/vcf_GRCh37/clinvar_20260201.vcf.gz,ClinVar,vcf,exact,0,CLNSIG', '--output-maf', '/data/data_storage/novaseq_results/research/CbioPortal/Study/OTHER/test_v2/maf/2025030192_DNA.hard-filtered.vcf.maf', '--ref-fasta', '/apps/trusight/2.2.0/resources/genomes/hg19_hardPAR/genome.fa', '--tmp-dir', 'scratch/66k5bk7o69', '--retain-fmt', 'GT,GQ,AD,DP,VF,AF', '--vep-path', '/data/data_storage/research/Multiomics/condaEnvs/vep115/bin/vep', '--vep-data', '/data/data_storage/novaseq_results/research/CbioPortal/GRCh37/vep', '--tumor-id', '2025030192_DNA', '--cache-version', '115']
