2026-02-19_15-07-18.00 | INFO | 
__| |_______________________________________________________________________| |__
__   _______________________________________________________________________   __
  | |                                                                       | |
  | | █████   █████   █████████   ███████████     █████████   ██████   █████| |
  | |░░███   ░░███   ███░░░░░███ ░░███░░░░░███   ███░░░░░███ ░░██████ ░░███ | |
  | | ░███    ░███  ░███    ░███  ░███    ░███  ░███    ░███  ░███░███ ░███ | |
  | | ░███    ░███  ░███████████  ░██████████   ░███████████  ░███░░███░███ | |
  | | ░░███   ███   ░███░░░░░███  ░███░░░░░███  ░███░░░░░███  ░███ ░░██████ | |
  | |  ░░░█████░    ░███    ░███  ░███    ░███  ░███    ░███  ░███  ░░█████ | |
  | |    ░░███      █████   █████ █████   █████ █████   █████ █████  ░░█████| |
  | |     ░░░      ░░░░░   ░░░░░ ░░░░░   ░░░░░ ░░░░░   ░░░░░ ░░░░░    ░░░░░ | |
__| |_______________________________________________________________________| |__
__   _______________________________________________________________________   __
  | |                                                                       | |

2026-02-19_15-07-18.00 | INFO | Welcome to VARAN 🦎

2026-02-19_15-07-18.00 | INFO | Varan args [input:['/data/data_storage/novaseq_results/tmp/analysis_260214_A01423_0428_BHHFG7DRX7_HRD/260214_A01423_0428_BHHFG7DRX7-6c0f7d54-0fc9-45f1-ac82-158a7c797481_data_varan.tsv'], output_folder:/data/data_storage/novaseq_results/research/CbioPortal/Study/OTHER/test, filters:, cancer:mixed, oncoKB:False, analysis_type:cnv, overwrite_output:False, resume:False, multiple:False, update:False, extract:False, remove:False]
2026-02-19_15-07-18.00 | INFO | Starting preparation study folder
2026-02-19_15-07-18.00 | INFO | Starting walk_folder script:
2026-02-19_15-07-18.00 | INFO | walk_folder args [input:['/data/data_storage/novaseq_results/tmp/analysis_260214_A01423_0428_BHHFG7DRX7_HRD/260214_A01423_0428_BHHFG7DRX7-6c0f7d54-0fc9-45f1-ac82-158a7c797481_data_varan.tsv'], output_folder:/data/data_storage/novaseq_results/research/CbioPortal/Study/OTHER/test, overwrite:False, resume:False, vcf_type:cnv, filters:, multiple:False]
2026-02-19_15-07-18.01 | INFO | Creating the output folder '/data/data_storage/novaseq_results/research/CbioPortal/Study/OTHER/test_v1'...
2026-02-19_15-07-18.01 | INFO | The folder '/data/data_storage/novaseq_results/research/CbioPortal/Study/OTHER/test_v1' was correctly created!
2026-02-19_15-07-18.02 | INFO | Verifying the compilation of the conf.ini file for sample 2025030196_DNA
2026-02-19_15-07-18.04 | INFO | Verifying the compilation of the conf.ini file for sample 2026031399_DNA
2026-02-19_15-07-18.06 | INFO | Verifying the compilation of the conf.ini file for sample 2026031398_DNA
2026-02-19_15-07-18.08 | INFO | Verifying the compilation of the conf.ini file for sample 2025030568_DNA
2026-02-19_15-07-18.10 | INFO | Verifying the compilation of the conf.ini file for sample 2025030798_DNA
2026-02-19_15-07-18.12 | INFO | Verifying the compilation of the conf.ini file for sample 2025030616_DNA
2026-02-19_15-07-18.14 | INFO | Verifying the compilation of the conf.ini file for sample 2025030481_DNA
2026-02-19_15-07-18.16 | INFO | Verifying the compilation of the conf.ini file for sample 2025030105_DNA
2026-02-19_15-07-18.18 | INFO | Verifying the compilation of the conf.ini file for sample 2025030677_DNA
2026-02-19_15-07-18.20 | INFO | Verifying the compilation of the conf.ini file for sample 2025030390_DNA
2026-02-19_15-07-18.22 | INFO | Verifying the compilation of the conf.ini file for sample 2025030799_DNA
2026-02-19_15-07-18.23 | INFO | Verifying the compilation of the conf.ini file for sample 2025030192_DNA
2026-02-19_15-07-18.25 | INFO | Verifying the compilation of the conf.ini file for sample 2025030609_DNA
2026-02-19_15-07-18.27 | INFO | Verifying the compilation of the conf.ini file for sample 2025030572_DNA
2026-02-19_15-07-18.29 | INFO | Verifying the compilation of the conf.ini file for sample 2026032446_DNA
2026-02-19_15-07-18.32 | INFO | Verifying the compilation of the conf.ini file for sample 2026032447_DNA
2026-02-19_15-07-18.35 | INFO | Verifying the compilation of the conf.ini file for sample 2026032448_DNA
2026-02-19_15-07-18.38 | INFO | Verifying the compilation of the conf.ini file for sample 2026032449_DNA
2026-02-19_15-07-18.41 | INFO | Verifying the compilation of the conf.ini file for sample 2026032451_DNA
2026-02-19_15-07-18.45 | INFO | Verifying the compilation of the conf.ini file for sample 2026032457_DNA
2026-02-19_15-07-18.50 | INFO | Verifying the compilation of the conf.ini file for sample 2026032459_DNA
2026-02-19_15-07-18.57 | INFO | Verifying the compilation of the conf.ini file for sample 2026032460_DNA
2026-02-19_15-07-18.61 | INFO | Verifying the compilation of the conf.ini file for sample 2026032461_DNA
2026-02-19_15-07-18.65 | INFO | Verifying the compilation of the conf.ini file for sample 2026032463_DNA
2026-02-19_15-07-18.69 | INFO | Verifying the compilation of the conf.ini file for sample 2026032464_DNA
2026-02-19_15-07-18.73 | INFO | Verifying the compilation of the conf.ini file for sample 2026032467_DNA
2026-02-19_15-07-18.76 | INFO | Verifying the compilation of the conf.ini file for sample 2026032468_DNA
2026-02-19_15-07-18.80 | INFO | Verifying the compilation of the conf.ini file for sample 2026032470_DNA
2026-02-19_15-07-18.83 | INFO | Verifying the compilation of the conf.ini file for sample 2026032777_DNA
2026-02-19_15-07-18.85 | INFO | Verifying the compilation of the conf.ini file for sample 2026032472_DNA
2026-02-19_15-07-18.88 | INFO | Verifying the compilation of the conf.ini file for sample 2026032568_DNA
2026-02-19_15-07-18.93 | INFO | Checking CNV files...
2026-02-19_15-07-18.94 | INFO | Everything ok!
2026-02-19_15-07-18.94 | INFO | Everything ok!
2026-02-19_15-07-18.94 | INFO | Managing CNV files...
2026-02-19_15-07-19.24 | INFO | Checking data_cna_hg19.seg file...
2026-02-19_15-07-19.24 | INFO | Checking data_cna_hg19.seg.fc.txt file...
2026-02-19_15-07-19.24 | INFO | Writing data_cna_hg19.seg succefully completed!
2026-02-19_15-07-19.24 | INFO | Writing data_cna_hg19.seg.fc.txt succefully completed!
2026-02-19_15-07-19.25 | INFO | Starting CNA evaluation (this step could take a while)...
2026-02-19_15-07-19.28 | INFO | Analyzing cna sample(s)
2026-02-19_15-07-20.07 | INFO | Writing exonic_BRCA.txt file...
2026-02-19_15-07-20.08 | INFO | Clearing scratch folder...
2026-02-19_15-07-20.10 | INFO | Writing clinical files...
2026-02-19_15-07-20.10 | INFO | Writing data_clinical_patient.txt file...
2026-02-19_15-07-20.13 | INFO | Writing data_clinical_sample.txt file...
2026-02-19_15-07-20.18 | SUCCESS | Walk script completed!

2026-02-19_15-07-20.18 | INFO | Starting MAF filtering
2026-02-19_15-07-20.18 | INFO | It's time to create tables!
2026-02-19_15-07-20.18 | INFO | Starting meta_case_main script:
2026-02-19_15-07-20.18 | INFO | meta_case_main args [cancer:mixed, output_file:/data/data_storage/novaseq_results/research/CbioPortal/Study/OTHER/test_v1]
2026-02-19_15-07-20.18 | INFO | Creating case list folder...
2026-02-19_15-07-20.18 | INFO | Writing meta_study.txt file...
2026-02-19_15-07-20.18 | INFO | meta_study.txt created!
2026-02-19_15-07-20.18 | INFO | Writing meta_clinical_patient.txt file...
2026-02-19_15-07-20.18 | INFO | meta_clinical_patient.txt created!
2026-02-19_15-07-20.18 | INFO | Writing meta_clinical_sample.txt file...
2026-02-19_15-07-20.18 | INFO | meta_clinical_sample.txt created!
2026-02-19_15-07-20.18 | INFO | Writing meta_cna.txt file...
2026-02-19_15-07-20.19 | INFO | meta_cna.txt created!
2026-02-19_15-07-20.19 | INFO | Writing meta_cna_hg19_seg.txt file...
2026-02-19_15-07-20.19 | INFO | meta_cna_hg19.txt created!
2026-02-19_15-07-20.19 | WARNING | data_mutations_extended.txt file not found, not writing cases_sequenced.txt!
2026-02-19_15-07-20.19 | WARNING | data_sv.txt file not found, not writing cases_sv.txt!
2026-02-19_15-07-20.19 | SUCCESS | Make_meta_and_cases script completed!

2026-02-19_15-07-20.19 | INFO | Starting validation...
2026-02-19_15-07-20.19 | WARNING | Missing file(s) for Fusion from /data/data_storage/novaseq_results/research/CbioPortal/Study/OTHER/test_v1:
2026-02-19_15-07-20.19 | WARNING | - case_lists/cases_sv.txt
2026-02-19_15-07-20.19 | WARNING | - data_sv.txt
2026-02-19_15-07-20.20 | WARNING | - meta_sv.txt
2026-02-19_15-07-20.20 | WARNING | Missing file(s) for SNV from /data/data_storage/novaseq_results/research/CbioPortal/Study/OTHER/test_v1:
2026-02-19_15-07-20.20 | WARNING | - case_lists/cases_sequenced.txt
2026-02-19_15-07-20.20 | WARNING | - data_mutations_extended.txt
2026-02-19_15-07-20.20 | WARNING | - meta_mutations_extended.txt
2026-02-19_15-07-20.20 | INFO | Starting validation... 
2026-02-19_15-07-20.20 | WARNING | Warning: succeeding files may still fail to load (correctly).
2026-02-19_15-07-20.78 | WARNING | Validation of study succeeded with warnings. Check the report file in the study folder for details!
