2026-02-19_14-50-28.11 | INFO | 
__| |_______________________________________________________________________| |__
__   _______________________________________________________________________   __
  | |                                                                       | |
  | | █████   █████   █████████   ███████████     █████████   ██████   █████| |
  | |░░███   ░░███   ███░░░░░███ ░░███░░░░░███   ███░░░░░███ ░░██████ ░░███ | |
  | | ░███    ░███  ░███    ░███  ░███    ░███  ░███    ░███  ░███░███ ░███ | |
  | | ░███    ░███  ░███████████  ░██████████   ░███████████  ░███░░███░███ | |
  | | ░░███   ███   ░███░░░░░███  ░███░░░░░███  ░███░░░░░███  ░███ ░░██████ | |
  | |  ░░░█████░    ░███    ░███  ░███    ░███  ░███    ░███  ░███  ░░█████ | |
  | |    ░░███      █████   █████ █████   █████ █████   █████ █████  ░░█████| |
  | |     ░░░      ░░░░░   ░░░░░ ░░░░░   ░░░░░ ░░░░░   ░░░░░ ░░░░░    ░░░░░ | |
__| |_______________________________________________________________________| |__
__   _______________________________________________________________________   __
  | |                                                                       | |

2026-02-19_14-50-28.11 | INFO | Welcome to VARAN 🦎

2026-02-19_14-50-28.11 | INFO | Varan args [input:['/data/data_storage/novaseq_results/tmp/analysis_260214_A01423_0428_BHHFG7DRX7_HRD/260214_A01423_0428_BHHFG7DRX7-6c0f7d54-0fc9-45f1-ac82-158a7c797481_data_varan.tsv'], output_folder:/data/data_storage/novaseq_results/research/CbioPortal/Study/OTHER/test, filters:, cancer:mixed, oncoKB:False, analysis_type:snv, overwrite_output:False, resume:False, multiple:False, update:False, extract:False, remove:False]
2026-02-19_14-50-28.11 | INFO | Starting preparation study folder
2026-02-19_14-50-28.11 | INFO | Starting walk_folder script:
2026-02-19_14-50-28.11 | INFO | walk_folder args [input:['/data/data_storage/novaseq_results/tmp/analysis_260214_A01423_0428_BHHFG7DRX7_HRD/260214_A01423_0428_BHHFG7DRX7-6c0f7d54-0fc9-45f1-ac82-158a7c797481_data_varan.tsv'], output_folder:/data/data_storage/novaseq_results/research/CbioPortal/Study/OTHER/test, overwrite:False, resume:False, vcf_type:snv, filters:, multiple:False]
2026-02-19_14-50-28.12 | WARNING | It seems that a version of the folder '/data/data_storage/novaseq_results/research/CbioPortal/Study/OTHER/test' already exists.
2026-02-19_14-50-28.12 | INFO | 2 version(s) of the selected output folder found: ['test_v2', 'test_v1']
2026-02-19_14-50-28.12 | INFO | Creating the output folder '/data/data_storage/novaseq_results/research/CbioPortal/Study/OTHER/test_v3'...
2026-02-19_14-50-28.13 | INFO | The folder '/data/data_storage/novaseq_results/research/CbioPortal/Study/OTHER/test_v3' was correctly created!
2026-02-19_14-50-28.14 | INFO | Verifying the compilation of the conf.ini file for sample 2025030196_DNA
2026-02-19_14-50-28.16 | INFO | Verifying the compilation of the conf.ini file for sample 2026031399_DNA
2026-02-19_14-50-28.18 | INFO | Verifying the compilation of the conf.ini file for sample 2026031398_DNA
2026-02-19_14-50-28.21 | INFO | Verifying the compilation of the conf.ini file for sample 2025030568_DNA
2026-02-19_14-50-28.23 | INFO | Verifying the compilation of the conf.ini file for sample 2025030798_DNA
2026-02-19_14-50-28.25 | INFO | Verifying the compilation of the conf.ini file for sample 2025030616_DNA
2026-02-19_14-50-28.28 | INFO | Verifying the compilation of the conf.ini file for sample 2025030481_DNA
2026-02-19_14-50-28.31 | INFO | Verifying the compilation of the conf.ini file for sample 2025030105_DNA
2026-02-19_14-50-28.34 | INFO | Verifying the compilation of the conf.ini file for sample 2025030677_DNA
2026-02-19_14-50-28.36 | INFO | Verifying the compilation of the conf.ini file for sample 2025030390_DNA
2026-02-19_14-50-28.38 | INFO | Verifying the compilation of the conf.ini file for sample 2025030799_DNA
2026-02-19_14-50-28.40 | INFO | Verifying the compilation of the conf.ini file for sample 2025030192_DNA
2026-02-19_14-50-28.42 | INFO | Verifying the compilation of the conf.ini file for sample 2025030609_DNA
2026-02-19_14-50-28.45 | INFO | Verifying the compilation of the conf.ini file for sample 2025030572_DNA
2026-02-19_14-50-28.47 | INFO | Verifying the compilation of the conf.ini file for sample 2026032446_DNA
2026-02-19_14-50-28.51 | INFO | Verifying the compilation of the conf.ini file for sample 2026032447_DNA
2026-02-19_14-50-28.53 | INFO | Verifying the compilation of the conf.ini file for sample 2026032448_DNA
2026-02-19_14-50-28.59 | INFO | Verifying the compilation of the conf.ini file for sample 2026032449_DNA
2026-02-19_14-50-28.63 | INFO | Verifying the compilation of the conf.ini file for sample 2026032451_DNA
2026-02-19_14-50-28.67 | INFO | Verifying the compilation of the conf.ini file for sample 2026032457_DNA
2026-02-19_14-50-28.72 | INFO | Verifying the compilation of the conf.ini file for sample 2026032459_DNA
2026-02-19_14-50-28.77 | INFO | Verifying the compilation of the conf.ini file for sample 2026032460_DNA
2026-02-19_14-50-28.81 | INFO | Verifying the compilation of the conf.ini file for sample 2026032461_DNA
2026-02-19_14-50-28.86 | INFO | Verifying the compilation of the conf.ini file for sample 2026032463_DNA
2026-02-19_14-50-28.90 | INFO | Verifying the compilation of the conf.ini file for sample 2026032464_DNA
2026-02-19_14-50-28.94 | INFO | Verifying the compilation of the conf.ini file for sample 2026032467_DNA
2026-02-19_14-50-28.98 | INFO | Verifying the compilation of the conf.ini file for sample 2026032468_DNA
2026-02-19_14-50-29.02 | INFO | Verifying the compilation of the conf.ini file for sample 2026032470_DNA
2026-02-19_14-50-29.07 | INFO | Verifying the compilation of the conf.ini file for sample 2026032777_DNA
2026-02-19_14-50-29.09 | INFO | Verifying the compilation of the conf.ini file for sample 2026032472_DNA
2026-02-19_14-50-29.13 | INFO | Verifying the compilation of the conf.ini file for sample 2026032568_DNA
2026-02-19_14-50-29.18 | INFO | Checking SNV files...
2026-02-19_14-50-29.18 | INFO | Everything ok!
2026-02-19_14-50-29.18 | INFO | Writing exonic_BRCA.txt file...
2026-02-19_14-50-29.20 | INFO | Managing SNV files...
2026-02-19_14-50-29.20 | INFO | Checking maf folder...
2026-02-19_14-50-29.25 | INFO | Starting vcf2maf conversion of /data/data_storage/novaseq_results/research/CbioPortal/Study/OTHER/test_v3/temp/SNV/2025030196_DNA.hard-filtered.bam... This may take several minutes (approx 5 minutes per sample).
2026-02-19_14-50-29.25 | INFO | args=['perl', '/data/data_storage/novaseq_results/research/CbioPortal/vep/bin/vcf2maf.pl', '--input-vcf', '/data/data_storage/novaseq_results/research/CbioPortal/Study/OTHER/test_v3/temp/SNV/2025030196_DNA.hard-filtered.vcf', '--vep-custom', '/data/data_storage/novaseq_results/research/CbioPortal/vep/ftp.ncbi.nlm.nih.gov/pub/clinvar/vcf_GRCh37/clinvar_20260201.vcf.gz,ClinVar,vcf,exact,0,CLNSIG', '--output-maf', '/data/data_storage/novaseq_results/research/CbioPortal/Study/OTHER/test_v3/maf/2025030196_DNA.hard-filtered.vcf.maf', '--ref-fasta', '/apps/trusight/2.2.0/resources/genomes/hg19_hardPAR/genome.fa', '--tmp-dir', 'scratch/g44x17g8it', '--retain-fmt', 'GT,GQ,AD,DP,VF,AF', '--vep-path', '/data/data_storage/novaseq_results/research/CbioPortal/vep/bin', '--vep-data', '/data/data_storage/research/Multiomics/condaEnvs/vep115/bin/vep', '--tumor-id', '2025030196_DNA', '--cache-version', '115']
2026-02-19_14-50-33.81 | ERROR | STATUS: Running VEP and writing to: scratch/g44x17g8it/2025030196_DNA.hard-filtered.vep.vcf

-------------------- EXCEPTION --------------------
MSG: Cache directory /data/data_storage/research/Multiomics/condaEnvs/vep115/bin/vep/homo_sapiens not found

STACK Bio::EnsEMBL::VEP::CacheDir::dir /data/data_storage/novaseq_results/research/CbioPortal/vep/share/ensembl-vep-111.0-0/modules/Bio/EnsEMBL/VEP/CacheDir.pm:305
STACK Bio::EnsEMBL::VEP::CacheDir::init /data/data_storage/novaseq_results/research/CbioPortal/vep/share/ensembl-vep-111.0-0/modules/Bio/EnsEMBL/VEP/CacheDir.pm:219
STACK Bio::EnsEMBL::VEP::CacheDir::new /data/data_storage/novaseq_results/research/CbioPortal/vep/share/ensembl-vep-111.0-0/modules/Bio/EnsEMBL/VEP/CacheDir.pm:111
STACK Bio::EnsEMBL::VEP::AnnotationSourceAdaptor::get_all_from_cache /data/data_storage/novaseq_results/research/CbioPortal/vep/share/ensembl-vep-111.0-0/modules/Bio/EnsEMBL/VEP/AnnotationSourceAdaptor.pm:116
STACK Bio::EnsEMBL::VEP::AnnotationSourceAdaptor::get_all /data/data_storage/novaseq_results/research/CbioPortal/vep/share/ensembl-vep-111.0-0/modules/Bio/EnsEMBL/VEP/AnnotationSourceAdaptor.pm:92
STACK Bio::EnsEMBL::VEP::BaseRunner::get_all_AnnotationSources /data/data_storage/novaseq_results/research/CbioPortal/vep/share/ensembl-vep-111.0-0/modules/Bio/EnsEMBL/VEP/BaseRunner.pm:170
STACK Bio::EnsEMBL::VEP::Runner::init /data/data_storage/novaseq_results/research/CbioPortal/vep/share/ensembl-vep-111.0-0/modules/Bio/EnsEMBL/VEP/Runner.pm:128
STACK Bio::EnsEMBL::VEP::Runner::run /data/data_storage/novaseq_results/research/CbioPortal/vep/share/ensembl-vep-111.0-0/modules/Bio/EnsEMBL/VEP/Runner.pm:200
STACK toplevel /data/data_storage/novaseq_results/research/CbioPortal/vep/bin/vep:46
Date (localtime)    = Thu Feb 19 14:50:33 2026
Ensembl API version = 111
---------------------------------------------------

Failed to run the VEP annotator! Command: /data/hpc-data/shared/condaEnv/vep/bin/perl /data/data_storage/novaseq_results/research/CbioPortal/vep/bin/vep --species homo_sapiens --assembly GRCh37 --no_progress --no_stats --buffer_size 5000 --sift b --ccds --uniprot --hgvs --symbol --numbers --domains --gene_phenotype --canonical --protein --biotype --uniprot --tsl --variant_class --shift_hgvs 1 --check_existing --total_length --allele_number --no_escape --xref_refseq --failed 1 --vcf --flag_pick_allele --pick_order canonical,tsl,biotype,rank,ccds,length --dir /data/data_storage/research/Multiomics/condaEnvs/vep115/bin/vep --fasta /apps/trusight/2.2.0/resources/genomes/hg19_hardPAR/genome.fa --format vcf --input_file /data/data_storage/novaseq_results/research/CbioPortal/Study/OTHER/test_v3/temp/SNV/2025030196_DNA.hard-filtered.vcf --output_file scratch/g44x17g8it/2025030196_DNA.hard-filtered.vep.vcf --offline --pubmed --fork 4 --custom /data/data_storage/novaseq_results/research/CbioPortal/vep/ftp.ncbi.nlm.nih.gov/pub/clinvar/vcf_GRCh37/clinvar_20260201.vcf.gz,ClinVar,vcf,exact,0,CLNSIG --cache_version 115 --polyphen b --af --af_1kg  --af_gnomade --af_gnomadg --regulatory

2026-02-19_14-50-33.85 | INFO | Starting vcf2maf conversion of /data/data_storage/novaseq_results/research/CbioPortal/Study/OTHER/test_v3/temp/SNV/2026031399_DNA.hard-filtered.bam... This may take several minutes (approx 5 minutes per sample).
2026-02-19_14-50-33.85 | INFO | args=['perl', '/data/data_storage/novaseq_results/research/CbioPortal/vep/bin/vcf2maf.pl', '--input-vcf', '/data/data_storage/novaseq_results/research/CbioPortal/Study/OTHER/test_v3/temp/SNV/2026031399_DNA.hard-filtered.vcf', '--vep-custom', '/data/data_storage/novaseq_results/research/CbioPortal/vep/ftp.ncbi.nlm.nih.gov/pub/clinvar/vcf_GRCh37/clinvar_20260201.vcf.gz,ClinVar,vcf,exact,0,CLNSIG', '--output-maf', '/data/data_storage/novaseq_results/research/CbioPortal/Study/OTHER/test_v3/maf/2026031399_DNA.hard-filtered.vcf.maf', '--ref-fasta', '/apps/trusight/2.2.0/resources/genomes/hg19_hardPAR/genome.fa', '--tmp-dir', 'scratch/g44x17g8it', '--retain-fmt', 'GT,GQ,AD,DP,VF,AF', '--vep-path', '/data/data_storage/novaseq_results/research/CbioPortal/vep/bin', '--vep-data', '/data/data_storage/research/Multiomics/condaEnvs/vep115/bin/vep', '--tumor-id', '2026031399_DNA', '--cache-version', '115']
2026-02-19_14-50-34.60 | ERROR | STATUS: Running VEP and writing to: scratch/g44x17g8it/2026031399_DNA.hard-filtered.vep.vcf

-------------------- EXCEPTION --------------------
MSG: Cache directory /data/data_storage/research/Multiomics/condaEnvs/vep115/bin/vep/homo_sapiens not found

STACK Bio::EnsEMBL::VEP::CacheDir::dir /data/data_storage/novaseq_results/research/CbioPortal/vep/share/ensembl-vep-111.0-0/modules/Bio/EnsEMBL/VEP/CacheDir.pm:305
STACK Bio::EnsEMBL::VEP::CacheDir::init /data/data_storage/novaseq_results/research/CbioPortal/vep/share/ensembl-vep-111.0-0/modules/Bio/EnsEMBL/VEP/CacheDir.pm:219
STACK Bio::EnsEMBL::VEP::CacheDir::new /data/data_storage/novaseq_results/research/CbioPortal/vep/share/ensembl-vep-111.0-0/modules/Bio/EnsEMBL/VEP/CacheDir.pm:111
STACK Bio::EnsEMBL::VEP::AnnotationSourceAdaptor::get_all_from_cache /data/data_storage/novaseq_results/research/CbioPortal/vep/share/ensembl-vep-111.0-0/modules/Bio/EnsEMBL/VEP/AnnotationSourceAdaptor.pm:116
STACK Bio::EnsEMBL::VEP::AnnotationSourceAdaptor::get_all /data/data_storage/novaseq_results/research/CbioPortal/vep/share/ensembl-vep-111.0-0/modules/Bio/EnsEMBL/VEP/AnnotationSourceAdaptor.pm:92
STACK Bio::EnsEMBL::VEP::BaseRunner::get_all_AnnotationSources /data/data_storage/novaseq_results/research/CbioPortal/vep/share/ensembl-vep-111.0-0/modules/Bio/EnsEMBL/VEP/BaseRunner.pm:170
STACK Bio::EnsEMBL::VEP::Runner::init /data/data_storage/novaseq_results/research/CbioPortal/vep/share/ensembl-vep-111.0-0/modules/Bio/EnsEMBL/VEP/Runner.pm:128
STACK Bio::EnsEMBL::VEP::Runner::run /data/data_storage/novaseq_results/research/CbioPortal/vep/share/ensembl-vep-111.0-0/modules/Bio/EnsEMBL/VEP/Runner.pm:200
STACK toplevel /data/data_storage/novaseq_results/research/CbioPortal/vep/bin/vep:46
Date (localtime)    = Thu Feb 19 14:50:34 2026
Ensembl API version = 111
---------------------------------------------------

Failed to run the VEP annotator! Command: /data/hpc-data/shared/condaEnv/vep/bin/perl /data/data_storage/novaseq_results/research/CbioPortal/vep/bin/vep --species homo_sapiens --assembly GRCh37 --no_progress --no_stats --buffer_size 5000 --sift b --ccds --uniprot --hgvs --symbol --numbers --domains --gene_phenotype --canonical --protein --biotype --uniprot --tsl --variant_class --shift_hgvs 1 --check_existing --total_length --allele_number --no_escape --xref_refseq --failed 1 --vcf --flag_pick_allele --pick_order canonical,tsl,biotype,rank,ccds,length --dir /data/data_storage/research/Multiomics/condaEnvs/vep115/bin/vep --fasta /apps/trusight/2.2.0/resources/genomes/hg19_hardPAR/genome.fa --format vcf --input_file /data/data_storage/novaseq_results/research/CbioPortal/Study/OTHER/test_v3/temp/SNV/2026031399_DNA.hard-filtered.vcf --output_file scratch/g44x17g8it/2026031399_DNA.hard-filtered.vep.vcf --offline --pubmed --fork 4 --custom /data/data_storage/novaseq_results/research/CbioPortal/vep/ftp.ncbi.nlm.nih.gov/pub/clinvar/vcf_GRCh37/clinvar_20260201.vcf.gz,ClinVar,vcf,exact,0,CLNSIG --cache_version 115 --polyphen b --af --af_1kg  --af_gnomade --af_gnomadg --regulatory

2026-02-19_14-50-34.65 | INFO | Starting vcf2maf conversion of /data/data_storage/novaseq_results/research/CbioPortal/Study/OTHER/test_v3/temp/SNV/2026031398_DNA.hard-filtered.bam... This may take several minutes (approx 5 minutes per sample).
2026-02-19_14-50-34.65 | INFO | args=['perl', '/data/data_storage/novaseq_results/research/CbioPortal/vep/bin/vcf2maf.pl', '--input-vcf', '/data/data_storage/novaseq_results/research/CbioPortal/Study/OTHER/test_v3/temp/SNV/2026031398_DNA.hard-filtered.vcf', '--vep-custom', '/data/data_storage/novaseq_results/research/CbioPortal/vep/ftp.ncbi.nlm.nih.gov/pub/clinvar/vcf_GRCh37/clinvar_20260201.vcf.gz,ClinVar,vcf,exact,0,CLNSIG', '--output-maf', '/data/data_storage/novaseq_results/research/CbioPortal/Study/OTHER/test_v3/maf/2026031398_DNA.hard-filtered.vcf.maf', '--ref-fasta', '/apps/trusight/2.2.0/resources/genomes/hg19_hardPAR/genome.fa', '--tmp-dir', 'scratch/g44x17g8it', '--retain-fmt', 'GT,GQ,AD,DP,VF,AF', '--vep-path', '/data/data_storage/novaseq_results/research/CbioPortal/vep/bin', '--vep-data', '/data/data_storage/research/Multiomics/condaEnvs/vep115/bin/vep', '--tumor-id', '2026031398_DNA', '--cache-version', '115']
2026-02-19_14-50-35.44 | ERROR | STATUS: Running VEP and writing to: scratch/g44x17g8it/2026031398_DNA.hard-filtered.vep.vcf

-------------------- EXCEPTION --------------------
MSG: Cache directory /data/data_storage/research/Multiomics/condaEnvs/vep115/bin/vep/homo_sapiens not found

STACK Bio::EnsEMBL::VEP::CacheDir::dir /data/data_storage/novaseq_results/research/CbioPortal/vep/share/ensembl-vep-111.0-0/modules/Bio/EnsEMBL/VEP/CacheDir.pm:305
STACK Bio::EnsEMBL::VEP::CacheDir::init /data/data_storage/novaseq_results/research/CbioPortal/vep/share/ensembl-vep-111.0-0/modules/Bio/EnsEMBL/VEP/CacheDir.pm:219
STACK Bio::EnsEMBL::VEP::CacheDir::new /data/data_storage/novaseq_results/research/CbioPortal/vep/share/ensembl-vep-111.0-0/modules/Bio/EnsEMBL/VEP/CacheDir.pm:111
STACK Bio::EnsEMBL::VEP::AnnotationSourceAdaptor::get_all_from_cache /data/data_storage/novaseq_results/research/CbioPortal/vep/share/ensembl-vep-111.0-0/modules/Bio/EnsEMBL/VEP/AnnotationSourceAdaptor.pm:116
STACK Bio::EnsEMBL::VEP::AnnotationSourceAdaptor::get_all /data/data_storage/novaseq_results/research/CbioPortal/vep/share/ensembl-vep-111.0-0/modules/Bio/EnsEMBL/VEP/AnnotationSourceAdaptor.pm:92
STACK Bio::EnsEMBL::VEP::BaseRunner::get_all_AnnotationSources /data/data_storage/novaseq_results/research/CbioPortal/vep/share/ensembl-vep-111.0-0/modules/Bio/EnsEMBL/VEP/BaseRunner.pm:170
STACK Bio::EnsEMBL::VEP::Runner::init /data/data_storage/novaseq_results/research/CbioPortal/vep/share/ensembl-vep-111.0-0/modules/Bio/EnsEMBL/VEP/Runner.pm:128
STACK Bio::EnsEMBL::VEP::Runner::run /data/data_storage/novaseq_results/research/CbioPortal/vep/share/ensembl-vep-111.0-0/modules/Bio/EnsEMBL/VEP/Runner.pm:200
STACK toplevel /data/data_storage/novaseq_results/research/CbioPortal/vep/bin/vep:46
Date (localtime)    = Thu Feb 19 14:50:35 2026
Ensembl API version = 111
---------------------------------------------------

Failed to run the VEP annotator! Command: /data/hpc-data/shared/condaEnv/vep/bin/perl /data/data_storage/novaseq_results/research/CbioPortal/vep/bin/vep --species homo_sapiens --assembly GRCh37 --no_progress --no_stats --buffer_size 5000 --sift b --ccds --uniprot --hgvs --symbol --numbers --domains --gene_phenotype --canonical --protein --biotype --uniprot --tsl --variant_class --shift_hgvs 1 --check_existing --total_length --allele_number --no_escape --xref_refseq --failed 1 --vcf --flag_pick_allele --pick_order canonical,tsl,biotype,rank,ccds,length --dir /data/data_storage/research/Multiomics/condaEnvs/vep115/bin/vep --fasta /apps/trusight/2.2.0/resources/genomes/hg19_hardPAR/genome.fa --format vcf --input_file /data/data_storage/novaseq_results/research/CbioPortal/Study/OTHER/test_v3/temp/SNV/2026031398_DNA.hard-filtered.vcf --output_file scratch/g44x17g8it/2026031398_DNA.hard-filtered.vep.vcf --offline --pubmed --fork 4 --custom /data/data_storage/novaseq_results/research/CbioPortal/vep/ftp.ncbi.nlm.nih.gov/pub/clinvar/vcf_GRCh37/clinvar_20260201.vcf.gz,ClinVar,vcf,exact,0,CLNSIG --cache_version 115 --polyphen b --af --af_1kg  --af_gnomade --af_gnomadg --regulatory

2026-02-19_14-50-35.48 | INFO | Starting vcf2maf conversion of /data/data_storage/novaseq_results/research/CbioPortal/Study/OTHER/test_v3/temp/SNV/2025030568_DNA.hard-filtered.bam... This may take several minutes (approx 5 minutes per sample).
2026-02-19_14-50-35.48 | INFO | args=['perl', '/data/data_storage/novaseq_results/research/CbioPortal/vep/bin/vcf2maf.pl', '--input-vcf', '/data/data_storage/novaseq_results/research/CbioPortal/Study/OTHER/test_v3/temp/SNV/2025030568_DNA.hard-filtered.vcf', '--vep-custom', '/data/data_storage/novaseq_results/research/CbioPortal/vep/ftp.ncbi.nlm.nih.gov/pub/clinvar/vcf_GRCh37/clinvar_20260201.vcf.gz,ClinVar,vcf,exact,0,CLNSIG', '--output-maf', '/data/data_storage/novaseq_results/research/CbioPortal/Study/OTHER/test_v3/maf/2025030568_DNA.hard-filtered.vcf.maf', '--ref-fasta', '/apps/trusight/2.2.0/resources/genomes/hg19_hardPAR/genome.fa', '--tmp-dir', 'scratch/g44x17g8it', '--retain-fmt', 'GT,GQ,AD,DP,VF,AF', '--vep-path', '/data/data_storage/novaseq_results/research/CbioPortal/vep/bin', '--vep-data', '/data/data_storage/research/Multiomics/condaEnvs/vep115/bin/vep', '--tumor-id', '2025030568_DNA', '--cache-version', '115']
2026-02-19_14-50-36.17 | ERROR | STATUS: Running VEP and writing to: scratch/g44x17g8it/2025030568_DNA.hard-filtered.vep.vcf

-------------------- EXCEPTION --------------------
MSG: Cache directory /data/data_storage/research/Multiomics/condaEnvs/vep115/bin/vep/homo_sapiens not found

STACK Bio::EnsEMBL::VEP::CacheDir::dir /data/data_storage/novaseq_results/research/CbioPortal/vep/share/ensembl-vep-111.0-0/modules/Bio/EnsEMBL/VEP/CacheDir.pm:305
STACK Bio::EnsEMBL::VEP::CacheDir::init /data/data_storage/novaseq_results/research/CbioPortal/vep/share/ensembl-vep-111.0-0/modules/Bio/EnsEMBL/VEP/CacheDir.pm:219
STACK Bio::EnsEMBL::VEP::CacheDir::new /data/data_storage/novaseq_results/research/CbioPortal/vep/share/ensembl-vep-111.0-0/modules/Bio/EnsEMBL/VEP/CacheDir.pm:111
STACK Bio::EnsEMBL::VEP::AnnotationSourceAdaptor::get_all_from_cache /data/data_storage/novaseq_results/research/CbioPortal/vep/share/ensembl-vep-111.0-0/modules/Bio/EnsEMBL/VEP/AnnotationSourceAdaptor.pm:116
STACK Bio::EnsEMBL::VEP::AnnotationSourceAdaptor::get_all /data/data_storage/novaseq_results/research/CbioPortal/vep/share/ensembl-vep-111.0-0/modules/Bio/EnsEMBL/VEP/AnnotationSourceAdaptor.pm:92
STACK Bio::EnsEMBL::VEP::BaseRunner::get_all_AnnotationSources /data/data_storage/novaseq_results/research/CbioPortal/vep/share/ensembl-vep-111.0-0/modules/Bio/EnsEMBL/VEP/BaseRunner.pm:170
STACK Bio::EnsEMBL::VEP::Runner::init /data/data_storage/novaseq_results/research/CbioPortal/vep/share/ensembl-vep-111.0-0/modules/Bio/EnsEMBL/VEP/Runner.pm:128
STACK Bio::EnsEMBL::VEP::Runner::run /data/data_storage/novaseq_results/research/CbioPortal/vep/share/ensembl-vep-111.0-0/modules/Bio/EnsEMBL/VEP/Runner.pm:200
STACK toplevel /data/data_storage/novaseq_results/research/CbioPortal/vep/bin/vep:46
Date (localtime)    = Thu Feb 19 14:50:36 2026
Ensembl API version = 111
---------------------------------------------------

Failed to run the VEP annotator! Command: /data/hpc-data/shared/condaEnv/vep/bin/perl /data/data_storage/novaseq_results/research/CbioPortal/vep/bin/vep --species homo_sapiens --assembly GRCh37 --no_progress --no_stats --buffer_size 5000 --sift b --ccds --uniprot --hgvs --symbol --numbers --domains --gene_phenotype --canonical --protein --biotype --uniprot --tsl --variant_class --shift_hgvs 1 --check_existing --total_length --allele_number --no_escape --xref_refseq --failed 1 --vcf --flag_pick_allele --pick_order canonical,tsl,biotype,rank,ccds,length --dir /data/data_storage/research/Multiomics/condaEnvs/vep115/bin/vep --fasta /apps/trusight/2.2.0/resources/genomes/hg19_hardPAR/genome.fa --format vcf --input_file /data/data_storage/novaseq_results/research/CbioPortal/Study/OTHER/test_v3/temp/SNV/2025030568_DNA.hard-filtered.vcf --output_file scratch/g44x17g8it/2025030568_DNA.hard-filtered.vep.vcf --offline --pubmed --fork 4 --custom /data/data_storage/novaseq_results/research/CbioPortal/vep/ftp.ncbi.nlm.nih.gov/pub/clinvar/vcf_GRCh37/clinvar_20260201.vcf.gz,ClinVar,vcf,exact,0,CLNSIG --cache_version 115 --polyphen b --af --af_1kg  --af_gnomade --af_gnomadg --regulatory

2026-02-19_14-50-36.21 | INFO | Starting vcf2maf conversion of /data/data_storage/novaseq_results/research/CbioPortal/Study/OTHER/test_v3/temp/SNV/2025030798_DNA.hard-filtered.bam... This may take several minutes (approx 5 minutes per sample).
2026-02-19_14-50-36.21 | INFO | args=['perl', '/data/data_storage/novaseq_results/research/CbioPortal/vep/bin/vcf2maf.pl', '--input-vcf', '/data/data_storage/novaseq_results/research/CbioPortal/Study/OTHER/test_v3/temp/SNV/2025030798_DNA.hard-filtered.vcf', '--vep-custom', '/data/data_storage/novaseq_results/research/CbioPortal/vep/ftp.ncbi.nlm.nih.gov/pub/clinvar/vcf_GRCh37/clinvar_20260201.vcf.gz,ClinVar,vcf,exact,0,CLNSIG', '--output-maf', '/data/data_storage/novaseq_results/research/CbioPortal/Study/OTHER/test_v3/maf/2025030798_DNA.hard-filtered.vcf.maf', '--ref-fasta', '/apps/trusight/2.2.0/resources/genomes/hg19_hardPAR/genome.fa', '--tmp-dir', 'scratch/g44x17g8it', '--retain-fmt', 'GT,GQ,AD,DP,VF,AF', '--vep-path', '/data/data_storage/novaseq_results/research/CbioPortal/vep/bin', '--vep-data', '/data/data_storage/research/Multiomics/condaEnvs/vep115/bin/vep', '--tumor-id', '2025030798_DNA', '--cache-version', '115']
