2026-02-17_15-11-43.10 | INFO | 
__| |_______________________________________________________________________| |__
__   _______________________________________________________________________   __
  | |                                                                       | |
  | | █████   █████   █████████   ███████████     █████████   ██████   █████| |
  | |░░███   ░░███   ███░░░░░███ ░░███░░░░░███   ███░░░░░███ ░░██████ ░░███ | |
  | | ░███    ░███  ░███    ░███  ░███    ░███  ░███    ░███  ░███░███ ░███ | |
  | | ░███    ░███  ░███████████  ░██████████   ░███████████  ░███░░███░███ | |
  | | ░░███   ███   ░███░░░░░███  ░███░░░░░███  ░███░░░░░███  ░███ ░░██████ | |
  | |  ░░░█████░    ░███    ░███  ░███    ░███  ░███    ░███  ░███  ░░█████ | |
  | |    ░░███      █████   █████ █████   █████ █████   █████ █████  ░░█████| |
  | |     ░░░      ░░░░░   ░░░░░ ░░░░░   ░░░░░ ░░░░░   ░░░░░ ░░░░░    ░░░░░ | |
__| |_______________________________________________________________________| |__
__   _______________________________________________________________________   __
  | |                                                                       | |

2026-02-17_15-11-43.10 | INFO | Welcome to VARAN 🦎

2026-02-17_15-11-43.10 | INFO | Varan args [input:['/data/data_storage/novaseq_results/tmp/analysis_260214_A01423_0428_BHHFG7DRX7_HRD/260214_A01423_0428_BHHFG7DRX7-6c0f7d54-0fc9-45f1-ac82-158a7c797481_data_varan.tsv'], output_folder:/data/data_storage/novaseq_results/research/CbioPortal/Study/OTHER/test, filters:, cancer:mixed, oncoKB:False, analysis_type:None, overwrite_output:False, resume:False, multiple:False, update:False, extract:False, remove:False]
2026-02-17_15-11-43.10 | INFO | Starting preparation study folder
2026-02-17_15-11-43.10 | INFO | Starting walk_folder script:
2026-02-17_15-11-43.10 | INFO | walk_folder args [input:['/data/data_storage/novaseq_results/tmp/analysis_260214_A01423_0428_BHHFG7DRX7_HRD/260214_A01423_0428_BHHFG7DRX7-6c0f7d54-0fc9-45f1-ac82-158a7c797481_data_varan.tsv'], output_folder:/data/data_storage/novaseq_results/research/CbioPortal/Study/OTHER/test, overwrite:False, resume:False, vcf_type:None, filters:, multiple:False]
2026-02-17_15-11-43.11 | WARNING | It seems that a version of the folder '/data/data_storage/novaseq_results/research/CbioPortal/Study/OTHER/test' already exists.
2026-02-17_15-11-43.11 | INFO | 1 version(s) of the selected output folder found: ['test_v1']
2026-02-17_15-11-43.11 | INFO | Creating the output folder '/data/data_storage/novaseq_results/research/CbioPortal/Study/OTHER/test_v2'...
2026-02-17_15-11-43.11 | INFO | The folder '/data/data_storage/novaseq_results/research/CbioPortal/Study/OTHER/test_v2' was correctly created!
2026-02-17_15-11-43.12 | INFO | Verifying the compilation of the conf.ini file for sample 2025030196_DNA
2026-02-17_15-11-43.14 | INFO | Verifying the compilation of the conf.ini file for sample 2026031399_DNA
2026-02-17_15-11-43.16 | INFO | Verifying the compilation of the conf.ini file for sample 2026031398_DNA
2026-02-17_15-11-43.18 | INFO | Verifying the compilation of the conf.ini file for sample 2025030568_DNA
2026-02-17_15-11-43.21 | INFO | Verifying the compilation of the conf.ini file for sample 2025030798_DNA
2026-02-17_15-11-43.23 | INFO | Verifying the compilation of the conf.ini file for sample 2025030616_DNA
2026-02-17_15-11-43.25 | INFO | Verifying the compilation of the conf.ini file for sample 2025030481_DNA
2026-02-17_15-11-43.27 | INFO | Verifying the compilation of the conf.ini file for sample 2025030105_DNA
2026-02-17_15-11-43.29 | INFO | Verifying the compilation of the conf.ini file for sample 2025030677_DNA
2026-02-17_15-11-43.31 | INFO | Verifying the compilation of the conf.ini file for sample 2025030390_DNA
2026-02-17_15-11-43.33 | INFO | Verifying the compilation of the conf.ini file for sample 2025030799_DNA
2026-02-17_15-11-43.34 | INFO | Verifying the compilation of the conf.ini file for sample 2025030192_DNA
2026-02-17_15-11-43.36 | INFO | Verifying the compilation of the conf.ini file for sample 2025030609_DNA
2026-02-17_15-11-43.38 | INFO | Verifying the compilation of the conf.ini file for sample 2025030572_DNA
2026-02-17_15-11-43.40 | INFO | Verifying the compilation of the conf.ini file for sample 2026032446_DNA
2026-02-17_15-11-43.44 | INFO | Verifying the compilation of the conf.ini file for sample 2026032447_DNA
2026-02-17_15-11-43.46 | INFO | Verifying the compilation of the conf.ini file for sample 2026032448_DNA
2026-02-17_15-11-43.49 | INFO | Verifying the compilation of the conf.ini file for sample 2026032449_DNA
2026-02-17_15-11-43.52 | INFO | Verifying the compilation of the conf.ini file for sample 2026032451_DNA
2026-02-17_15-11-43.56 | INFO | Verifying the compilation of the conf.ini file for sample 2026032457_DNA
2026-02-17_15-11-43.62 | INFO | Verifying the compilation of the conf.ini file for sample 2026032459_DNA
2026-02-17_15-11-43.67 | INFO | Verifying the compilation of the conf.ini file for sample 2026032460_DNA
2026-02-17_15-11-43.70 | INFO | Verifying the compilation of the conf.ini file for sample 2026032461_DNA
2026-02-17_15-11-43.76 | INFO | Verifying the compilation of the conf.ini file for sample 2026032463_DNA
2026-02-17_15-11-43.80 | INFO | Verifying the compilation of the conf.ini file for sample 2026032464_DNA
2026-02-17_15-11-43.84 | INFO | Verifying the compilation of the conf.ini file for sample 2026032467_DNA
2026-02-17_15-11-43.88 | INFO | Verifying the compilation of the conf.ini file for sample 2026032468_DNA
2026-02-17_15-11-43.91 | INFO | Verifying the compilation of the conf.ini file for sample 2026032470_DNA
2026-02-17_15-11-43.96 | INFO | Verifying the compilation of the conf.ini file for sample 2026032777_DNA
2026-02-17_15-11-43.98 | INFO | Verifying the compilation of the conf.ini file for sample 2026032472_DNA
2026-02-17_15-11-44.01 | INFO | Verifying the compilation of the conf.ini file for sample 2026032568_DNA
2026-02-17_15-11-44.06 | INFO | Checking CNV files...
2026-02-17_15-11-44.06 | INFO | Everything ok!
2026-02-17_15-11-44.06 | INFO | Checking SNV files...
2026-02-17_15-11-44.06 | INFO | Everything ok!
2026-02-17_15-11-44.06 | INFO | Managing CNV files...
2026-02-17_15-11-44.35 | INFO | Checking data_cna_hg19.seg file...
2026-02-17_15-11-44.36 | INFO | Checking data_cna_hg19.seg.fc.txt file...
2026-02-17_15-11-44.36 | INFO | Writing data_cna_hg19.seg succefully completed!
2026-02-17_15-11-44.36 | INFO | Writing data_cna_hg19.seg.fc.txt succefully completed!
2026-02-17_15-11-44.36 | INFO | Starting CNA evaluation (this step could take a while)...
2026-02-17_15-11-44.39 | INFO | Analyzing cna sample(s)
2026-02-17_15-11-45.17 | INFO | Writing exonic_BRCA.txt file...
2026-02-17_15-11-45.18 | INFO | Managing SNV files...
2026-02-17_15-11-45.18 | INFO | Checking maf folder...
2026-02-17_15-11-45.23 | INFO | Starting vcf2maf conversion of /data/data_storage/novaseq_results/research/CbioPortal/Study/OTHER/test_v2/temp/SNV/2025030196_DNA.hard-filtered.bam... This may take several minutes (approx 5 minutes per sample).
2026-02-17_15-11-45.23 | INFO | args=['perl', '/data/data_storage/novaseq_results/research/CbioPortal/vep/bin/vcf2maf.pl', '--input-vcf', '/data/data_storage/novaseq_results/research/CbioPortal/Study/OTHER/test_v2/temp/SNV/2025030196_DNA.hard-filtered.vcf', '--vep-custom', '/data/data_storage/novaseq_results/research/CbioPortal/vep/ftp.ncbi.nlm.nih.gov/pub/clinvar/vcf_GRCh37/clinvar_20260201.vcf.gz,ClinVar,vcf,exact,0,CLNSIG', '--output-maf', '/data/data_storage/novaseq_results/research/CbioPortal/Study/OTHER/test_v2/maf/2025030196_DNA.hard-filtered.vcf.maf', '--ref-fasta', '/apps/trusight/2.2.0/resources/genomes/hg19_hardPAR/genome.fa', '--tmp-dir', 'scratch/y6mir625w3', '--retain-fmt', 'GT,GQ,AD,DP,VF,AF', '--vep-path', '/data/data_storage/novaseq_results/research/CbioPortal/vep/bin', '--vep-data', '/data/data_storage/novaseq_results/research/CbioPortal/GRCh37/vep', '--tumor-id', '2025030196_DNA', '--cache-version', '115']
2026-02-17_15-11-45.28 | WARNING | Storable.c: loadable library and perl binaries are mismatched (got handshake key 0xde00080, needed 0xed00080)

2026-02-17_15-11-45.36 | INFO | Starting vcf2maf conversion of /data/data_storage/novaseq_results/research/CbioPortal/Study/OTHER/test_v2/temp/SNV/2026031399_DNA.hard-filtered.bam... This may take several minutes (approx 5 minutes per sample).
2026-02-17_15-11-45.36 | INFO | args=['perl', '/data/data_storage/novaseq_results/research/CbioPortal/vep/bin/vcf2maf.pl', '--input-vcf', '/data/data_storage/novaseq_results/research/CbioPortal/Study/OTHER/test_v2/temp/SNV/2026031399_DNA.hard-filtered.vcf', '--vep-custom', '/data/data_storage/novaseq_results/research/CbioPortal/vep/ftp.ncbi.nlm.nih.gov/pub/clinvar/vcf_GRCh37/clinvar_20260201.vcf.gz,ClinVar,vcf,exact,0,CLNSIG', '--output-maf', '/data/data_storage/novaseq_results/research/CbioPortal/Study/OTHER/test_v2/maf/2026031399_DNA.hard-filtered.vcf.maf', '--ref-fasta', '/apps/trusight/2.2.0/resources/genomes/hg19_hardPAR/genome.fa', '--tmp-dir', 'scratch/y6mir625w3', '--retain-fmt', 'GT,GQ,AD,DP,VF,AF', '--vep-path', '/data/data_storage/novaseq_results/research/CbioPortal/vep/bin', '--vep-data', '/data/data_storage/novaseq_results/research/CbioPortal/GRCh37/vep', '--tumor-id', '2026031399_DNA', '--cache-version', '115']
2026-02-17_15-11-45.39 | WARNING | Storable.c: loadable library and perl binaries are mismatched (got handshake key 0xde00080, needed 0xed00080)

2026-02-17_15-11-45.43 | INFO | Starting vcf2maf conversion of /data/data_storage/novaseq_results/research/CbioPortal/Study/OTHER/test_v2/temp/SNV/2026031398_DNA.hard-filtered.bam... This may take several minutes (approx 5 minutes per sample).
2026-02-17_15-11-45.43 | INFO | args=['perl', '/data/data_storage/novaseq_results/research/CbioPortal/vep/bin/vcf2maf.pl', '--input-vcf', '/data/data_storage/novaseq_results/research/CbioPortal/Study/OTHER/test_v2/temp/SNV/2026031398_DNA.hard-filtered.vcf', '--vep-custom', '/data/data_storage/novaseq_results/research/CbioPortal/vep/ftp.ncbi.nlm.nih.gov/pub/clinvar/vcf_GRCh37/clinvar_20260201.vcf.gz,ClinVar,vcf,exact,0,CLNSIG', '--output-maf', '/data/data_storage/novaseq_results/research/CbioPortal/Study/OTHER/test_v2/maf/2026031398_DNA.hard-filtered.vcf.maf', '--ref-fasta', '/apps/trusight/2.2.0/resources/genomes/hg19_hardPAR/genome.fa', '--tmp-dir', 'scratch/y6mir625w3', '--retain-fmt', 'GT,GQ,AD,DP,VF,AF', '--vep-path', '/data/data_storage/novaseq_results/research/CbioPortal/vep/bin', '--vep-data', '/data/data_storage/novaseq_results/research/CbioPortal/GRCh37/vep', '--tumor-id', '2026031398_DNA', '--cache-version', '115']
2026-02-17_15-11-45.47 | WARNING | Storable.c: loadable library and perl binaries are mismatched (got handshake key 0xde00080, needed 0xed00080)

2026-02-17_15-11-45.51 | INFO | Starting vcf2maf conversion of /data/data_storage/novaseq_results/research/CbioPortal/Study/OTHER/test_v2/temp/SNV/2025030568_DNA.hard-filtered.bam... This may take several minutes (approx 5 minutes per sample).
2026-02-17_15-11-45.51 | INFO | args=['perl', '/data/data_storage/novaseq_results/research/CbioPortal/vep/bin/vcf2maf.pl', '--input-vcf', '/data/data_storage/novaseq_results/research/CbioPortal/Study/OTHER/test_v2/temp/SNV/2025030568_DNA.hard-filtered.vcf', '--vep-custom', '/data/data_storage/novaseq_results/research/CbioPortal/vep/ftp.ncbi.nlm.nih.gov/pub/clinvar/vcf_GRCh37/clinvar_20260201.vcf.gz,ClinVar,vcf,exact,0,CLNSIG', '--output-maf', '/data/data_storage/novaseq_results/research/CbioPortal/Study/OTHER/test_v2/maf/2025030568_DNA.hard-filtered.vcf.maf', '--ref-fasta', '/apps/trusight/2.2.0/resources/genomes/hg19_hardPAR/genome.fa', '--tmp-dir', 'scratch/y6mir625w3', '--retain-fmt', 'GT,GQ,AD,DP,VF,AF', '--vep-path', '/data/data_storage/novaseq_results/research/CbioPortal/vep/bin', '--vep-data', '/data/data_storage/novaseq_results/research/CbioPortal/GRCh37/vep', '--tumor-id', '2025030568_DNA', '--cache-version', '115']
2026-02-17_15-11-45.54 | WARNING | Storable.c: loadable library and perl binaries are mismatched (got handshake key 0xde00080, needed 0xed00080)

2026-02-17_15-11-45.58 | INFO | Starting vcf2maf conversion of /data/data_storage/novaseq_results/research/CbioPortal/Study/OTHER/test_v2/temp/SNV/2025030798_DNA.hard-filtered.bam... This may take several minutes (approx 5 minutes per sample).
2026-02-17_15-11-45.58 | INFO | args=['perl', '/data/data_storage/novaseq_results/research/CbioPortal/vep/bin/vcf2maf.pl', '--input-vcf', '/data/data_storage/novaseq_results/research/CbioPortal/Study/OTHER/test_v2/temp/SNV/2025030798_DNA.hard-filtered.vcf', '--vep-custom', '/data/data_storage/novaseq_results/research/CbioPortal/vep/ftp.ncbi.nlm.nih.gov/pub/clinvar/vcf_GRCh37/clinvar_20260201.vcf.gz,ClinVar,vcf,exact,0,CLNSIG', '--output-maf', '/data/data_storage/novaseq_results/research/CbioPortal/Study/OTHER/test_v2/maf/2025030798_DNA.hard-filtered.vcf.maf', '--ref-fasta', '/apps/trusight/2.2.0/resources/genomes/hg19_hardPAR/genome.fa', '--tmp-dir', 'scratch/y6mir625w3', '--retain-fmt', 'GT,GQ,AD,DP,VF,AF', '--vep-path', '/data/data_storage/novaseq_results/research/CbioPortal/vep/bin', '--vep-data', '/data/data_storage/novaseq_results/research/CbioPortal/GRCh37/vep', '--tumor-id', '2025030798_DNA', '--cache-version', '115']
2026-02-17_15-11-45.62 | WARNING | Storable.c: loadable library and perl binaries are mismatched (got handshake key 0xde00080, needed 0xed00080)

2026-02-17_15-11-45.66 | INFO | Starting vcf2maf conversion of /data/data_storage/novaseq_results/research/CbioPortal/Study/OTHER/test_v2/temp/SNV/2025030616_DNA.hard-filtered.bam... This may take several minutes (approx 5 minutes per sample).
2026-02-17_15-11-45.66 | INFO | args=['perl', '/data/data_storage/novaseq_results/research/CbioPortal/vep/bin/vcf2maf.pl', '--input-vcf', '/data/data_storage/novaseq_results/research/CbioPortal/Study/OTHER/test_v2/temp/SNV/2025030616_DNA.hard-filtered.vcf', '--vep-custom', '/data/data_storage/novaseq_results/research/CbioPortal/vep/ftp.ncbi.nlm.nih.gov/pub/clinvar/vcf_GRCh37/clinvar_20260201.vcf.gz,ClinVar,vcf,exact,0,CLNSIG', '--output-maf', '/data/data_storage/novaseq_results/research/CbioPortal/Study/OTHER/test_v2/maf/2025030616_DNA.hard-filtered.vcf.maf', '--ref-fasta', '/apps/trusight/2.2.0/resources/genomes/hg19_hardPAR/genome.fa', '--tmp-dir', 'scratch/y6mir625w3', '--retain-fmt', 'GT,GQ,AD,DP,VF,AF', '--vep-path', '/data/data_storage/novaseq_results/research/CbioPortal/vep/bin', '--vep-data', '/data/data_storage/novaseq_results/research/CbioPortal/GRCh37/vep', '--tumor-id', '2025030616_DNA', '--cache-version', '115']
2026-02-17_15-11-45.69 | WARNING | Storable.c: loadable library and perl binaries are mismatched (got handshake key 0xde00080, needed 0xed00080)

2026-02-17_15-11-45.73 | INFO | Starting vcf2maf conversion of /data/data_storage/novaseq_results/research/CbioPortal/Study/OTHER/test_v2/temp/SNV/2025030481_DNA.hard-filtered.bam... This may take several minutes (approx 5 minutes per sample).
2026-02-17_15-11-45.73 | INFO | args=['perl', '/data/data_storage/novaseq_results/research/CbioPortal/vep/bin/vcf2maf.pl', '--input-vcf', '/data/data_storage/novaseq_results/research/CbioPortal/Study/OTHER/test_v2/temp/SNV/2025030481_DNA.hard-filtered.vcf', '--vep-custom', '/data/data_storage/novaseq_results/research/CbioPortal/vep/ftp.ncbi.nlm.nih.gov/pub/clinvar/vcf_GRCh37/clinvar_20260201.vcf.gz,ClinVar,vcf,exact,0,CLNSIG', '--output-maf', '/data/data_storage/novaseq_results/research/CbioPortal/Study/OTHER/test_v2/maf/2025030481_DNA.hard-filtered.vcf.maf', '--ref-fasta', '/apps/trusight/2.2.0/resources/genomes/hg19_hardPAR/genome.fa', '--tmp-dir', 'scratch/y6mir625w3', '--retain-fmt', 'GT,GQ,AD,DP,VF,AF', '--vep-path', '/data/data_storage/novaseq_results/research/CbioPortal/vep/bin', '--vep-data', '/data/data_storage/novaseq_results/research/CbioPortal/GRCh37/vep', '--tumor-id', '2025030481_DNA', '--cache-version', '115']
2026-02-17_15-11-45.77 | WARNING | Storable.c: loadable library and perl binaries are mismatched (got handshake key 0xde00080, needed 0xed00080)

2026-02-17_15-11-45.80 | INFO | Starting vcf2maf conversion of /data/data_storage/novaseq_results/research/CbioPortal/Study/OTHER/test_v2/temp/SNV/2025030105_DNA.hard-filtered.bam... This may take several minutes (approx 5 minutes per sample).
2026-02-17_15-11-45.80 | INFO | args=['perl', '/data/data_storage/novaseq_results/research/CbioPortal/vep/bin/vcf2maf.pl', '--input-vcf', '/data/data_storage/novaseq_results/research/CbioPortal/Study/OTHER/test_v2/temp/SNV/2025030105_DNA.hard-filtered.vcf', '--vep-custom', '/data/data_storage/novaseq_results/research/CbioPortal/vep/ftp.ncbi.nlm.nih.gov/pub/clinvar/vcf_GRCh37/clinvar_20260201.vcf.gz,ClinVar,vcf,exact,0,CLNSIG', '--output-maf', '/data/data_storage/novaseq_results/research/CbioPortal/Study/OTHER/test_v2/maf/2025030105_DNA.hard-filtered.vcf.maf', '--ref-fasta', '/apps/trusight/2.2.0/resources/genomes/hg19_hardPAR/genome.fa', '--tmp-dir', 'scratch/y6mir625w3', '--retain-fmt', 'GT,GQ,AD,DP,VF,AF', '--vep-path', '/data/data_storage/novaseq_results/research/CbioPortal/vep/bin', '--vep-data', '/data/data_storage/novaseq_results/research/CbioPortal/GRCh37/vep', '--tumor-id', '2025030105_DNA', '--cache-version', '115']
2026-02-17_15-11-45.84 | WARNING | Storable.c: loadable library and perl binaries are mismatched (got handshake key 0xde00080, needed 0xed00080)

2026-02-17_15-11-45.88 | INFO | Starting vcf2maf conversion of /data/data_storage/novaseq_results/research/CbioPortal/Study/OTHER/test_v2/temp/SNV/2025030677_DNA.hard-filtered.bam... This may take several minutes (approx 5 minutes per sample).
2026-02-17_15-11-45.88 | INFO | args=['perl', '/data/data_storage/novaseq_results/research/CbioPortal/vep/bin/vcf2maf.pl', '--input-vcf', '/data/data_storage/novaseq_results/research/CbioPortal/Study/OTHER/test_v2/temp/SNV/2025030677_DNA.hard-filtered.vcf', '--vep-custom', '/data/data_storage/novaseq_results/research/CbioPortal/vep/ftp.ncbi.nlm.nih.gov/pub/clinvar/vcf_GRCh37/clinvar_20260201.vcf.gz,ClinVar,vcf,exact,0,CLNSIG', '--output-maf', '/data/data_storage/novaseq_results/research/CbioPortal/Study/OTHER/test_v2/maf/2025030677_DNA.hard-filtered.vcf.maf', '--ref-fasta', '/apps/trusight/2.2.0/resources/genomes/hg19_hardPAR/genome.fa', '--tmp-dir', 'scratch/y6mir625w3', '--retain-fmt', 'GT,GQ,AD,DP,VF,AF', '--vep-path', '/data/data_storage/novaseq_results/research/CbioPortal/vep/bin', '--vep-data', '/data/data_storage/novaseq_results/research/CbioPortal/GRCh37/vep', '--tumor-id', '2025030677_DNA', '--cache-version', '115']
2026-02-17_15-11-45.91 | WARNING | Storable.c: loadable library and perl binaries are mismatched (got handshake key 0xde00080, needed 0xed00080)

2026-02-17_15-11-45.95 | INFO | Starting vcf2maf conversion of /data/data_storage/novaseq_results/research/CbioPortal/Study/OTHER/test_v2/temp/SNV/2025030390_DNA.hard-filtered.bam... This may take several minutes (approx 5 minutes per sample).
2026-02-17_15-11-45.95 | INFO | args=['perl', '/data/data_storage/novaseq_results/research/CbioPortal/vep/bin/vcf2maf.pl', '--input-vcf', '/data/data_storage/novaseq_results/research/CbioPortal/Study/OTHER/test_v2/temp/SNV/2025030390_DNA.hard-filtered.vcf', '--vep-custom', '/data/data_storage/novaseq_results/research/CbioPortal/vep/ftp.ncbi.nlm.nih.gov/pub/clinvar/vcf_GRCh37/clinvar_20260201.vcf.gz,ClinVar,vcf,exact,0,CLNSIG', '--output-maf', '/data/data_storage/novaseq_results/research/CbioPortal/Study/OTHER/test_v2/maf/2025030390_DNA.hard-filtered.vcf.maf', '--ref-fasta', '/apps/trusight/2.2.0/resources/genomes/hg19_hardPAR/genome.fa', '--tmp-dir', 'scratch/y6mir625w3', '--retain-fmt', 'GT,GQ,AD,DP,VF,AF', '--vep-path', '/data/data_storage/novaseq_results/research/CbioPortal/vep/bin', '--vep-data', '/data/data_storage/novaseq_results/research/CbioPortal/GRCh37/vep', '--tumor-id', '2025030390_DNA', '--cache-version', '115']
2026-02-17_15-11-45.99 | WARNING | Storable.c: loadable library and perl binaries are mismatched (got handshake key 0xde00080, needed 0xed00080)

2026-02-17_15-11-46.03 | INFO | Starting vcf2maf conversion of /data/data_storage/novaseq_results/research/CbioPortal/Study/OTHER/test_v2/temp/SNV/2025030799_DNA.hard-filtered.bam... This may take several minutes (approx 5 minutes per sample).
2026-02-17_15-11-46.03 | INFO | args=['perl', '/data/data_storage/novaseq_results/research/CbioPortal/vep/bin/vcf2maf.pl', '--input-vcf', '/data/data_storage/novaseq_results/research/CbioPortal/Study/OTHER/test_v2/temp/SNV/2025030799_DNA.hard-filtered.vcf', '--vep-custom', '/data/data_storage/novaseq_results/research/CbioPortal/vep/ftp.ncbi.nlm.nih.gov/pub/clinvar/vcf_GRCh37/clinvar_20260201.vcf.gz,ClinVar,vcf,exact,0,CLNSIG', '--output-maf', '/data/data_storage/novaseq_results/research/CbioPortal/Study/OTHER/test_v2/maf/2025030799_DNA.hard-filtered.vcf.maf', '--ref-fasta', '/apps/trusight/2.2.0/resources/genomes/hg19_hardPAR/genome.fa', '--tmp-dir', 'scratch/y6mir625w3', '--retain-fmt', 'GT,GQ,AD,DP,VF,AF', '--vep-path', '/data/data_storage/novaseq_results/research/CbioPortal/vep/bin', '--vep-data', '/data/data_storage/novaseq_results/research/CbioPortal/GRCh37/vep', '--tumor-id', '2025030799_DNA', '--cache-version', '115']
2026-02-17_15-11-46.06 | WARNING | Storable.c: loadable library and perl binaries are mismatched (got handshake key 0xde00080, needed 0xed00080)

2026-02-17_15-11-46.10 | INFO | Starting vcf2maf conversion of /data/data_storage/novaseq_results/research/CbioPortal/Study/OTHER/test_v2/temp/SNV/2025030192_DNA.hard-filtered.bam... This may take several minutes (approx 5 minutes per sample).
2026-02-17_15-11-46.10 | INFO | args=['perl', '/data/data_storage/novaseq_results/research/CbioPortal/vep/bin/vcf2maf.pl', '--input-vcf', '/data/data_storage/novaseq_results/research/CbioPortal/Study/OTHER/test_v2/temp/SNV/2025030192_DNA.hard-filtered.vcf', '--vep-custom', '/data/data_storage/novaseq_results/research/CbioPortal/vep/ftp.ncbi.nlm.nih.gov/pub/clinvar/vcf_GRCh37/clinvar_20260201.vcf.gz,ClinVar,vcf,exact,0,CLNSIG', '--output-maf', '/data/data_storage/novaseq_results/research/CbioPortal/Study/OTHER/test_v2/maf/2025030192_DNA.hard-filtered.vcf.maf', '--ref-fasta', '/apps/trusight/2.2.0/resources/genomes/hg19_hardPAR/genome.fa', '--tmp-dir', 'scratch/y6mir625w3', '--retain-fmt', 'GT,GQ,AD,DP,VF,AF', '--vep-path', '/data/data_storage/novaseq_results/research/CbioPortal/vep/bin', '--vep-data', '/data/data_storage/novaseq_results/research/CbioPortal/GRCh37/vep', '--tumor-id', '2025030192_DNA', '--cache-version', '115']
2026-02-17_15-11-46.13 | WARNING | Storable.c: loadable library and perl binaries are mismatched (got handshake key 0xde00080, needed 0xed00080)

2026-02-17_15-11-46.17 | INFO | Starting vcf2maf conversion of /data/data_storage/novaseq_results/research/CbioPortal/Study/OTHER/test_v2/temp/SNV/2025030609_DNA.hard-filtered.bam... This may take several minutes (approx 5 minutes per sample).
2026-02-17_15-11-46.17 | INFO | args=['perl', '/data/data_storage/novaseq_results/research/CbioPortal/vep/bin/vcf2maf.pl', '--input-vcf', '/data/data_storage/novaseq_results/research/CbioPortal/Study/OTHER/test_v2/temp/SNV/2025030609_DNA.hard-filtered.vcf', '--vep-custom', '/data/data_storage/novaseq_results/research/CbioPortal/vep/ftp.ncbi.nlm.nih.gov/pub/clinvar/vcf_GRCh37/clinvar_20260201.vcf.gz,ClinVar,vcf,exact,0,CLNSIG', '--output-maf', '/data/data_storage/novaseq_results/research/CbioPortal/Study/OTHER/test_v2/maf/2025030609_DNA.hard-filtered.vcf.maf', '--ref-fasta', '/apps/trusight/2.2.0/resources/genomes/hg19_hardPAR/genome.fa', '--tmp-dir', 'scratch/y6mir625w3', '--retain-fmt', 'GT,GQ,AD,DP,VF,AF', '--vep-path', '/data/data_storage/novaseq_results/research/CbioPortal/vep/bin', '--vep-data', '/data/data_storage/novaseq_results/research/CbioPortal/GRCh37/vep', '--tumor-id', '2025030609_DNA', '--cache-version', '115']
2026-02-17_15-11-46.25 | WARNING | Storable.c: loadable library and perl binaries are mismatched (got handshake key 0xde00080, needed 0xed00080)

2026-02-17_15-11-46.29 | INFO | Starting vcf2maf conversion of /data/data_storage/novaseq_results/research/CbioPortal/Study/OTHER/test_v2/temp/SNV/2025030572_DNA.hard-filtered.bam... This may take several minutes (approx 5 minutes per sample).
2026-02-17_15-11-46.29 | INFO | args=['perl', '/data/data_storage/novaseq_results/research/CbioPortal/vep/bin/vcf2maf.pl', '--input-vcf', '/data/data_storage/novaseq_results/research/CbioPortal/Study/OTHER/test_v2/temp/SNV/2025030572_DNA.hard-filtered.vcf', '--vep-custom', '/data/data_storage/novaseq_results/research/CbioPortal/vep/ftp.ncbi.nlm.nih.gov/pub/clinvar/vcf_GRCh37/clinvar_20260201.vcf.gz,ClinVar,vcf,exact,0,CLNSIG', '--output-maf', '/data/data_storage/novaseq_results/research/CbioPortal/Study/OTHER/test_v2/maf/2025030572_DNA.hard-filtered.vcf.maf', '--ref-fasta', '/apps/trusight/2.2.0/resources/genomes/hg19_hardPAR/genome.fa', '--tmp-dir', 'scratch/y6mir625w3', '--retain-fmt', 'GT,GQ,AD,DP,VF,AF', '--vep-path', '/data/data_storage/novaseq_results/research/CbioPortal/vep/bin', '--vep-data', '/data/data_storage/novaseq_results/research/CbioPortal/GRCh37/vep', '--tumor-id', '2025030572_DNA', '--cache-version', '115']
2026-02-17_15-11-46.33 | WARNING | Storable.c: loadable library and perl binaries are mismatched (got handshake key 0xde00080, needed 0xed00080)

2026-02-17_15-11-46.37 | INFO | Starting vcf2maf conversion of /data/data_storage/novaseq_results/research/CbioPortal/Study/OTHER/test_v2/temp/SNV/2026032446_DNA.hard-filtered.bam... This may take several minutes (approx 5 minutes per sample).
2026-02-17_15-11-46.37 | INFO | args=['perl', '/data/data_storage/novaseq_results/research/CbioPortal/vep/bin/vcf2maf.pl', '--input-vcf', '/data/data_storage/novaseq_results/research/CbioPortal/Study/OTHER/test_v2/temp/SNV/2026032446_DNA.hard-filtered.vcf', '--vep-custom', '/data/data_storage/novaseq_results/research/CbioPortal/vep/ftp.ncbi.nlm.nih.gov/pub/clinvar/vcf_GRCh37/clinvar_20260201.vcf.gz,ClinVar,vcf,exact,0,CLNSIG', '--output-maf', '/data/data_storage/novaseq_results/research/CbioPortal/Study/OTHER/test_v2/maf/2026032446_DNA.hard-filtered.vcf.maf', '--ref-fasta', '/apps/trusight/2.2.0/resources/genomes/hg19_hardPAR/genome.fa', '--tmp-dir', 'scratch/y6mir625w3', '--retain-fmt', 'GT,GQ,AD,DP,VF,AF', '--vep-path', '/data/data_storage/novaseq_results/research/CbioPortal/vep/bin', '--vep-data', '/data/data_storage/novaseq_results/research/CbioPortal/GRCh37/vep', '--tumor-id', '2026032446_DNA', '--cache-version', '115']
2026-02-17_15-11-46.40 | WARNING | Storable.c: loadable library and perl binaries are mismatched (got handshake key 0xde00080, needed 0xed00080)

2026-02-17_15-11-46.44 | INFO | Starting vcf2maf conversion of /data/data_storage/novaseq_results/research/CbioPortal/Study/OTHER/test_v2/temp/SNV/2026032447_DNA.hard-filtered.bam... This may take several minutes (approx 5 minutes per sample).
2026-02-17_15-11-46.44 | INFO | args=['perl', '/data/data_storage/novaseq_results/research/CbioPortal/vep/bin/vcf2maf.pl', '--input-vcf', '/data/data_storage/novaseq_results/research/CbioPortal/Study/OTHER/test_v2/temp/SNV/2026032447_DNA.hard-filtered.vcf', '--vep-custom', '/data/data_storage/novaseq_results/research/CbioPortal/vep/ftp.ncbi.nlm.nih.gov/pub/clinvar/vcf_GRCh37/clinvar_20260201.vcf.gz,ClinVar,vcf,exact,0,CLNSIG', '--output-maf', '/data/data_storage/novaseq_results/research/CbioPortal/Study/OTHER/test_v2/maf/2026032447_DNA.hard-filtered.vcf.maf', '--ref-fasta', '/apps/trusight/2.2.0/resources/genomes/hg19_hardPAR/genome.fa', '--tmp-dir', 'scratch/y6mir625w3', '--retain-fmt', 'GT,GQ,AD,DP,VF,AF', '--vep-path', '/data/data_storage/novaseq_results/research/CbioPortal/vep/bin', '--vep-data', '/data/data_storage/novaseq_results/research/CbioPortal/GRCh37/vep', '--tumor-id', '2026032447_DNA', '--cache-version', '115']
2026-02-17_15-11-46.48 | WARNING | Storable.c: loadable library and perl binaries are mismatched (got handshake key 0xde00080, needed 0xed00080)

2026-02-17_15-11-46.52 | INFO | Starting vcf2maf conversion of /data/data_storage/novaseq_results/research/CbioPortal/Study/OTHER/test_v2/temp/SNV/2026032448_DNA.hard-filtered.bam... This may take several minutes (approx 5 minutes per sample).
2026-02-17_15-11-46.52 | INFO | args=['perl', '/data/data_storage/novaseq_results/research/CbioPortal/vep/bin/vcf2maf.pl', '--input-vcf', '/data/data_storage/novaseq_results/research/CbioPortal/Study/OTHER/test_v2/temp/SNV/2026032448_DNA.hard-filtered.vcf', '--vep-custom', '/data/data_storage/novaseq_results/research/CbioPortal/vep/ftp.ncbi.nlm.nih.gov/pub/clinvar/vcf_GRCh37/clinvar_20260201.vcf.gz,ClinVar,vcf,exact,0,CLNSIG', '--output-maf', '/data/data_storage/novaseq_results/research/CbioPortal/Study/OTHER/test_v2/maf/2026032448_DNA.hard-filtered.vcf.maf', '--ref-fasta', '/apps/trusight/2.2.0/resources/genomes/hg19_hardPAR/genome.fa', '--tmp-dir', 'scratch/y6mir625w3', '--retain-fmt', 'GT,GQ,AD,DP,VF,AF', '--vep-path', '/data/data_storage/novaseq_results/research/CbioPortal/vep/bin', '--vep-data', '/data/data_storage/novaseq_results/research/CbioPortal/GRCh37/vep', '--tumor-id', '2026032448_DNA', '--cache-version', '115']
2026-02-17_15-11-46.55 | WARNING | Storable.c: loadable library and perl binaries are mismatched (got handshake key 0xde00080, needed 0xed00080)

2026-02-17_15-11-46.59 | INFO | Starting vcf2maf conversion of /data/data_storage/novaseq_results/research/CbioPortal/Study/OTHER/test_v2/temp/SNV/2026032449_DNA.hard-filtered.bam... This may take several minutes (approx 5 minutes per sample).
2026-02-17_15-11-46.59 | INFO | args=['perl', '/data/data_storage/novaseq_results/research/CbioPortal/vep/bin/vcf2maf.pl', '--input-vcf', '/data/data_storage/novaseq_results/research/CbioPortal/Study/OTHER/test_v2/temp/SNV/2026032449_DNA.hard-filtered.vcf', '--vep-custom', '/data/data_storage/novaseq_results/research/CbioPortal/vep/ftp.ncbi.nlm.nih.gov/pub/clinvar/vcf_GRCh37/clinvar_20260201.vcf.gz,ClinVar,vcf,exact,0,CLNSIG', '--output-maf', '/data/data_storage/novaseq_results/research/CbioPortal/Study/OTHER/test_v2/maf/2026032449_DNA.hard-filtered.vcf.maf', '--ref-fasta', '/apps/trusight/2.2.0/resources/genomes/hg19_hardPAR/genome.fa', '--tmp-dir', 'scratch/y6mir625w3', '--retain-fmt', 'GT,GQ,AD,DP,VF,AF', '--vep-path', '/data/data_storage/novaseq_results/research/CbioPortal/vep/bin', '--vep-data', '/data/data_storage/novaseq_results/research/CbioPortal/GRCh37/vep', '--tumor-id', '2026032449_DNA', '--cache-version', '115']
2026-02-17_15-11-46.63 | WARNING | Storable.c: loadable library and perl binaries are mismatched (got handshake key 0xde00080, needed 0xed00080)

2026-02-17_15-11-46.67 | INFO | Starting vcf2maf conversion of /data/data_storage/novaseq_results/research/CbioPortal/Study/OTHER/test_v2/temp/SNV/2026032451_DNA.hard-filtered.bam... This may take several minutes (approx 5 minutes per sample).
2026-02-17_15-11-46.67 | INFO | args=['perl', '/data/data_storage/novaseq_results/research/CbioPortal/vep/bin/vcf2maf.pl', '--input-vcf', '/data/data_storage/novaseq_results/research/CbioPortal/Study/OTHER/test_v2/temp/SNV/2026032451_DNA.hard-filtered.vcf', '--vep-custom', '/data/data_storage/novaseq_results/research/CbioPortal/vep/ftp.ncbi.nlm.nih.gov/pub/clinvar/vcf_GRCh37/clinvar_20260201.vcf.gz,ClinVar,vcf,exact,0,CLNSIG', '--output-maf', '/data/data_storage/novaseq_results/research/CbioPortal/Study/OTHER/test_v2/maf/2026032451_DNA.hard-filtered.vcf.maf', '--ref-fasta', '/apps/trusight/2.2.0/resources/genomes/hg19_hardPAR/genome.fa', '--tmp-dir', 'scratch/y6mir625w3', '--retain-fmt', 'GT,GQ,AD,DP,VF,AF', '--vep-path', '/data/data_storage/novaseq_results/research/CbioPortal/vep/bin', '--vep-data', '/data/data_storage/novaseq_results/research/CbioPortal/GRCh37/vep', '--tumor-id', '2026032451_DNA', '--cache-version', '115']
2026-02-17_15-11-46.70 | WARNING | Storable.c: loadable library and perl binaries are mismatched (got handshake key 0xde00080, needed 0xed00080)

2026-02-17_15-11-46.74 | INFO | Starting vcf2maf conversion of /data/data_storage/novaseq_results/research/CbioPortal/Study/OTHER/test_v2/temp/SNV/2026032457_DNA.hard-filtered.bam... This may take several minutes (approx 5 minutes per sample).
2026-02-17_15-11-46.74 | INFO | args=['perl', '/data/data_storage/novaseq_results/research/CbioPortal/vep/bin/vcf2maf.pl', '--input-vcf', '/data/data_storage/novaseq_results/research/CbioPortal/Study/OTHER/test_v2/temp/SNV/2026032457_DNA.hard-filtered.vcf', '--vep-custom', '/data/data_storage/novaseq_results/research/CbioPortal/vep/ftp.ncbi.nlm.nih.gov/pub/clinvar/vcf_GRCh37/clinvar_20260201.vcf.gz,ClinVar,vcf,exact,0,CLNSIG', '--output-maf', '/data/data_storage/novaseq_results/research/CbioPortal/Study/OTHER/test_v2/maf/2026032457_DNA.hard-filtered.vcf.maf', '--ref-fasta', '/apps/trusight/2.2.0/resources/genomes/hg19_hardPAR/genome.fa', '--tmp-dir', 'scratch/y6mir625w3', '--retain-fmt', 'GT,GQ,AD,DP,VF,AF', '--vep-path', '/data/data_storage/novaseq_results/research/CbioPortal/vep/bin', '--vep-data', '/data/data_storage/novaseq_results/research/CbioPortal/GRCh37/vep', '--tumor-id', '2026032457_DNA', '--cache-version', '115']
2026-02-17_15-11-46.78 | WARNING | Storable.c: loadable library and perl binaries are mismatched (got handshake key 0xde00080, needed 0xed00080)

2026-02-17_15-11-46.82 | INFO | Starting vcf2maf conversion of /data/data_storage/novaseq_results/research/CbioPortal/Study/OTHER/test_v2/temp/SNV/2026032459_DNA.hard-filtered.bam... This may take several minutes (approx 5 minutes per sample).
2026-02-17_15-11-46.82 | INFO | args=['perl', '/data/data_storage/novaseq_results/research/CbioPortal/vep/bin/vcf2maf.pl', '--input-vcf', '/data/data_storage/novaseq_results/research/CbioPortal/Study/OTHER/test_v2/temp/SNV/2026032459_DNA.hard-filtered.vcf', '--vep-custom', '/data/data_storage/novaseq_results/research/CbioPortal/vep/ftp.ncbi.nlm.nih.gov/pub/clinvar/vcf_GRCh37/clinvar_20260201.vcf.gz,ClinVar,vcf,exact,0,CLNSIG', '--output-maf', '/data/data_storage/novaseq_results/research/CbioPortal/Study/OTHER/test_v2/maf/2026032459_DNA.hard-filtered.vcf.maf', '--ref-fasta', '/apps/trusight/2.2.0/resources/genomes/hg19_hardPAR/genome.fa', '--tmp-dir', 'scratch/y6mir625w3', '--retain-fmt', 'GT,GQ,AD,DP,VF,AF', '--vep-path', '/data/data_storage/novaseq_results/research/CbioPortal/vep/bin', '--vep-data', '/data/data_storage/novaseq_results/research/CbioPortal/GRCh37/vep', '--tumor-id', '2026032459_DNA', '--cache-version', '115']
2026-02-17_15-11-46.85 | WARNING | Storable.c: loadable library and perl binaries are mismatched (got handshake key 0xde00080, needed 0xed00080)

2026-02-17_15-11-46.89 | INFO | Starting vcf2maf conversion of /data/data_storage/novaseq_results/research/CbioPortal/Study/OTHER/test_v2/temp/SNV/2026032460_DNA.hard-filtered.bam... This may take several minutes (approx 5 minutes per sample).
2026-02-17_15-11-46.89 | INFO | args=['perl', '/data/data_storage/novaseq_results/research/CbioPortal/vep/bin/vcf2maf.pl', '--input-vcf', '/data/data_storage/novaseq_results/research/CbioPortal/Study/OTHER/test_v2/temp/SNV/2026032460_DNA.hard-filtered.vcf', '--vep-custom', '/data/data_storage/novaseq_results/research/CbioPortal/vep/ftp.ncbi.nlm.nih.gov/pub/clinvar/vcf_GRCh37/clinvar_20260201.vcf.gz,ClinVar,vcf,exact,0,CLNSIG', '--output-maf', '/data/data_storage/novaseq_results/research/CbioPortal/Study/OTHER/test_v2/maf/2026032460_DNA.hard-filtered.vcf.maf', '--ref-fasta', '/apps/trusight/2.2.0/resources/genomes/hg19_hardPAR/genome.fa', '--tmp-dir', 'scratch/y6mir625w3', '--retain-fmt', 'GT,GQ,AD,DP,VF,AF', '--vep-path', '/data/data_storage/novaseq_results/research/CbioPortal/vep/bin', '--vep-data', '/data/data_storage/novaseq_results/research/CbioPortal/GRCh37/vep', '--tumor-id', '2026032460_DNA', '--cache-version', '115']
2026-02-17_15-11-46.92 | WARNING | Storable.c: loadable library and perl binaries are mismatched (got handshake key 0xde00080, needed 0xed00080)

2026-02-17_15-11-46.96 | INFO | Starting vcf2maf conversion of /data/data_storage/novaseq_results/research/CbioPortal/Study/OTHER/test_v2/temp/SNV/2026032461_DNA.hard-filtered.bam... This may take several minutes (approx 5 minutes per sample).
2026-02-17_15-11-46.96 | INFO | args=['perl', '/data/data_storage/novaseq_results/research/CbioPortal/vep/bin/vcf2maf.pl', '--input-vcf', '/data/data_storage/novaseq_results/research/CbioPortal/Study/OTHER/test_v2/temp/SNV/2026032461_DNA.hard-filtered.vcf', '--vep-custom', '/data/data_storage/novaseq_results/research/CbioPortal/vep/ftp.ncbi.nlm.nih.gov/pub/clinvar/vcf_GRCh37/clinvar_20260201.vcf.gz,ClinVar,vcf,exact,0,CLNSIG', '--output-maf', '/data/data_storage/novaseq_results/research/CbioPortal/Study/OTHER/test_v2/maf/2026032461_DNA.hard-filtered.vcf.maf', '--ref-fasta', '/apps/trusight/2.2.0/resources/genomes/hg19_hardPAR/genome.fa', '--tmp-dir', 'scratch/y6mir625w3', '--retain-fmt', 'GT,GQ,AD,DP,VF,AF', '--vep-path', '/data/data_storage/novaseq_results/research/CbioPortal/vep/bin', '--vep-data', '/data/data_storage/novaseq_results/research/CbioPortal/GRCh37/vep', '--tumor-id', '2026032461_DNA', '--cache-version', '115']
2026-02-17_15-11-47.00 | WARNING | Storable.c: loadable library and perl binaries are mismatched (got handshake key 0xde00080, needed 0xed00080)

2026-02-17_15-11-47.04 | INFO | Starting vcf2maf conversion of /data/data_storage/novaseq_results/research/CbioPortal/Study/OTHER/test_v2/temp/SNV/2026032463_DNA.hard-filtered.bam... This may take several minutes (approx 5 minutes per sample).
2026-02-17_15-11-47.04 | INFO | args=['perl', '/data/data_storage/novaseq_results/research/CbioPortal/vep/bin/vcf2maf.pl', '--input-vcf', '/data/data_storage/novaseq_results/research/CbioPortal/Study/OTHER/test_v2/temp/SNV/2026032463_DNA.hard-filtered.vcf', '--vep-custom', '/data/data_storage/novaseq_results/research/CbioPortal/vep/ftp.ncbi.nlm.nih.gov/pub/clinvar/vcf_GRCh37/clinvar_20260201.vcf.gz,ClinVar,vcf,exact,0,CLNSIG', '--output-maf', '/data/data_storage/novaseq_results/research/CbioPortal/Study/OTHER/test_v2/maf/2026032463_DNA.hard-filtered.vcf.maf', '--ref-fasta', '/apps/trusight/2.2.0/resources/genomes/hg19_hardPAR/genome.fa', '--tmp-dir', 'scratch/y6mir625w3', '--retain-fmt', 'GT,GQ,AD,DP,VF,AF', '--vep-path', '/data/data_storage/novaseq_results/research/CbioPortal/vep/bin', '--vep-data', '/data/data_storage/novaseq_results/research/CbioPortal/GRCh37/vep', '--tumor-id', '2026032463_DNA', '--cache-version', '115']
2026-02-17_15-11-47.08 | WARNING | Storable.c: loadable library and perl binaries are mismatched (got handshake key 0xde00080, needed 0xed00080)

2026-02-17_15-11-47.12 | INFO | Starting vcf2maf conversion of /data/data_storage/novaseq_results/research/CbioPortal/Study/OTHER/test_v2/temp/SNV/2026032464_DNA.hard-filtered.bam... This may take several minutes (approx 5 minutes per sample).
2026-02-17_15-11-47.12 | INFO | args=['perl', '/data/data_storage/novaseq_results/research/CbioPortal/vep/bin/vcf2maf.pl', '--input-vcf', '/data/data_storage/novaseq_results/research/CbioPortal/Study/OTHER/test_v2/temp/SNV/2026032464_DNA.hard-filtered.vcf', '--vep-custom', '/data/data_storage/novaseq_results/research/CbioPortal/vep/ftp.ncbi.nlm.nih.gov/pub/clinvar/vcf_GRCh37/clinvar_20260201.vcf.gz,ClinVar,vcf,exact,0,CLNSIG', '--output-maf', '/data/data_storage/novaseq_results/research/CbioPortal/Study/OTHER/test_v2/maf/2026032464_DNA.hard-filtered.vcf.maf', '--ref-fasta', '/apps/trusight/2.2.0/resources/genomes/hg19_hardPAR/genome.fa', '--tmp-dir', 'scratch/y6mir625w3', '--retain-fmt', 'GT,GQ,AD,DP,VF,AF', '--vep-path', '/data/data_storage/novaseq_results/research/CbioPortal/vep/bin', '--vep-data', '/data/data_storage/novaseq_results/research/CbioPortal/GRCh37/vep', '--tumor-id', '2026032464_DNA', '--cache-version', '115']
2026-02-17_15-11-47.15 | WARNING | Storable.c: loadable library and perl binaries are mismatched (got handshake key 0xde00080, needed 0xed00080)

2026-02-17_15-11-47.19 | INFO | Starting vcf2maf conversion of /data/data_storage/novaseq_results/research/CbioPortal/Study/OTHER/test_v2/temp/SNV/2026032467_DNA.hard-filtered.bam... This may take several minutes (approx 5 minutes per sample).
2026-02-17_15-11-47.19 | INFO | args=['perl', '/data/data_storage/novaseq_results/research/CbioPortal/vep/bin/vcf2maf.pl', '--input-vcf', '/data/data_storage/novaseq_results/research/CbioPortal/Study/OTHER/test_v2/temp/SNV/2026032467_DNA.hard-filtered.vcf', '--vep-custom', '/data/data_storage/novaseq_results/research/CbioPortal/vep/ftp.ncbi.nlm.nih.gov/pub/clinvar/vcf_GRCh37/clinvar_20260201.vcf.gz,ClinVar,vcf,exact,0,CLNSIG', '--output-maf', '/data/data_storage/novaseq_results/research/CbioPortal/Study/OTHER/test_v2/maf/2026032467_DNA.hard-filtered.vcf.maf', '--ref-fasta', '/apps/trusight/2.2.0/resources/genomes/hg19_hardPAR/genome.fa', '--tmp-dir', 'scratch/y6mir625w3', '--retain-fmt', 'GT,GQ,AD,DP,VF,AF', '--vep-path', '/data/data_storage/novaseq_results/research/CbioPortal/vep/bin', '--vep-data', '/data/data_storage/novaseq_results/research/CbioPortal/GRCh37/vep', '--tumor-id', '2026032467_DNA', '--cache-version', '115']
2026-02-17_15-11-47.22 | WARNING | Storable.c: loadable library and perl binaries are mismatched (got handshake key 0xde00080, needed 0xed00080)

2026-02-17_15-11-47.26 | INFO | Starting vcf2maf conversion of /data/data_storage/novaseq_results/research/CbioPortal/Study/OTHER/test_v2/temp/SNV/2026032468_DNA.hard-filtered.bam... This may take several minutes (approx 5 minutes per sample).
2026-02-17_15-11-47.26 | INFO | args=['perl', '/data/data_storage/novaseq_results/research/CbioPortal/vep/bin/vcf2maf.pl', '--input-vcf', '/data/data_storage/novaseq_results/research/CbioPortal/Study/OTHER/test_v2/temp/SNV/2026032468_DNA.hard-filtered.vcf', '--vep-custom', '/data/data_storage/novaseq_results/research/CbioPortal/vep/ftp.ncbi.nlm.nih.gov/pub/clinvar/vcf_GRCh37/clinvar_20260201.vcf.gz,ClinVar,vcf,exact,0,CLNSIG', '--output-maf', '/data/data_storage/novaseq_results/research/CbioPortal/Study/OTHER/test_v2/maf/2026032468_DNA.hard-filtered.vcf.maf', '--ref-fasta', '/apps/trusight/2.2.0/resources/genomes/hg19_hardPAR/genome.fa', '--tmp-dir', 'scratch/y6mir625w3', '--retain-fmt', 'GT,GQ,AD,DP,VF,AF', '--vep-path', '/data/data_storage/novaseq_results/research/CbioPortal/vep/bin', '--vep-data', '/data/data_storage/novaseq_results/research/CbioPortal/GRCh37/vep', '--tumor-id', '2026032468_DNA', '--cache-version', '115']
2026-02-17_15-11-47.30 | WARNING | Storable.c: loadable library and perl binaries are mismatched (got handshake key 0xde00080, needed 0xed00080)

2026-02-17_15-11-47.34 | INFO | Starting vcf2maf conversion of /data/data_storage/novaseq_results/research/CbioPortal/Study/OTHER/test_v2/temp/SNV/2026032470_DNA.hard-filtered.bam... This may take several minutes (approx 5 minutes per sample).
2026-02-17_15-11-47.34 | INFO | args=['perl', '/data/data_storage/novaseq_results/research/CbioPortal/vep/bin/vcf2maf.pl', '--input-vcf', '/data/data_storage/novaseq_results/research/CbioPortal/Study/OTHER/test_v2/temp/SNV/2026032470_DNA.hard-filtered.vcf', '--vep-custom', '/data/data_storage/novaseq_results/research/CbioPortal/vep/ftp.ncbi.nlm.nih.gov/pub/clinvar/vcf_GRCh37/clinvar_20260201.vcf.gz,ClinVar,vcf,exact,0,CLNSIG', '--output-maf', '/data/data_storage/novaseq_results/research/CbioPortal/Study/OTHER/test_v2/maf/2026032470_DNA.hard-filtered.vcf.maf', '--ref-fasta', '/apps/trusight/2.2.0/resources/genomes/hg19_hardPAR/genome.fa', '--tmp-dir', 'scratch/y6mir625w3', '--retain-fmt', 'GT,GQ,AD,DP,VF,AF', '--vep-path', '/data/data_storage/novaseq_results/research/CbioPortal/vep/bin', '--vep-data', '/data/data_storage/novaseq_results/research/CbioPortal/GRCh37/vep', '--tumor-id', '2026032470_DNA', '--cache-version', '115']
