2026-02-17_14-08-58.09 | INFO | 
__| |_______________________________________________________________________| |__
__   _______________________________________________________________________   __
  | |                                                                       | |
  | | █████   █████   █████████   ███████████     █████████   ██████   █████| |
  | |░░███   ░░███   ███░░░░░███ ░░███░░░░░███   ███░░░░░███ ░░██████ ░░███ | |
  | | ░███    ░███  ░███    ░███  ░███    ░███  ░███    ░███  ░███░███ ░███ | |
  | | ░███    ░███  ░███████████  ░██████████   ░███████████  ░███░░███░███ | |
  | | ░░███   ███   ░███░░░░░███  ░███░░░░░███  ░███░░░░░███  ░███ ░░██████ | |
  | |  ░░░█████░    ░███    ░███  ░███    ░███  ░███    ░███  ░███  ░░█████ | |
  | |    ░░███      █████   █████ █████   █████ █████   █████ █████  ░░█████| |
  | |     ░░░      ░░░░░   ░░░░░ ░░░░░   ░░░░░ ░░░░░   ░░░░░ ░░░░░    ░░░░░ | |
__| |_______________________________________________________________________| |__
__   _______________________________________________________________________   __
  | |                                                                       | |

2026-02-17_14-08-58.09 | INFO | Welcome to VARAN 🦎

2026-02-17_14-08-58.09 | INFO | Varan args [input:['/data/data_storage/novaseq_results/tmp/analysis_260214_A01423_0428_BHHFG7DRX7_HRD/260214_A01423_0428_BHHFG7DRX7-6c0f7d54-0fc9-45f1-ac82-158a7c797481_data_varan.tsv'], output_folder:/data/data_storage/novaseq_results/research/CbioPortal/Study/OTHER/test, filters:, cancer:mixed, oncoKB:False, analysis_type:None, overwrite_output:False, resume:False, multiple:False, update:False, extract:False, remove:False]
2026-02-17_14-08-58.09 | INFO | Starting preparation study folder
2026-02-17_14-08-58.09 | INFO | Starting walk_folder script:
2026-02-17_14-08-58.09 | INFO | walk_folder args [input:['/data/data_storage/novaseq_results/tmp/analysis_260214_A01423_0428_BHHFG7DRX7_HRD/260214_A01423_0428_BHHFG7DRX7-6c0f7d54-0fc9-45f1-ac82-158a7c797481_data_varan.tsv'], output_folder:/data/data_storage/novaseq_results/research/CbioPortal/Study/OTHER/test, overwrite:False, resume:False, vcf_type:None, filters:, multiple:False]
2026-02-17_14-08-58.12 | INFO | Creating the output folder '/data/data_storage/novaseq_results/research/CbioPortal/Study/OTHER/test_v1'...
2026-02-17_14-08-58.12 | INFO | The folder '/data/data_storage/novaseq_results/research/CbioPortal/Study/OTHER/test_v1' was correctly created!
2026-02-17_14-08-58.14 | INFO | Verifying the compilation of the conf.ini file for sample 2025030196_DNA
2026-02-17_14-08-58.25 | INFO | Verifying the compilation of the conf.ini file for sample 2026031399_DNA
2026-02-17_14-08-58.31 | INFO | Verifying the compilation of the conf.ini file for sample 2026031398_DNA
2026-02-17_14-08-58.38 | INFO | Verifying the compilation of the conf.ini file for sample 2025030568_DNA
2026-02-17_14-08-58.49 | INFO | Verifying the compilation of the conf.ini file for sample 2025030798_DNA
2026-02-17_14-08-58.64 | INFO | Verifying the compilation of the conf.ini file for sample 2025030616_DNA
2026-02-17_14-08-58.68 | INFO | Verifying the compilation of the conf.ini file for sample 2025030481_DNA
2026-02-17_14-08-58.79 | INFO | Verifying the compilation of the conf.ini file for sample 2025030105_DNA
2026-02-17_14-08-58.89 | INFO | Verifying the compilation of the conf.ini file for sample 2025030677_DNA
2026-02-17_14-08-58.98 | INFO | Verifying the compilation of the conf.ini file for sample 2025030390_DNA
2026-02-17_14-08-59.05 | INFO | Verifying the compilation of the conf.ini file for sample 2025030799_DNA
2026-02-17_14-08-59.10 | INFO | Verifying the compilation of the conf.ini file for sample 2025030192_DNA
2026-02-17_14-08-59.19 | INFO | Verifying the compilation of the conf.ini file for sample 2025030609_DNA
2026-02-17_14-08-59.35 | INFO | Verifying the compilation of the conf.ini file for sample 2025030572_DNA
2026-02-17_14-08-59.54 | INFO | Verifying the compilation of the conf.ini file for sample 2026032446_DNA
2026-02-17_14-09-00.17 | INFO | Verifying the compilation of the conf.ini file for sample 2026032447_DNA
2026-02-17_14-09-00.23 | INFO | Verifying the compilation of the conf.ini file for sample 2026032448_DNA
2026-02-17_14-09-00.53 | INFO | Verifying the compilation of the conf.ini file for sample 2026032449_DNA
2026-02-17_14-09-00.85 | INFO | Verifying the compilation of the conf.ini file for sample 2026032451_DNA
2026-02-17_14-09-01.48 | INFO | Verifying the compilation of the conf.ini file for sample 2026032457_DNA
2026-02-17_14-09-01.86 | INFO | Verifying the compilation of the conf.ini file for sample 2026032459_DNA
2026-02-17_14-09-02.04 | INFO | Verifying the compilation of the conf.ini file for sample 2026032460_DNA
2026-02-17_14-09-02.29 | INFO | Verifying the compilation of the conf.ini file for sample 2026032461_DNA
2026-02-17_14-09-03.01 | INFO | Verifying the compilation of the conf.ini file for sample 2026032463_DNA
2026-02-17_14-09-03.51 | INFO | Verifying the compilation of the conf.ini file for sample 2026032464_DNA
2026-02-17_14-09-03.84 | INFO | Verifying the compilation of the conf.ini file for sample 2026032467_DNA
2026-02-17_14-09-04.37 | INFO | Verifying the compilation of the conf.ini file for sample 2026032468_DNA
2026-02-17_14-09-04.82 | INFO | Verifying the compilation of the conf.ini file for sample 2026032470_DNA
2026-02-17_14-09-04.98 | INFO | Verifying the compilation of the conf.ini file for sample 2026032777_DNA
2026-02-17_14-09-05.05 | INFO | Verifying the compilation of the conf.ini file for sample 2026032472_DNA
2026-02-17_14-09-05.27 | INFO | Verifying the compilation of the conf.ini file for sample 2026032568_DNA
2026-02-17_14-09-05.73 | INFO | Checking CNV files...
2026-02-17_14-09-05.74 | INFO | Everything ok!
2026-02-17_14-09-05.74 | INFO | Checking SNV files...
2026-02-17_14-09-05.74 | INFO | Everything ok!
2026-02-17_14-09-05.74 | INFO | Managing CNV files...
2026-02-17_14-09-06.02 | INFO | Checking data_cna_hg19.seg file...
2026-02-17_14-09-06.02 | INFO | Checking data_cna_hg19.seg.fc.txt file...
2026-02-17_14-09-06.03 | INFO | Writing data_cna_hg19.seg succefully completed!
2026-02-17_14-09-06.03 | INFO | Writing data_cna_hg19.seg.fc.txt succefully completed!
2026-02-17_14-09-06.03 | INFO | Starting CNA evaluation (this step could take a while)...
2026-02-17_14-09-06.07 | INFO | Analyzing cna sample(s)
2026-02-17_14-09-06.84 | INFO | Writing exonic_BRCA.txt file...
2026-02-17_14-09-06.85 | INFO | Managing SNV files...
2026-02-17_14-09-06.86 | INFO | Checking maf folder...
2026-02-17_14-09-07.07 | INFO | Starting vcf2maf conversion of /data/data_storage/novaseq_results/research/CbioPortal/Study/OTHER/test_v1/temp/SNV/2025030196_DNA.hard-filtered.bam... This may take several minutes (approx 5 minutes per sample).
2026-02-17_14-09-07.07 | INFO | args=['perl', '/data/data_storage/novaseq_results/research/CbioPortal/vep/bin/vcf2maf.pl', '--input-vcf', '/data/data_storage/novaseq_results/research/CbioPortal/Study/OTHER/test_v1/temp/SNV/2025030196_DNA.hard-filtered.vcf', '--vep-custom', '/data/data_storage/novaseq_results/research/CbioPortal/vep/ftp.ncbi.nlm.nih.gov/pub/clinvar/vcf_GRCh37/clinvar_20260201.vcf.gz,ClinVar,vcf,exact,0,CLNSIG', '--output-maf', '/data/data_storage/novaseq_results/research/CbioPortal/Study/OTHER/test_v1/maf/2025030196_DNA.hard-filtered.vcf.maf', '--ref-fasta', '/apps/trusight/2.2.0/resources/genomes/hg19_hardPAR/genome.fa', '--tmp-dir', 'scratch/h92k545yxs', '--retain-fmt', 'GT,GQ,AD,DP,VF,AF', '--vep-path', '/data/data_storage/novaseq_results/research/CbioPortal/vep/bin', '--vep-data', '/data/data_storage/novaseq_results/research/CbioPortal/GRCh37/vep', '--tumor-id', '2025030196_DNA', '--cache-version', '115']
