2026-02-19_14-40-05.06 | INFO | 
__| |_______________________________________________________________________| |__
__   _______________________________________________________________________   __
  | |                                                                       | |
  | | █████   █████   █████████   ███████████     █████████   ██████   █████| |
  | |░░███   ░░███   ███░░░░░███ ░░███░░░░░███   ███░░░░░███ ░░██████ ░░███ | |
  | | ░███    ░███  ░███    ░███  ░███    ░███  ░███    ░███  ░███░███ ░███ | |
  | | ░███    ░███  ░███████████  ░██████████   ░███████████  ░███░░███░███ | |
  | | ░░███   ███   ░███░░░░░███  ░███░░░░░███  ░███░░░░░███  ░███ ░░██████ | |
  | |  ░░░█████░    ░███    ░███  ░███    ░███  ░███    ░███  ░███  ░░█████ | |
  | |    ░░███      █████   █████ █████   █████ █████   █████ █████  ░░█████| |
  | |     ░░░      ░░░░░   ░░░░░ ░░░░░   ░░░░░ ░░░░░   ░░░░░ ░░░░░    ░░░░░ | |
__| |_______________________________________________________________________| |__
__   _______________________________________________________________________   __
  | |                                                                       | |

2026-02-19_14-40-05.06 | INFO | Welcome to VARAN 🦎

2026-02-19_14-40-05.06 | INFO | Varan args [input:['/data/data_storage/novaseq_results/tmp/analysis_260214_A01423_0428_BHHFG7DRX7_HRD/260214_A01423_0428_BHHFG7DRX7-6c0f7d54-0fc9-45f1-ac82-158a7c797481_data_varan.tsv'], output_folder:/data/data_storage/novaseq_results/research/CbioPortal/Study/OTHER/test, filters:, cancer:mixed, oncoKB:False, analysis_type:cnv, overwrite_output:False, resume:False, multiple:False, update:False, extract:False, remove:False]
2026-02-19_14-40-05.06 | INFO | Starting preparation study folder
2026-02-19_14-40-05.06 | INFO | Starting walk_folder script:
2026-02-19_14-40-05.06 | INFO | walk_folder args [input:['/data/data_storage/novaseq_results/tmp/analysis_260214_A01423_0428_BHHFG7DRX7_HRD/260214_A01423_0428_BHHFG7DRX7-6c0f7d54-0fc9-45f1-ac82-158a7c797481_data_varan.tsv'], output_folder:/data/data_storage/novaseq_results/research/CbioPortal/Study/OTHER/test, overwrite:False, resume:False, vcf_type:cnv, filters:, multiple:False]
2026-02-19_14-40-05.07 | WARNING | It seems that a version of the folder '/data/data_storage/novaseq_results/research/CbioPortal/Study/OTHER/test' already exists.
2026-02-19_14-40-05.07 | INFO | 3 version(s) of the selected output folder found: ['test_v9', 'test_v10', 'test_v8']
2026-02-19_14-40-05.07 | INFO | Creating the output folder '/data/data_storage/novaseq_results/research/CbioPortal/Study/OTHER/test_v11'...
2026-02-19_14-40-05.07 | INFO | The folder '/data/data_storage/novaseq_results/research/CbioPortal/Study/OTHER/test_v11' was correctly created!
2026-02-19_14-40-05.08 | INFO | Verifying the compilation of the conf.ini file for sample 2025030196_DNA
2026-02-19_14-40-05.10 | INFO | Verifying the compilation of the conf.ini file for sample 2026031399_DNA
2026-02-19_14-40-05.12 | INFO | Verifying the compilation of the conf.ini file for sample 2026031398_DNA
2026-02-19_14-40-05.14 | INFO | Verifying the compilation of the conf.ini file for sample 2025030568_DNA
2026-02-19_14-40-05.16 | INFO | Verifying the compilation of the conf.ini file for sample 2025030798_DNA
2026-02-19_14-40-05.18 | INFO | Verifying the compilation of the conf.ini file for sample 2025030616_DNA
2026-02-19_14-40-05.20 | INFO | Verifying the compilation of the conf.ini file for sample 2025030481_DNA
2026-02-19_14-40-05.22 | INFO | Verifying the compilation of the conf.ini file for sample 2025030105_DNA
2026-02-19_14-40-05.23 | INFO | Verifying the compilation of the conf.ini file for sample 2025030677_DNA
2026-02-19_14-40-05.26 | INFO | Verifying the compilation of the conf.ini file for sample 2025030390_DNA
2026-02-19_14-40-05.28 | INFO | Verifying the compilation of the conf.ini file for sample 2025030799_DNA
2026-02-19_14-40-05.30 | INFO | Verifying the compilation of the conf.ini file for sample 2025030192_DNA
2026-02-19_14-40-05.32 | INFO | Verifying the compilation of the conf.ini file for sample 2025030609_DNA
2026-02-19_14-40-05.34 | INFO | Verifying the compilation of the conf.ini file for sample 2025030572_DNA
2026-02-19_14-40-05.36 | INFO | Verifying the compilation of the conf.ini file for sample 2026032446_DNA
2026-02-19_14-40-05.39 | INFO | Verifying the compilation of the conf.ini file for sample 2026032447_DNA
2026-02-19_14-40-05.42 | INFO | Verifying the compilation of the conf.ini file for sample 2026032448_DNA
2026-02-19_14-40-05.45 | INFO | Verifying the compilation of the conf.ini file for sample 2026032449_DNA
2026-02-19_14-40-05.48 | INFO | Verifying the compilation of the conf.ini file for sample 2026032451_DNA
2026-02-19_14-40-05.52 | INFO | Verifying the compilation of the conf.ini file for sample 2026032457_DNA
2026-02-19_14-40-05.56 | INFO | Verifying the compilation of the conf.ini file for sample 2026032459_DNA
2026-02-19_14-40-05.61 | INFO | Verifying the compilation of the conf.ini file for sample 2026032460_DNA
2026-02-19_14-40-05.66 | INFO | Verifying the compilation of the conf.ini file for sample 2026032461_DNA
2026-02-19_14-40-05.69 | INFO | Verifying the compilation of the conf.ini file for sample 2026032463_DNA
2026-02-19_14-40-05.73 | INFO | Verifying the compilation of the conf.ini file for sample 2026032464_DNA
2026-02-19_14-40-05.77 | INFO | Verifying the compilation of the conf.ini file for sample 2026032467_DNA
2026-02-19_14-40-05.80 | INFO | Verifying the compilation of the conf.ini file for sample 2026032468_DNA
2026-02-19_14-40-05.84 | INFO | Verifying the compilation of the conf.ini file for sample 2026032470_DNA
2026-02-19_14-40-05.86 | INFO | Verifying the compilation of the conf.ini file for sample 2026032777_DNA
2026-02-19_14-40-05.88 | INFO | Verifying the compilation of the conf.ini file for sample 2026032472_DNA
2026-02-19_14-40-05.91 | INFO | Verifying the compilation of the conf.ini file for sample 2026032568_DNA
2026-02-19_14-40-05.95 | INFO | Checking CNV files...
2026-02-19_14-40-05.96 | INFO | Everything ok!
2026-02-19_14-40-05.96 | INFO | Everything ok!
2026-02-19_14-40-05.96 | INFO | Managing CNV files...
2026-02-19_14-40-06.39 | INFO | Checking data_cna_hg19.seg file...
2026-02-19_14-40-06.39 | INFO | Checking data_cna_hg19.seg.fc.txt file...
2026-02-19_14-40-06.40 | INFO | Writing data_cna_hg19.seg succefully completed!
2026-02-19_14-40-06.40 | INFO | Writing data_cna_hg19.seg.fc.txt succefully completed!
2026-02-19_14-40-06.40 | INFO | Starting CNA evaluation (this step could take a while)...
2026-02-19_14-40-06.43 | INFO | Analyzing cna sample(s)
2026-02-19_14-40-07.20 | INFO | Writing exonic_BRCA.txt file...
2026-02-19_14-40-07.22 | INFO | Clearing scratch folder...
2026-02-19_14-40-07.22 | INFO | Writing clinical files...
2026-02-19_14-40-07.22 | INFO | Writing data_clinical_patient.txt file...
2026-02-19_14-40-07.26 | INFO | Writing data_clinical_sample.txt file...
2026-02-19_14-40-07.30 | SUCCESS | Walk script completed!

2026-02-19_14-40-07.30 | INFO | Starting MAF filtering
2026-02-19_14-40-07.30 | INFO | It's time to create tables!
2026-02-19_14-40-07.30 | INFO | Starting meta_case_main script:
2026-02-19_14-40-07.30 | INFO | meta_case_main args [cancer:mixed, output_file:/data/data_storage/novaseq_results/research/CbioPortal/Study/OTHER/test_v11]
2026-02-19_14-40-07.30 | INFO | Creating case list folder...
2026-02-19_14-40-07.30 | INFO | Writing meta_study.txt file...
2026-02-19_14-40-07.30 | INFO | meta_study.txt created!
2026-02-19_14-40-07.31 | INFO | Writing meta_clinical_patient.txt file...
2026-02-19_14-40-07.31 | INFO | meta_clinical_patient.txt created!
2026-02-19_14-40-07.31 | INFO | Writing meta_clinical_sample.txt file...
2026-02-19_14-40-07.31 | INFO | meta_clinical_sample.txt created!
2026-02-19_14-40-07.31 | INFO | Writing meta_cna.txt file...
2026-02-19_14-40-07.31 | INFO | meta_cna.txt created!
2026-02-19_14-40-07.31 | INFO | Writing meta_cna_hg19_seg.txt file...
2026-02-19_14-40-07.31 | INFO | meta_cna_hg19.txt created!
2026-02-19_14-40-07.31 | WARNING | data_mutations_extended.txt file not found, not writing cases_sequenced.txt!
2026-02-19_14-40-07.31 | WARNING | data_sv.txt file not found, not writing cases_sv.txt!
2026-02-19_14-40-07.31 | SUCCESS | Make_meta_and_cases script completed!

2026-02-19_14-40-07.32 | INFO | Starting validation...
2026-02-19_14-40-07.32 | WARNING | Missing file(s) for Fusion from /data/data_storage/novaseq_results/research/CbioPortal/Study/OTHER/test_v11:
2026-02-19_14-40-07.32 | WARNING | - case_lists/cases_sv.txt
2026-02-19_14-40-07.32 | WARNING | - data_sv.txt
2026-02-19_14-40-07.32 | WARNING | - meta_sv.txt
2026-02-19_14-40-07.32 | WARNING | Missing file(s) for SNV from /data/data_storage/novaseq_results/research/CbioPortal/Study/OTHER/test_v11:
2026-02-19_14-40-07.32 | WARNING | - case_lists/cases_sequenced.txt
2026-02-19_14-40-07.32 | WARNING | - data_mutations_extended.txt
2026-02-19_14-40-07.32 | WARNING | - meta_mutations_extended.txt
2026-02-19_14-40-07.32 | INFO | Starting validation... 
2026-02-19_14-40-07.32 | WARNING | Warning: succeeding files may still fail to load (correctly).
2026-02-19_14-40-07.77 | WARNING | Validation of study succeeded with warnings. Check the report file in the study folder for details!
