2026-02-17_15-03-29.33 | INFO | 
__| |_______________________________________________________________________| |__
__   _______________________________________________________________________   __
  | |                                                                       | |
  | | █████   █████   █████████   ███████████     █████████   ██████   █████| |
  | |░░███   ░░███   ███░░░░░███ ░░███░░░░░███   ███░░░░░███ ░░██████ ░░███ | |
  | | ░███    ░███  ░███    ░███  ░███    ░███  ░███    ░███  ░███░███ ░███ | |
  | | ░███    ░███  ░███████████  ░██████████   ░███████████  ░███░░███░███ | |
  | | ░░███   ███   ░███░░░░░███  ░███░░░░░███  ░███░░░░░███  ░███ ░░██████ | |
  | |  ░░░█████░    ░███    ░███  ░███    ░███  ░███    ░███  ░███  ░░█████ | |
  | |    ░░███      █████   █████ █████   █████ █████   █████ █████  ░░█████| |
  | |     ░░░      ░░░░░   ░░░░░ ░░░░░   ░░░░░ ░░░░░   ░░░░░ ░░░░░    ░░░░░ | |
__| |_______________________________________________________________________| |__
__   _______________________________________________________________________   __
  | |                                                                       | |

2026-02-17_15-03-29.33 | INFO | Welcome to VARAN 🦎

2026-02-17_15-03-29.33 | INFO | Varan args [input:['/data/data_storage/novaseq_results/tmp/analysis_260214_A01423_0428_BHHFG7DRX7_HRD/260214_A01423_0428_BHHFG7DRX7-6c0f7d54-0fc9-45f1-ac82-158a7c797481_data_varan.tsv'], output_folder:/data/data_storage/novaseq_results/research/CbioPortal/Study/OTHER/test, filters:, cancer:mixed, oncoKB:False, analysis_type:None, overwrite_output:False, resume:False, multiple:False, update:False, extract:False, remove:False]
2026-02-17_15-03-29.33 | INFO | Starting preparation study folder
2026-02-17_15-03-29.33 | INFO | Starting walk_folder script:
2026-02-17_15-03-29.33 | INFO | walk_folder args [input:['/data/data_storage/novaseq_results/tmp/analysis_260214_A01423_0428_BHHFG7DRX7_HRD/260214_A01423_0428_BHHFG7DRX7-6c0f7d54-0fc9-45f1-ac82-158a7c797481_data_varan.tsv'], output_folder:/data/data_storage/novaseq_results/research/CbioPortal/Study/OTHER/test, overwrite:False, resume:False, vcf_type:None, filters:, multiple:False]
2026-02-17_15-03-29.36 | INFO | Creating the output folder '/data/data_storage/novaseq_results/research/CbioPortal/Study/OTHER/test_v1'...
2026-02-17_15-03-29.36 | INFO | The folder '/data/data_storage/novaseq_results/research/CbioPortal/Study/OTHER/test_v1' was correctly created!
2026-02-17_15-03-29.37 | INFO | Verifying the compilation of the conf.ini file for sample 2025030196_DNA
2026-02-17_15-03-29.51 | INFO | Verifying the compilation of the conf.ini file for sample 2026031399_DNA
2026-02-17_15-03-29.57 | INFO | Verifying the compilation of the conf.ini file for sample 2026031398_DNA
2026-02-17_15-03-29.72 | INFO | Verifying the compilation of the conf.ini file for sample 2025030568_DNA
2026-02-17_15-03-29.83 | INFO | Verifying the compilation of the conf.ini file for sample 2025030798_DNA
2026-02-17_15-03-29.97 | INFO | Verifying the compilation of the conf.ini file for sample 2025030616_DNA
2026-02-17_15-03-30.01 | INFO | Verifying the compilation of the conf.ini file for sample 2025030481_DNA
2026-02-17_15-03-30.13 | INFO | Verifying the compilation of the conf.ini file for sample 2025030105_DNA
2026-02-17_15-03-30.24 | INFO | Verifying the compilation of the conf.ini file for sample 2025030677_DNA
2026-02-17_15-03-30.37 | INFO | Verifying the compilation of the conf.ini file for sample 2025030390_DNA
2026-02-17_15-03-30.42 | INFO | Verifying the compilation of the conf.ini file for sample 2025030799_DNA
2026-02-17_15-03-30.46 | INFO | Verifying the compilation of the conf.ini file for sample 2025030192_DNA
2026-02-17_15-03-30.53 | INFO | Verifying the compilation of the conf.ini file for sample 2025030609_DNA
2026-02-17_15-03-30.66 | INFO | Verifying the compilation of the conf.ini file for sample 2025030572_DNA
2026-02-17_15-03-30.85 | INFO | Verifying the compilation of the conf.ini file for sample 2026032446_DNA
2026-02-17_15-03-31.51 | INFO | Verifying the compilation of the conf.ini file for sample 2026032447_DNA
2026-02-17_15-03-31.55 | INFO | Verifying the compilation of the conf.ini file for sample 2026032448_DNA
2026-02-17_15-03-31.81 | INFO | Verifying the compilation of the conf.ini file for sample 2026032449_DNA
2026-02-17_15-03-32.16 | INFO | Verifying the compilation of the conf.ini file for sample 2026032451_DNA
2026-02-17_15-03-32.65 | INFO | Verifying the compilation of the conf.ini file for sample 2026032457_DNA
2026-02-17_15-03-33.06 | INFO | Verifying the compilation of the conf.ini file for sample 2026032459_DNA
2026-02-17_15-03-33.30 | INFO | Verifying the compilation of the conf.ini file for sample 2026032460_DNA
2026-02-17_15-03-33.64 | INFO | Verifying the compilation of the conf.ini file for sample 2026032461_DNA
2026-02-17_15-03-34.20 | INFO | Verifying the compilation of the conf.ini file for sample 2026032463_DNA
2026-02-17_15-03-34.65 | INFO | Verifying the compilation of the conf.ini file for sample 2026032464_DNA
2026-02-17_15-03-34.92 | INFO | Verifying the compilation of the conf.ini file for sample 2026032467_DNA
2026-02-17_15-03-35.29 | INFO | Verifying the compilation of the conf.ini file for sample 2026032468_DNA
2026-02-17_15-03-35.69 | INFO | Verifying the compilation of the conf.ini file for sample 2026032470_DNA
2026-02-17_15-03-35.91 | INFO | Verifying the compilation of the conf.ini file for sample 2026032777_DNA
2026-02-17_15-03-35.95 | INFO | Verifying the compilation of the conf.ini file for sample 2026032472_DNA
2026-02-17_15-03-36.11 | INFO | Verifying the compilation of the conf.ini file for sample 2026032568_DNA
2026-02-17_15-03-36.40 | INFO | Checking CNV files...
2026-02-17_15-03-36.40 | INFO | Everything ok!
2026-02-17_15-03-36.40 | INFO | Checking SNV files...
2026-02-17_15-03-36.40 | INFO | Everything ok!
2026-02-17_15-03-36.40 | INFO | Managing CNV files...
2026-02-17_15-03-36.68 | INFO | Checking data_cna_hg19.seg file...
2026-02-17_15-03-36.68 | INFO | Checking data_cna_hg19.seg.fc.txt file...
2026-02-17_15-03-36.68 | INFO | Writing data_cna_hg19.seg succefully completed!
2026-02-17_15-03-36.68 | INFO | Writing data_cna_hg19.seg.fc.txt succefully completed!
2026-02-17_15-03-36.68 | INFO | Starting CNA evaluation (this step could take a while)...
2026-02-17_15-03-36.72 | INFO | Analyzing cna sample(s)
2026-02-17_15-03-37.49 | INFO | Writing exonic_BRCA.txt file...
2026-02-17_15-03-37.51 | INFO | Managing SNV files...
2026-02-17_15-03-37.51 | INFO | Checking maf folder...
2026-02-17_15-03-37.77 | INFO | Starting vcf2maf conversion of /data/data_storage/novaseq_results/research/CbioPortal/Study/OTHER/test_v1/temp/SNV/2025030196_DNA.hard-filtered.bam... This may take several minutes (approx 5 minutes per sample).
2026-02-17_15-03-37.77 | INFO | args=['perl', '/data/data_storage/novaseq_results/research/CbioPortal/vep/bin/vcf2maf.pl', '--input-vcf', '/data/data_storage/novaseq_results/research/CbioPortal/Study/OTHER/test_v1/temp/SNV/2025030196_DNA.hard-filtered.vcf', '--vep-custom', '/data/data_storage/novaseq_results/research/CbioPortal/vep/ftp.ncbi.nlm.nih.gov/pub/clinvar/vcf_GRCh37/clinvar_20260201.vcf.gz,ClinVar,vcf,exact,0,CLNSIG', '--output-maf', '/data/data_storage/novaseq_results/research/CbioPortal/Study/OTHER/test_v1/maf/2025030196_DNA.hard-filtered.vcf.maf', '--ref-fasta', '/apps/trusight/2.2.0/resources/genomes/hg19_hardPAR/genome.fa', '--tmp-dir', 'scratch/ob27by1x82', '--retain-fmt', 'GT,GQ,AD,DP,VF,AF', '--vep-path', '/data/data_storage/novaseq_results/research/CbioPortal/vep/bin', '--vep-data', '/data/data_storage/novaseq_results/research/CbioPortal/GRCh37/vep', '--tumor-id', '2025030196_DNA', '--cache-version', '115']
2026-02-17_15-03-37.88 | WARNING | Storable.c: loadable library and perl binaries are mismatched (got handshake key 0xde00080, needed 0xed00080)

2026-02-17_15-03-37.92 | INFO | Starting vcf2maf conversion of /data/data_storage/novaseq_results/research/CbioPortal/Study/OTHER/test_v1/temp/SNV/2026031399_DNA.hard-filtered.bam... This may take several minutes (approx 5 minutes per sample).
2026-02-17_15-03-37.92 | INFO | args=['perl', '/data/data_storage/novaseq_results/research/CbioPortal/vep/bin/vcf2maf.pl', '--input-vcf', '/data/data_storage/novaseq_results/research/CbioPortal/Study/OTHER/test_v1/temp/SNV/2026031399_DNA.hard-filtered.vcf', '--vep-custom', '/data/data_storage/novaseq_results/research/CbioPortal/vep/ftp.ncbi.nlm.nih.gov/pub/clinvar/vcf_GRCh37/clinvar_20260201.vcf.gz,ClinVar,vcf,exact,0,CLNSIG', '--output-maf', '/data/data_storage/novaseq_results/research/CbioPortal/Study/OTHER/test_v1/maf/2026031399_DNA.hard-filtered.vcf.maf', '--ref-fasta', '/apps/trusight/2.2.0/resources/genomes/hg19_hardPAR/genome.fa', '--tmp-dir', 'scratch/ob27by1x82', '--retain-fmt', 'GT,GQ,AD,DP,VF,AF', '--vep-path', '/data/data_storage/novaseq_results/research/CbioPortal/vep/bin', '--vep-data', '/data/data_storage/novaseq_results/research/CbioPortal/GRCh37/vep', '--tumor-id', '2026031399_DNA', '--cache-version', '115']
2026-02-17_15-03-37.95 | WARNING | Storable.c: loadable library and perl binaries are mismatched (got handshake key 0xde00080, needed 0xed00080)

2026-02-17_15-03-37.99 | INFO | Starting vcf2maf conversion of /data/data_storage/novaseq_results/research/CbioPortal/Study/OTHER/test_v1/temp/SNV/2026031398_DNA.hard-filtered.bam... This may take several minutes (approx 5 minutes per sample).
2026-02-17_15-03-37.99 | INFO | args=['perl', '/data/data_storage/novaseq_results/research/CbioPortal/vep/bin/vcf2maf.pl', '--input-vcf', '/data/data_storage/novaseq_results/research/CbioPortal/Study/OTHER/test_v1/temp/SNV/2026031398_DNA.hard-filtered.vcf', '--vep-custom', '/data/data_storage/novaseq_results/research/CbioPortal/vep/ftp.ncbi.nlm.nih.gov/pub/clinvar/vcf_GRCh37/clinvar_20260201.vcf.gz,ClinVar,vcf,exact,0,CLNSIG', '--output-maf', '/data/data_storage/novaseq_results/research/CbioPortal/Study/OTHER/test_v1/maf/2026031398_DNA.hard-filtered.vcf.maf', '--ref-fasta', '/apps/trusight/2.2.0/resources/genomes/hg19_hardPAR/genome.fa', '--tmp-dir', 'scratch/ob27by1x82', '--retain-fmt', 'GT,GQ,AD,DP,VF,AF', '--vep-path', '/data/data_storage/novaseq_results/research/CbioPortal/vep/bin', '--vep-data', '/data/data_storage/novaseq_results/research/CbioPortal/GRCh37/vep', '--tumor-id', '2026031398_DNA', '--cache-version', '115']
2026-02-17_15-03-38.03 | WARNING | Storable.c: loadable library and perl binaries are mismatched (got handshake key 0xde00080, needed 0xed00080)

2026-02-17_15-03-38.07 | INFO | Starting vcf2maf conversion of /data/data_storage/novaseq_results/research/CbioPortal/Study/OTHER/test_v1/temp/SNV/2025030568_DNA.hard-filtered.bam... This may take several minutes (approx 5 minutes per sample).
2026-02-17_15-03-38.07 | INFO | args=['perl', '/data/data_storage/novaseq_results/research/CbioPortal/vep/bin/vcf2maf.pl', '--input-vcf', '/data/data_storage/novaseq_results/research/CbioPortal/Study/OTHER/test_v1/temp/SNV/2025030568_DNA.hard-filtered.vcf', '--vep-custom', '/data/data_storage/novaseq_results/research/CbioPortal/vep/ftp.ncbi.nlm.nih.gov/pub/clinvar/vcf_GRCh37/clinvar_20260201.vcf.gz,ClinVar,vcf,exact,0,CLNSIG', '--output-maf', '/data/data_storage/novaseq_results/research/CbioPortal/Study/OTHER/test_v1/maf/2025030568_DNA.hard-filtered.vcf.maf', '--ref-fasta', '/apps/trusight/2.2.0/resources/genomes/hg19_hardPAR/genome.fa', '--tmp-dir', 'scratch/ob27by1x82', '--retain-fmt', 'GT,GQ,AD,DP,VF,AF', '--vep-path', '/data/data_storage/novaseq_results/research/CbioPortal/vep/bin', '--vep-data', '/data/data_storage/novaseq_results/research/CbioPortal/GRCh37/vep', '--tumor-id', '2025030568_DNA', '--cache-version', '115']
2026-02-17_15-03-38.12 | WARNING | Storable.c: loadable library and perl binaries are mismatched (got handshake key 0xde00080, needed 0xed00080)

2026-02-17_15-03-38.17 | INFO | Starting vcf2maf conversion of /data/data_storage/novaseq_results/research/CbioPortal/Study/OTHER/test_v1/temp/SNV/2025030798_DNA.hard-filtered.bam... This may take several minutes (approx 5 minutes per sample).
2026-02-17_15-03-38.17 | INFO | args=['perl', '/data/data_storage/novaseq_results/research/CbioPortal/vep/bin/vcf2maf.pl', '--input-vcf', '/data/data_storage/novaseq_results/research/CbioPortal/Study/OTHER/test_v1/temp/SNV/2025030798_DNA.hard-filtered.vcf', '--vep-custom', '/data/data_storage/novaseq_results/research/CbioPortal/vep/ftp.ncbi.nlm.nih.gov/pub/clinvar/vcf_GRCh37/clinvar_20260201.vcf.gz,ClinVar,vcf,exact,0,CLNSIG', '--output-maf', '/data/data_storage/novaseq_results/research/CbioPortal/Study/OTHER/test_v1/maf/2025030798_DNA.hard-filtered.vcf.maf', '--ref-fasta', '/apps/trusight/2.2.0/resources/genomes/hg19_hardPAR/genome.fa', '--tmp-dir', 'scratch/ob27by1x82', '--retain-fmt', 'GT,GQ,AD,DP,VF,AF', '--vep-path', '/data/data_storage/novaseq_results/research/CbioPortal/vep/bin', '--vep-data', '/data/data_storage/novaseq_results/research/CbioPortal/GRCh37/vep', '--tumor-id', '2025030798_DNA', '--cache-version', '115']
2026-02-17_15-03-38.20 | WARNING | Storable.c: loadable library and perl binaries are mismatched (got handshake key 0xde00080, needed 0xed00080)

2026-02-17_15-03-38.26 | INFO | Starting vcf2maf conversion of /data/data_storage/novaseq_results/research/CbioPortal/Study/OTHER/test_v1/temp/SNV/2025030616_DNA.hard-filtered.bam... This may take several minutes (approx 5 minutes per sample).
2026-02-17_15-03-38.26 | INFO | args=['perl', '/data/data_storage/novaseq_results/research/CbioPortal/vep/bin/vcf2maf.pl', '--input-vcf', '/data/data_storage/novaseq_results/research/CbioPortal/Study/OTHER/test_v1/temp/SNV/2025030616_DNA.hard-filtered.vcf', '--vep-custom', '/data/data_storage/novaseq_results/research/CbioPortal/vep/ftp.ncbi.nlm.nih.gov/pub/clinvar/vcf_GRCh37/clinvar_20260201.vcf.gz,ClinVar,vcf,exact,0,CLNSIG', '--output-maf', '/data/data_storage/novaseq_results/research/CbioPortal/Study/OTHER/test_v1/maf/2025030616_DNA.hard-filtered.vcf.maf', '--ref-fasta', '/apps/trusight/2.2.0/resources/genomes/hg19_hardPAR/genome.fa', '--tmp-dir', 'scratch/ob27by1x82', '--retain-fmt', 'GT,GQ,AD,DP,VF,AF', '--vep-path', '/data/data_storage/novaseq_results/research/CbioPortal/vep/bin', '--vep-data', '/data/data_storage/novaseq_results/research/CbioPortal/GRCh37/vep', '--tumor-id', '2025030616_DNA', '--cache-version', '115']
2026-02-17_15-03-38.29 | WARNING | Storable.c: loadable library and perl binaries are mismatched (got handshake key 0xde00080, needed 0xed00080)

2026-02-17_15-03-38.33 | INFO | Starting vcf2maf conversion of /data/data_storage/novaseq_results/research/CbioPortal/Study/OTHER/test_v1/temp/SNV/2025030481_DNA.hard-filtered.bam... This may take several minutes (approx 5 minutes per sample).
2026-02-17_15-03-38.33 | INFO | args=['perl', '/data/data_storage/novaseq_results/research/CbioPortal/vep/bin/vcf2maf.pl', '--input-vcf', '/data/data_storage/novaseq_results/research/CbioPortal/Study/OTHER/test_v1/temp/SNV/2025030481_DNA.hard-filtered.vcf', '--vep-custom', '/data/data_storage/novaseq_results/research/CbioPortal/vep/ftp.ncbi.nlm.nih.gov/pub/clinvar/vcf_GRCh37/clinvar_20260201.vcf.gz,ClinVar,vcf,exact,0,CLNSIG', '--output-maf', '/data/data_storage/novaseq_results/research/CbioPortal/Study/OTHER/test_v1/maf/2025030481_DNA.hard-filtered.vcf.maf', '--ref-fasta', '/apps/trusight/2.2.0/resources/genomes/hg19_hardPAR/genome.fa', '--tmp-dir', 'scratch/ob27by1x82', '--retain-fmt', 'GT,GQ,AD,DP,VF,AF', '--vep-path', '/data/data_storage/novaseq_results/research/CbioPortal/vep/bin', '--vep-data', '/data/data_storage/novaseq_results/research/CbioPortal/GRCh37/vep', '--tumor-id', '2025030481_DNA', '--cache-version', '115']
2026-02-17_15-03-38.37 | WARNING | Storable.c: loadable library and perl binaries are mismatched (got handshake key 0xde00080, needed 0xed00080)

2026-02-17_15-03-38.41 | INFO | Starting vcf2maf conversion of /data/data_storage/novaseq_results/research/CbioPortal/Study/OTHER/test_v1/temp/SNV/2025030105_DNA.hard-filtered.bam... This may take several minutes (approx 5 minutes per sample).
2026-02-17_15-03-38.41 | INFO | args=['perl', '/data/data_storage/novaseq_results/research/CbioPortal/vep/bin/vcf2maf.pl', '--input-vcf', '/data/data_storage/novaseq_results/research/CbioPortal/Study/OTHER/test_v1/temp/SNV/2025030105_DNA.hard-filtered.vcf', '--vep-custom', '/data/data_storage/novaseq_results/research/CbioPortal/vep/ftp.ncbi.nlm.nih.gov/pub/clinvar/vcf_GRCh37/clinvar_20260201.vcf.gz,ClinVar,vcf,exact,0,CLNSIG', '--output-maf', '/data/data_storage/novaseq_results/research/CbioPortal/Study/OTHER/test_v1/maf/2025030105_DNA.hard-filtered.vcf.maf', '--ref-fasta', '/apps/trusight/2.2.0/resources/genomes/hg19_hardPAR/genome.fa', '--tmp-dir', 'scratch/ob27by1x82', '--retain-fmt', 'GT,GQ,AD,DP,VF,AF', '--vep-path', '/data/data_storage/novaseq_results/research/CbioPortal/vep/bin', '--vep-data', '/data/data_storage/novaseq_results/research/CbioPortal/GRCh37/vep', '--tumor-id', '2025030105_DNA', '--cache-version', '115']
2026-02-17_15-03-38.44 | WARNING | Storable.c: loadable library and perl binaries are mismatched (got handshake key 0xde00080, needed 0xed00080)

2026-02-17_15-03-38.48 | INFO | Starting vcf2maf conversion of /data/data_storage/novaseq_results/research/CbioPortal/Study/OTHER/test_v1/temp/SNV/2025030677_DNA.hard-filtered.bam... This may take several minutes (approx 5 minutes per sample).
2026-02-17_15-03-38.48 | INFO | args=['perl', '/data/data_storage/novaseq_results/research/CbioPortal/vep/bin/vcf2maf.pl', '--input-vcf', '/data/data_storage/novaseq_results/research/CbioPortal/Study/OTHER/test_v1/temp/SNV/2025030677_DNA.hard-filtered.vcf', '--vep-custom', '/data/data_storage/novaseq_results/research/CbioPortal/vep/ftp.ncbi.nlm.nih.gov/pub/clinvar/vcf_GRCh37/clinvar_20260201.vcf.gz,ClinVar,vcf,exact,0,CLNSIG', '--output-maf', '/data/data_storage/novaseq_results/research/CbioPortal/Study/OTHER/test_v1/maf/2025030677_DNA.hard-filtered.vcf.maf', '--ref-fasta', '/apps/trusight/2.2.0/resources/genomes/hg19_hardPAR/genome.fa', '--tmp-dir', 'scratch/ob27by1x82', '--retain-fmt', 'GT,GQ,AD,DP,VF,AF', '--vep-path', '/data/data_storage/novaseq_results/research/CbioPortal/vep/bin', '--vep-data', '/data/data_storage/novaseq_results/research/CbioPortal/GRCh37/vep', '--tumor-id', '2025030677_DNA', '--cache-version', '115']
2026-02-17_15-03-38.52 | WARNING | Storable.c: loadable library and perl binaries are mismatched (got handshake key 0xde00080, needed 0xed00080)

2026-02-17_15-03-38.56 | INFO | Starting vcf2maf conversion of /data/data_storage/novaseq_results/research/CbioPortal/Study/OTHER/test_v1/temp/SNV/2025030390_DNA.hard-filtered.bam... This may take several minutes (approx 5 minutes per sample).
2026-02-17_15-03-38.56 | INFO | args=['perl', '/data/data_storage/novaseq_results/research/CbioPortal/vep/bin/vcf2maf.pl', '--input-vcf', '/data/data_storage/novaseq_results/research/CbioPortal/Study/OTHER/test_v1/temp/SNV/2025030390_DNA.hard-filtered.vcf', '--vep-custom', '/data/data_storage/novaseq_results/research/CbioPortal/vep/ftp.ncbi.nlm.nih.gov/pub/clinvar/vcf_GRCh37/clinvar_20260201.vcf.gz,ClinVar,vcf,exact,0,CLNSIG', '--output-maf', '/data/data_storage/novaseq_results/research/CbioPortal/Study/OTHER/test_v1/maf/2025030390_DNA.hard-filtered.vcf.maf', '--ref-fasta', '/apps/trusight/2.2.0/resources/genomes/hg19_hardPAR/genome.fa', '--tmp-dir', 'scratch/ob27by1x82', '--retain-fmt', 'GT,GQ,AD,DP,VF,AF', '--vep-path', '/data/data_storage/novaseq_results/research/CbioPortal/vep/bin', '--vep-data', '/data/data_storage/novaseq_results/research/CbioPortal/GRCh37/vep', '--tumor-id', '2025030390_DNA', '--cache-version', '115']
2026-02-17_15-03-38.59 | WARNING | Storable.c: loadable library and perl binaries are mismatched (got handshake key 0xde00080, needed 0xed00080)

2026-02-17_15-03-38.63 | INFO | Starting vcf2maf conversion of /data/data_storage/novaseq_results/research/CbioPortal/Study/OTHER/test_v1/temp/SNV/2025030799_DNA.hard-filtered.bam... This may take several minutes (approx 5 minutes per sample).
2026-02-17_15-03-38.63 | INFO | args=['perl', '/data/data_storage/novaseq_results/research/CbioPortal/vep/bin/vcf2maf.pl', '--input-vcf', '/data/data_storage/novaseq_results/research/CbioPortal/Study/OTHER/test_v1/temp/SNV/2025030799_DNA.hard-filtered.vcf', '--vep-custom', '/data/data_storage/novaseq_results/research/CbioPortal/vep/ftp.ncbi.nlm.nih.gov/pub/clinvar/vcf_GRCh37/clinvar_20260201.vcf.gz,ClinVar,vcf,exact,0,CLNSIG', '--output-maf', '/data/data_storage/novaseq_results/research/CbioPortal/Study/OTHER/test_v1/maf/2025030799_DNA.hard-filtered.vcf.maf', '--ref-fasta', '/apps/trusight/2.2.0/resources/genomes/hg19_hardPAR/genome.fa', '--tmp-dir', 'scratch/ob27by1x82', '--retain-fmt', 'GT,GQ,AD,DP,VF,AF', '--vep-path', '/data/data_storage/novaseq_results/research/CbioPortal/vep/bin', '--vep-data', '/data/data_storage/novaseq_results/research/CbioPortal/GRCh37/vep', '--tumor-id', '2025030799_DNA', '--cache-version', '115']
2026-02-17_15-03-38.67 | WARNING | Storable.c: loadable library and perl binaries are mismatched (got handshake key 0xde00080, needed 0xed00080)

2026-02-17_15-03-38.71 | INFO | Starting vcf2maf conversion of /data/data_storage/novaseq_results/research/CbioPortal/Study/OTHER/test_v1/temp/SNV/2025030192_DNA.hard-filtered.bam... This may take several minutes (approx 5 minutes per sample).
2026-02-17_15-03-38.71 | INFO | args=['perl', '/data/data_storage/novaseq_results/research/CbioPortal/vep/bin/vcf2maf.pl', '--input-vcf', '/data/data_storage/novaseq_results/research/CbioPortal/Study/OTHER/test_v1/temp/SNV/2025030192_DNA.hard-filtered.vcf', '--vep-custom', '/data/data_storage/novaseq_results/research/CbioPortal/vep/ftp.ncbi.nlm.nih.gov/pub/clinvar/vcf_GRCh37/clinvar_20260201.vcf.gz,ClinVar,vcf,exact,0,CLNSIG', '--output-maf', '/data/data_storage/novaseq_results/research/CbioPortal/Study/OTHER/test_v1/maf/2025030192_DNA.hard-filtered.vcf.maf', '--ref-fasta', '/apps/trusight/2.2.0/resources/genomes/hg19_hardPAR/genome.fa', '--tmp-dir', 'scratch/ob27by1x82', '--retain-fmt', 'GT,GQ,AD,DP,VF,AF', '--vep-path', '/data/data_storage/novaseq_results/research/CbioPortal/vep/bin', '--vep-data', '/data/data_storage/novaseq_results/research/CbioPortal/GRCh37/vep', '--tumor-id', '2025030192_DNA', '--cache-version', '115']
2026-02-17_15-03-38.74 | WARNING | Storable.c: loadable library and perl binaries are mismatched (got handshake key 0xde00080, needed 0xed00080)

2026-02-17_15-03-38.78 | INFO | Starting vcf2maf conversion of /data/data_storage/novaseq_results/research/CbioPortal/Study/OTHER/test_v1/temp/SNV/2025030609_DNA.hard-filtered.bam... This may take several minutes (approx 5 minutes per sample).
2026-02-17_15-03-38.78 | INFO | args=['perl', '/data/data_storage/novaseq_results/research/CbioPortal/vep/bin/vcf2maf.pl', '--input-vcf', '/data/data_storage/novaseq_results/research/CbioPortal/Study/OTHER/test_v1/temp/SNV/2025030609_DNA.hard-filtered.vcf', '--vep-custom', '/data/data_storage/novaseq_results/research/CbioPortal/vep/ftp.ncbi.nlm.nih.gov/pub/clinvar/vcf_GRCh37/clinvar_20260201.vcf.gz,ClinVar,vcf,exact,0,CLNSIG', '--output-maf', '/data/data_storage/novaseq_results/research/CbioPortal/Study/OTHER/test_v1/maf/2025030609_DNA.hard-filtered.vcf.maf', '--ref-fasta', '/apps/trusight/2.2.0/resources/genomes/hg19_hardPAR/genome.fa', '--tmp-dir', 'scratch/ob27by1x82', '--retain-fmt', 'GT,GQ,AD,DP,VF,AF', '--vep-path', '/data/data_storage/novaseq_results/research/CbioPortal/vep/bin', '--vep-data', '/data/data_storage/novaseq_results/research/CbioPortal/GRCh37/vep', '--tumor-id', '2025030609_DNA', '--cache-version', '115']
2026-02-17_15-03-38.82 | WARNING | Storable.c: loadable library and perl binaries are mismatched (got handshake key 0xde00080, needed 0xed00080)

2026-02-17_15-03-38.86 | INFO | Starting vcf2maf conversion of /data/data_storage/novaseq_results/research/CbioPortal/Study/OTHER/test_v1/temp/SNV/2025030572_DNA.hard-filtered.bam... This may take several minutes (approx 5 minutes per sample).
2026-02-17_15-03-38.86 | INFO | args=['perl', '/data/data_storage/novaseq_results/research/CbioPortal/vep/bin/vcf2maf.pl', '--input-vcf', '/data/data_storage/novaseq_results/research/CbioPortal/Study/OTHER/test_v1/temp/SNV/2025030572_DNA.hard-filtered.vcf', '--vep-custom', '/data/data_storage/novaseq_results/research/CbioPortal/vep/ftp.ncbi.nlm.nih.gov/pub/clinvar/vcf_GRCh37/clinvar_20260201.vcf.gz,ClinVar,vcf,exact,0,CLNSIG', '--output-maf', '/data/data_storage/novaseq_results/research/CbioPortal/Study/OTHER/test_v1/maf/2025030572_DNA.hard-filtered.vcf.maf', '--ref-fasta', '/apps/trusight/2.2.0/resources/genomes/hg19_hardPAR/genome.fa', '--tmp-dir', 'scratch/ob27by1x82', '--retain-fmt', 'GT,GQ,AD,DP,VF,AF', '--vep-path', '/data/data_storage/novaseq_results/research/CbioPortal/vep/bin', '--vep-data', '/data/data_storage/novaseq_results/research/CbioPortal/GRCh37/vep', '--tumor-id', '2025030572_DNA', '--cache-version', '115']
2026-02-17_15-03-38.89 | WARNING | Storable.c: loadable library and perl binaries are mismatched (got handshake key 0xde00080, needed 0xed00080)

2026-02-17_15-03-38.93 | INFO | Starting vcf2maf conversion of /data/data_storage/novaseq_results/research/CbioPortal/Study/OTHER/test_v1/temp/SNV/2026032446_DNA.hard-filtered.bam... This may take several minutes (approx 5 minutes per sample).
2026-02-17_15-03-38.93 | INFO | args=['perl', '/data/data_storage/novaseq_results/research/CbioPortal/vep/bin/vcf2maf.pl', '--input-vcf', '/data/data_storage/novaseq_results/research/CbioPortal/Study/OTHER/test_v1/temp/SNV/2026032446_DNA.hard-filtered.vcf', '--vep-custom', '/data/data_storage/novaseq_results/research/CbioPortal/vep/ftp.ncbi.nlm.nih.gov/pub/clinvar/vcf_GRCh37/clinvar_20260201.vcf.gz,ClinVar,vcf,exact,0,CLNSIG', '--output-maf', '/data/data_storage/novaseq_results/research/CbioPortal/Study/OTHER/test_v1/maf/2026032446_DNA.hard-filtered.vcf.maf', '--ref-fasta', '/apps/trusight/2.2.0/resources/genomes/hg19_hardPAR/genome.fa', '--tmp-dir', 'scratch/ob27by1x82', '--retain-fmt', 'GT,GQ,AD,DP,VF,AF', '--vep-path', '/data/data_storage/novaseq_results/research/CbioPortal/vep/bin', '--vep-data', '/data/data_storage/novaseq_results/research/CbioPortal/GRCh37/vep', '--tumor-id', '2026032446_DNA', '--cache-version', '115']
2026-02-17_15-03-38.97 | WARNING | Storable.c: loadable library and perl binaries are mismatched (got handshake key 0xde00080, needed 0xed00080)

2026-02-17_15-03-39.01 | INFO | Starting vcf2maf conversion of /data/data_storage/novaseq_results/research/CbioPortal/Study/OTHER/test_v1/temp/SNV/2026032447_DNA.hard-filtered.bam... This may take several minutes (approx 5 minutes per sample).
2026-02-17_15-03-39.01 | INFO | args=['perl', '/data/data_storage/novaseq_results/research/CbioPortal/vep/bin/vcf2maf.pl', '--input-vcf', '/data/data_storage/novaseq_results/research/CbioPortal/Study/OTHER/test_v1/temp/SNV/2026032447_DNA.hard-filtered.vcf', '--vep-custom', '/data/data_storage/novaseq_results/research/CbioPortal/vep/ftp.ncbi.nlm.nih.gov/pub/clinvar/vcf_GRCh37/clinvar_20260201.vcf.gz,ClinVar,vcf,exact,0,CLNSIG', '--output-maf', '/data/data_storage/novaseq_results/research/CbioPortal/Study/OTHER/test_v1/maf/2026032447_DNA.hard-filtered.vcf.maf', '--ref-fasta', '/apps/trusight/2.2.0/resources/genomes/hg19_hardPAR/genome.fa', '--tmp-dir', 'scratch/ob27by1x82', '--retain-fmt', 'GT,GQ,AD,DP,VF,AF', '--vep-path', '/data/data_storage/novaseq_results/research/CbioPortal/vep/bin', '--vep-data', '/data/data_storage/novaseq_results/research/CbioPortal/GRCh37/vep', '--tumor-id', '2026032447_DNA', '--cache-version', '115']
2026-02-17_15-03-39.04 | WARNING | Storable.c: loadable library and perl binaries are mismatched (got handshake key 0xde00080, needed 0xed00080)

2026-02-17_15-03-39.09 | INFO | Starting vcf2maf conversion of /data/data_storage/novaseq_results/research/CbioPortal/Study/OTHER/test_v1/temp/SNV/2026032448_DNA.hard-filtered.bam... This may take several minutes (approx 5 minutes per sample).
2026-02-17_15-03-39.09 | INFO | args=['perl', '/data/data_storage/novaseq_results/research/CbioPortal/vep/bin/vcf2maf.pl', '--input-vcf', '/data/data_storage/novaseq_results/research/CbioPortal/Study/OTHER/test_v1/temp/SNV/2026032448_DNA.hard-filtered.vcf', '--vep-custom', '/data/data_storage/novaseq_results/research/CbioPortal/vep/ftp.ncbi.nlm.nih.gov/pub/clinvar/vcf_GRCh37/clinvar_20260201.vcf.gz,ClinVar,vcf,exact,0,CLNSIG', '--output-maf', '/data/data_storage/novaseq_results/research/CbioPortal/Study/OTHER/test_v1/maf/2026032448_DNA.hard-filtered.vcf.maf', '--ref-fasta', '/apps/trusight/2.2.0/resources/genomes/hg19_hardPAR/genome.fa', '--tmp-dir', 'scratch/ob27by1x82', '--retain-fmt', 'GT,GQ,AD,DP,VF,AF', '--vep-path', '/data/data_storage/novaseq_results/research/CbioPortal/vep/bin', '--vep-data', '/data/data_storage/novaseq_results/research/CbioPortal/GRCh37/vep', '--tumor-id', '2026032448_DNA', '--cache-version', '115']
2026-02-17_15-03-39.12 | WARNING | Storable.c: loadable library and perl binaries are mismatched (got handshake key 0xde00080, needed 0xed00080)

2026-02-17_15-03-39.16 | INFO | Starting vcf2maf conversion of /data/data_storage/novaseq_results/research/CbioPortal/Study/OTHER/test_v1/temp/SNV/2026032449_DNA.hard-filtered.bam... This may take several minutes (approx 5 minutes per sample).
2026-02-17_15-03-39.16 | INFO | args=['perl', '/data/data_storage/novaseq_results/research/CbioPortal/vep/bin/vcf2maf.pl', '--input-vcf', '/data/data_storage/novaseq_results/research/CbioPortal/Study/OTHER/test_v1/temp/SNV/2026032449_DNA.hard-filtered.vcf', '--vep-custom', '/data/data_storage/novaseq_results/research/CbioPortal/vep/ftp.ncbi.nlm.nih.gov/pub/clinvar/vcf_GRCh37/clinvar_20260201.vcf.gz,ClinVar,vcf,exact,0,CLNSIG', '--output-maf', '/data/data_storage/novaseq_results/research/CbioPortal/Study/OTHER/test_v1/maf/2026032449_DNA.hard-filtered.vcf.maf', '--ref-fasta', '/apps/trusight/2.2.0/resources/genomes/hg19_hardPAR/genome.fa', '--tmp-dir', 'scratch/ob27by1x82', '--retain-fmt', 'GT,GQ,AD,DP,VF,AF', '--vep-path', '/data/data_storage/novaseq_results/research/CbioPortal/vep/bin', '--vep-data', '/data/data_storage/novaseq_results/research/CbioPortal/GRCh37/vep', '--tumor-id', '2026032449_DNA', '--cache-version', '115']
2026-02-17_15-03-39.20 | WARNING | Storable.c: loadable library and perl binaries are mismatched (got handshake key 0xde00080, needed 0xed00080)

2026-02-17_15-03-39.24 | INFO | Starting vcf2maf conversion of /data/data_storage/novaseq_results/research/CbioPortal/Study/OTHER/test_v1/temp/SNV/2026032451_DNA.hard-filtered.bam... This may take several minutes (approx 5 minutes per sample).
2026-02-17_15-03-39.24 | INFO | args=['perl', '/data/data_storage/novaseq_results/research/CbioPortal/vep/bin/vcf2maf.pl', '--input-vcf', '/data/data_storage/novaseq_results/research/CbioPortal/Study/OTHER/test_v1/temp/SNV/2026032451_DNA.hard-filtered.vcf', '--vep-custom', '/data/data_storage/novaseq_results/research/CbioPortal/vep/ftp.ncbi.nlm.nih.gov/pub/clinvar/vcf_GRCh37/clinvar_20260201.vcf.gz,ClinVar,vcf,exact,0,CLNSIG', '--output-maf', '/data/data_storage/novaseq_results/research/CbioPortal/Study/OTHER/test_v1/maf/2026032451_DNA.hard-filtered.vcf.maf', '--ref-fasta', '/apps/trusight/2.2.0/resources/genomes/hg19_hardPAR/genome.fa', '--tmp-dir', 'scratch/ob27by1x82', '--retain-fmt', 'GT,GQ,AD,DP,VF,AF', '--vep-path', '/data/data_storage/novaseq_results/research/CbioPortal/vep/bin', '--vep-data', '/data/data_storage/novaseq_results/research/CbioPortal/GRCh37/vep', '--tumor-id', '2026032451_DNA', '--cache-version', '115']
2026-02-17_15-03-39.28 | WARNING | Storable.c: loadable library and perl binaries are mismatched (got handshake key 0xde00080, needed 0xed00080)

2026-02-17_15-03-39.31 | INFO | Starting vcf2maf conversion of /data/data_storage/novaseq_results/research/CbioPortal/Study/OTHER/test_v1/temp/SNV/2026032457_DNA.hard-filtered.bam... This may take several minutes (approx 5 minutes per sample).
2026-02-17_15-03-39.31 | INFO | args=['perl', '/data/data_storage/novaseq_results/research/CbioPortal/vep/bin/vcf2maf.pl', '--input-vcf', '/data/data_storage/novaseq_results/research/CbioPortal/Study/OTHER/test_v1/temp/SNV/2026032457_DNA.hard-filtered.vcf', '--vep-custom', '/data/data_storage/novaseq_results/research/CbioPortal/vep/ftp.ncbi.nlm.nih.gov/pub/clinvar/vcf_GRCh37/clinvar_20260201.vcf.gz,ClinVar,vcf,exact,0,CLNSIG', '--output-maf', '/data/data_storage/novaseq_results/research/CbioPortal/Study/OTHER/test_v1/maf/2026032457_DNA.hard-filtered.vcf.maf', '--ref-fasta', '/apps/trusight/2.2.0/resources/genomes/hg19_hardPAR/genome.fa', '--tmp-dir', 'scratch/ob27by1x82', '--retain-fmt', 'GT,GQ,AD,DP,VF,AF', '--vep-path', '/data/data_storage/novaseq_results/research/CbioPortal/vep/bin', '--vep-data', '/data/data_storage/novaseq_results/research/CbioPortal/GRCh37/vep', '--tumor-id', '2026032457_DNA', '--cache-version', '115']
2026-02-17_15-03-39.35 | WARNING | Storable.c: loadable library and perl binaries are mismatched (got handshake key 0xde00080, needed 0xed00080)

2026-02-17_15-03-39.39 | INFO | Starting vcf2maf conversion of /data/data_storage/novaseq_results/research/CbioPortal/Study/OTHER/test_v1/temp/SNV/2026032459_DNA.hard-filtered.bam... This may take several minutes (approx 5 minutes per sample).
2026-02-17_15-03-39.39 | INFO | args=['perl', '/data/data_storage/novaseq_results/research/CbioPortal/vep/bin/vcf2maf.pl', '--input-vcf', '/data/data_storage/novaseq_results/research/CbioPortal/Study/OTHER/test_v1/temp/SNV/2026032459_DNA.hard-filtered.vcf', '--vep-custom', '/data/data_storage/novaseq_results/research/CbioPortal/vep/ftp.ncbi.nlm.nih.gov/pub/clinvar/vcf_GRCh37/clinvar_20260201.vcf.gz,ClinVar,vcf,exact,0,CLNSIG', '--output-maf', '/data/data_storage/novaseq_results/research/CbioPortal/Study/OTHER/test_v1/maf/2026032459_DNA.hard-filtered.vcf.maf', '--ref-fasta', '/apps/trusight/2.2.0/resources/genomes/hg19_hardPAR/genome.fa', '--tmp-dir', 'scratch/ob27by1x82', '--retain-fmt', 'GT,GQ,AD,DP,VF,AF', '--vep-path', '/data/data_storage/novaseq_results/research/CbioPortal/vep/bin', '--vep-data', '/data/data_storage/novaseq_results/research/CbioPortal/GRCh37/vep', '--tumor-id', '2026032459_DNA', '--cache-version', '115']
2026-02-17_15-03-39.42 | WARNING | Storable.c: loadable library and perl binaries are mismatched (got handshake key 0xde00080, needed 0xed00080)

2026-02-17_15-03-39.46 | INFO | Starting vcf2maf conversion of /data/data_storage/novaseq_results/research/CbioPortal/Study/OTHER/test_v1/temp/SNV/2026032460_DNA.hard-filtered.bam... This may take several minutes (approx 5 minutes per sample).
2026-02-17_15-03-39.46 | INFO | args=['perl', '/data/data_storage/novaseq_results/research/CbioPortal/vep/bin/vcf2maf.pl', '--input-vcf', '/data/data_storage/novaseq_results/research/CbioPortal/Study/OTHER/test_v1/temp/SNV/2026032460_DNA.hard-filtered.vcf', '--vep-custom', '/data/data_storage/novaseq_results/research/CbioPortal/vep/ftp.ncbi.nlm.nih.gov/pub/clinvar/vcf_GRCh37/clinvar_20260201.vcf.gz,ClinVar,vcf,exact,0,CLNSIG', '--output-maf', '/data/data_storage/novaseq_results/research/CbioPortal/Study/OTHER/test_v1/maf/2026032460_DNA.hard-filtered.vcf.maf', '--ref-fasta', '/apps/trusight/2.2.0/resources/genomes/hg19_hardPAR/genome.fa', '--tmp-dir', 'scratch/ob27by1x82', '--retain-fmt', 'GT,GQ,AD,DP,VF,AF', '--vep-path', '/data/data_storage/novaseq_results/research/CbioPortal/vep/bin', '--vep-data', '/data/data_storage/novaseq_results/research/CbioPortal/GRCh37/vep', '--tumor-id', '2026032460_DNA', '--cache-version', '115']
2026-02-17_15-03-39.49 | WARNING | Storable.c: loadable library and perl binaries are mismatched (got handshake key 0xde00080, needed 0xed00080)

2026-02-17_15-03-39.53 | INFO | Starting vcf2maf conversion of /data/data_storage/novaseq_results/research/CbioPortal/Study/OTHER/test_v1/temp/SNV/2026032461_DNA.hard-filtered.bam... This may take several minutes (approx 5 minutes per sample).
2026-02-17_15-03-39.53 | INFO | args=['perl', '/data/data_storage/novaseq_results/research/CbioPortal/vep/bin/vcf2maf.pl', '--input-vcf', '/data/data_storage/novaseq_results/research/CbioPortal/Study/OTHER/test_v1/temp/SNV/2026032461_DNA.hard-filtered.vcf', '--vep-custom', '/data/data_storage/novaseq_results/research/CbioPortal/vep/ftp.ncbi.nlm.nih.gov/pub/clinvar/vcf_GRCh37/clinvar_20260201.vcf.gz,ClinVar,vcf,exact,0,CLNSIG', '--output-maf', '/data/data_storage/novaseq_results/research/CbioPortal/Study/OTHER/test_v1/maf/2026032461_DNA.hard-filtered.vcf.maf', '--ref-fasta', '/apps/trusight/2.2.0/resources/genomes/hg19_hardPAR/genome.fa', '--tmp-dir', 'scratch/ob27by1x82', '--retain-fmt', 'GT,GQ,AD,DP,VF,AF', '--vep-path', '/data/data_storage/novaseq_results/research/CbioPortal/vep/bin', '--vep-data', '/data/data_storage/novaseq_results/research/CbioPortal/GRCh37/vep', '--tumor-id', '2026032461_DNA', '--cache-version', '115']
2026-02-17_15-03-39.57 | WARNING | Storable.c: loadable library and perl binaries are mismatched (got handshake key 0xde00080, needed 0xed00080)

2026-02-17_15-03-39.61 | INFO | Starting vcf2maf conversion of /data/data_storage/novaseq_results/research/CbioPortal/Study/OTHER/test_v1/temp/SNV/2026032463_DNA.hard-filtered.bam... This may take several minutes (approx 5 minutes per sample).
2026-02-17_15-03-39.61 | INFO | args=['perl', '/data/data_storage/novaseq_results/research/CbioPortal/vep/bin/vcf2maf.pl', '--input-vcf', '/data/data_storage/novaseq_results/research/CbioPortal/Study/OTHER/test_v1/temp/SNV/2026032463_DNA.hard-filtered.vcf', '--vep-custom', '/data/data_storage/novaseq_results/research/CbioPortal/vep/ftp.ncbi.nlm.nih.gov/pub/clinvar/vcf_GRCh37/clinvar_20260201.vcf.gz,ClinVar,vcf,exact,0,CLNSIG', '--output-maf', '/data/data_storage/novaseq_results/research/CbioPortal/Study/OTHER/test_v1/maf/2026032463_DNA.hard-filtered.vcf.maf', '--ref-fasta', '/apps/trusight/2.2.0/resources/genomes/hg19_hardPAR/genome.fa', '--tmp-dir', 'scratch/ob27by1x82', '--retain-fmt', 'GT,GQ,AD,DP,VF,AF', '--vep-path', '/data/data_storage/novaseq_results/research/CbioPortal/vep/bin', '--vep-data', '/data/data_storage/novaseq_results/research/CbioPortal/GRCh37/vep', '--tumor-id', '2026032463_DNA', '--cache-version', '115']
2026-02-17_15-03-39.64 | WARNING | Storable.c: loadable library and perl binaries are mismatched (got handshake key 0xde00080, needed 0xed00080)

2026-02-17_15-03-39.68 | INFO | Starting vcf2maf conversion of /data/data_storage/novaseq_results/research/CbioPortal/Study/OTHER/test_v1/temp/SNV/2026032464_DNA.hard-filtered.bam... This may take several minutes (approx 5 minutes per sample).
2026-02-17_15-03-39.68 | INFO | args=['perl', '/data/data_storage/novaseq_results/research/CbioPortal/vep/bin/vcf2maf.pl', '--input-vcf', '/data/data_storage/novaseq_results/research/CbioPortal/Study/OTHER/test_v1/temp/SNV/2026032464_DNA.hard-filtered.vcf', '--vep-custom', '/data/data_storage/novaseq_results/research/CbioPortal/vep/ftp.ncbi.nlm.nih.gov/pub/clinvar/vcf_GRCh37/clinvar_20260201.vcf.gz,ClinVar,vcf,exact,0,CLNSIG', '--output-maf', '/data/data_storage/novaseq_results/research/CbioPortal/Study/OTHER/test_v1/maf/2026032464_DNA.hard-filtered.vcf.maf', '--ref-fasta', '/apps/trusight/2.2.0/resources/genomes/hg19_hardPAR/genome.fa', '--tmp-dir', 'scratch/ob27by1x82', '--retain-fmt', 'GT,GQ,AD,DP,VF,AF', '--vep-path', '/data/data_storage/novaseq_results/research/CbioPortal/vep/bin', '--vep-data', '/data/data_storage/novaseq_results/research/CbioPortal/GRCh37/vep', '--tumor-id', '2026032464_DNA', '--cache-version', '115']
2026-02-17_15-03-39.71 | WARNING | Storable.c: loadable library and perl binaries are mismatched (got handshake key 0xde00080, needed 0xed00080)

2026-02-17_15-03-39.77 | INFO | Starting vcf2maf conversion of /data/data_storage/novaseq_results/research/CbioPortal/Study/OTHER/test_v1/temp/SNV/2026032467_DNA.hard-filtered.bam... This may take several minutes (approx 5 minutes per sample).
2026-02-17_15-03-39.77 | INFO | args=['perl', '/data/data_storage/novaseq_results/research/CbioPortal/vep/bin/vcf2maf.pl', '--input-vcf', '/data/data_storage/novaseq_results/research/CbioPortal/Study/OTHER/test_v1/temp/SNV/2026032467_DNA.hard-filtered.vcf', '--vep-custom', '/data/data_storage/novaseq_results/research/CbioPortal/vep/ftp.ncbi.nlm.nih.gov/pub/clinvar/vcf_GRCh37/clinvar_20260201.vcf.gz,ClinVar,vcf,exact,0,CLNSIG', '--output-maf', '/data/data_storage/novaseq_results/research/CbioPortal/Study/OTHER/test_v1/maf/2026032467_DNA.hard-filtered.vcf.maf', '--ref-fasta', '/apps/trusight/2.2.0/resources/genomes/hg19_hardPAR/genome.fa', '--tmp-dir', 'scratch/ob27by1x82', '--retain-fmt', 'GT,GQ,AD,DP,VF,AF', '--vep-path', '/data/data_storage/novaseq_results/research/CbioPortal/vep/bin', '--vep-data', '/data/data_storage/novaseq_results/research/CbioPortal/GRCh37/vep', '--tumor-id', '2026032467_DNA', '--cache-version', '115']
2026-02-17_15-03-39.80 | WARNING | Storable.c: loadable library and perl binaries are mismatched (got handshake key 0xde00080, needed 0xed00080)

2026-02-17_15-03-39.84 | INFO | Starting vcf2maf conversion of /data/data_storage/novaseq_results/research/CbioPortal/Study/OTHER/test_v1/temp/SNV/2026032468_DNA.hard-filtered.bam... This may take several minutes (approx 5 minutes per sample).
2026-02-17_15-03-39.84 | INFO | args=['perl', '/data/data_storage/novaseq_results/research/CbioPortal/vep/bin/vcf2maf.pl', '--input-vcf', '/data/data_storage/novaseq_results/research/CbioPortal/Study/OTHER/test_v1/temp/SNV/2026032468_DNA.hard-filtered.vcf', '--vep-custom', '/data/data_storage/novaseq_results/research/CbioPortal/vep/ftp.ncbi.nlm.nih.gov/pub/clinvar/vcf_GRCh37/clinvar_20260201.vcf.gz,ClinVar,vcf,exact,0,CLNSIG', '--output-maf', '/data/data_storage/novaseq_results/research/CbioPortal/Study/OTHER/test_v1/maf/2026032468_DNA.hard-filtered.vcf.maf', '--ref-fasta', '/apps/trusight/2.2.0/resources/genomes/hg19_hardPAR/genome.fa', '--tmp-dir', 'scratch/ob27by1x82', '--retain-fmt', 'GT,GQ,AD,DP,VF,AF', '--vep-path', '/data/data_storage/novaseq_results/research/CbioPortal/vep/bin', '--vep-data', '/data/data_storage/novaseq_results/research/CbioPortal/GRCh37/vep', '--tumor-id', '2026032468_DNA', '--cache-version', '115']
2026-02-17_15-03-39.88 | WARNING | Storable.c: loadable library and perl binaries are mismatched (got handshake key 0xde00080, needed 0xed00080)

2026-02-17_15-03-39.92 | INFO | Starting vcf2maf conversion of /data/data_storage/novaseq_results/research/CbioPortal/Study/OTHER/test_v1/temp/SNV/2026032470_DNA.hard-filtered.bam... This may take several minutes (approx 5 minutes per sample).
2026-02-17_15-03-39.92 | INFO | args=['perl', '/data/data_storage/novaseq_results/research/CbioPortal/vep/bin/vcf2maf.pl', '--input-vcf', '/data/data_storage/novaseq_results/research/CbioPortal/Study/OTHER/test_v1/temp/SNV/2026032470_DNA.hard-filtered.vcf', '--vep-custom', '/data/data_storage/novaseq_results/research/CbioPortal/vep/ftp.ncbi.nlm.nih.gov/pub/clinvar/vcf_GRCh37/clinvar_20260201.vcf.gz,ClinVar,vcf,exact,0,CLNSIG', '--output-maf', '/data/data_storage/novaseq_results/research/CbioPortal/Study/OTHER/test_v1/maf/2026032470_DNA.hard-filtered.vcf.maf', '--ref-fasta', '/apps/trusight/2.2.0/resources/genomes/hg19_hardPAR/genome.fa', '--tmp-dir', 'scratch/ob27by1x82', '--retain-fmt', 'GT,GQ,AD,DP,VF,AF', '--vep-path', '/data/data_storage/novaseq_results/research/CbioPortal/vep/bin', '--vep-data', '/data/data_storage/novaseq_results/research/CbioPortal/GRCh37/vep', '--tumor-id', '2026032470_DNA', '--cache-version', '115']
2026-02-17_15-03-39.96 | WARNING | Storable.c: loadable library and perl binaries are mismatched (got handshake key 0xde00080, needed 0xed00080)

2026-02-17_15-03-40.00 | INFO | Starting vcf2maf conversion of /data/data_storage/novaseq_results/research/CbioPortal/Study/OTHER/test_v1/temp/SNV/2026032777_DNA.hard-filtered.bam... This may take several minutes (approx 5 minutes per sample).
2026-02-17_15-03-40.00 | INFO | args=['perl', '/data/data_storage/novaseq_results/research/CbioPortal/vep/bin/vcf2maf.pl', '--input-vcf', '/data/data_storage/novaseq_results/research/CbioPortal/Study/OTHER/test_v1/temp/SNV/2026032777_DNA.hard-filtered.vcf', '--vep-custom', '/data/data_storage/novaseq_results/research/CbioPortal/vep/ftp.ncbi.nlm.nih.gov/pub/clinvar/vcf_GRCh37/clinvar_20260201.vcf.gz,ClinVar,vcf,exact,0,CLNSIG', '--output-maf', '/data/data_storage/novaseq_results/research/CbioPortal/Study/OTHER/test_v1/maf/2026032777_DNA.hard-filtered.vcf.maf', '--ref-fasta', '/apps/trusight/2.2.0/resources/genomes/hg19_hardPAR/genome.fa', '--tmp-dir', 'scratch/ob27by1x82', '--retain-fmt', 'GT,GQ,AD,DP,VF,AF', '--vep-path', '/data/data_storage/novaseq_results/research/CbioPortal/vep/bin', '--vep-data', '/data/data_storage/novaseq_results/research/CbioPortal/GRCh37/vep', '--tumor-id', '2026032777_DNA', '--cache-version', '115']
2026-02-17_15-03-40.03 | WARNING | Storable.c: loadable library and perl binaries are mismatched (got handshake key 0xde00080, needed 0xed00080)

2026-02-17_15-03-40.07 | INFO | Starting vcf2maf conversion of /data/data_storage/novaseq_results/research/CbioPortal/Study/OTHER/test_v1/temp/SNV/2026032472_DNA.hard-filtered.bam... This may take several minutes (approx 5 minutes per sample).
2026-02-17_15-03-40.07 | INFO | args=['perl', '/data/data_storage/novaseq_results/research/CbioPortal/vep/bin/vcf2maf.pl', '--input-vcf', '/data/data_storage/novaseq_results/research/CbioPortal/Study/OTHER/test_v1/temp/SNV/2026032472_DNA.hard-filtered.vcf', '--vep-custom', '/data/data_storage/novaseq_results/research/CbioPortal/vep/ftp.ncbi.nlm.nih.gov/pub/clinvar/vcf_GRCh37/clinvar_20260201.vcf.gz,ClinVar,vcf,exact,0,CLNSIG', '--output-maf', '/data/data_storage/novaseq_results/research/CbioPortal/Study/OTHER/test_v1/maf/2026032472_DNA.hard-filtered.vcf.maf', '--ref-fasta', '/apps/trusight/2.2.0/resources/genomes/hg19_hardPAR/genome.fa', '--tmp-dir', 'scratch/ob27by1x82', '--retain-fmt', 'GT,GQ,AD,DP,VF,AF', '--vep-path', '/data/data_storage/novaseq_results/research/CbioPortal/vep/bin', '--vep-data', '/data/data_storage/novaseq_results/research/CbioPortal/GRCh37/vep', '--tumor-id', '2026032472_DNA', '--cache-version', '115']
2026-02-17_15-03-40.11 | WARNING | Storable.c: loadable library and perl binaries are mismatched (got handshake key 0xde00080, needed 0xed00080)

2026-02-17_15-03-40.14 | INFO | Starting vcf2maf conversion of /data/data_storage/novaseq_results/research/CbioPortal/Study/OTHER/test_v1/temp/SNV/2026032568_DNA.hard-filtered.bam... This may take several minutes (approx 5 minutes per sample).
2026-02-17_15-03-40.14 | INFO | args=['perl', '/data/data_storage/novaseq_results/research/CbioPortal/vep/bin/vcf2maf.pl', '--input-vcf', '/data/data_storage/novaseq_results/research/CbioPortal/Study/OTHER/test_v1/temp/SNV/2026032568_DNA.hard-filtered.vcf', '--vep-custom', '/data/data_storage/novaseq_results/research/CbioPortal/vep/ftp.ncbi.nlm.nih.gov/pub/clinvar/vcf_GRCh37/clinvar_20260201.vcf.gz,ClinVar,vcf,exact,0,CLNSIG', '--output-maf', '/data/data_storage/novaseq_results/research/CbioPortal/Study/OTHER/test_v1/maf/2026032568_DNA.hard-filtered.vcf.maf', '--ref-fasta', '/apps/trusight/2.2.0/resources/genomes/hg19_hardPAR/genome.fa', '--tmp-dir', 'scratch/ob27by1x82', '--retain-fmt', 'GT,GQ,AD,DP,VF,AF', '--vep-path', '/data/data_storage/novaseq_results/research/CbioPortal/vep/bin', '--vep-data', '/data/data_storage/novaseq_results/research/CbioPortal/GRCh37/vep', '--tumor-id', '2026032568_DNA', '--cache-version', '115']
2026-02-17_15-03-40.18 | WARNING | Storable.c: loadable library and perl binaries are mismatched (got handshake key 0xde00080, needed 0xed00080)

2026-02-17_15-03-40.18 | INFO | Clearing scratch folder...
2026-02-17_15-03-40.19 | INFO | Getting Fusions infos from CombinedOutput...
2026-02-17_15-03-40.20 | INFO | Writing data_sv.txt file...
2026-02-17_15-03-40.22 | WARNING | data.sv is empty. File removed.
2026-02-17_15-03-40.22 | INFO | Writing clinical files...
2026-02-17_15-03-40.22 | INFO | Writing data_clinical_patient.txt file...
2026-02-17_15-03-40.26 | INFO | Writing data_clinical_sample.txt file...
2026-02-17_15-03-40.30 | SUCCESS | Walk script completed!

2026-02-17_15-03-40.30 | INFO | Starting MAF filtering
2026-02-17_15-03-40.30 | INFO | Starting filter_main script:
2026-02-17_15-03-40.30 | INFO | filter_main args [maf_folder:/data/data_storage/novaseq_results/research/CbioPortal/Study/OTHER/test_v1, output_folder:/data/data_storage/novaseq_results/research/CbioPortal/Study/OTHER/test_v1, filters:, cancer:mixed, overwrite:False]
2026-02-17_15-03-40.30 | WARNING | No files found with .maf extension in /data/data_storage/novaseq_results/research/CbioPortal/Study/OTHER/test_v1/maf
2026-02-17_15-03-40.30 | CRITICAL | The maf folder /data/data_storage/novaseq_results/research/CbioPortal/Study/OTHER/test_v1/maf seems to be empty: check if SNV folder exists and contains the VCF files. If you don't have SNV vcf, use -t option to select specific analysis.
