2026-02-17_09-48-15.80 | INFO | 
__| |_______________________________________________________________________| |__
__   _______________________________________________________________________   __
  | |                                                                       | |
  | | █████   █████   █████████   ███████████     █████████   ██████   █████| |
  | |░░███   ░░███   ███░░░░░███ ░░███░░░░░███   ███░░░░░███ ░░██████ ░░███ | |
  | | ░███    ░███  ░███    ░███  ░███    ░███  ░███    ░███  ░███░███ ░███ | |
  | | ░███    ░███  ░███████████  ░██████████   ░███████████  ░███░░███░███ | |
  | | ░░███   ███   ░███░░░░░███  ░███░░░░░███  ░███░░░░░███  ░███ ░░██████ | |
  | |  ░░░█████░    ░███    ░███  ░███    ░███  ░███    ░███  ░███  ░░█████ | |
  | |    ░░███      █████   █████ █████   █████ █████   █████ █████  ░░█████| |
  | |     ░░░      ░░░░░   ░░░░░ ░░░░░   ░░░░░ ░░░░░   ░░░░░ ░░░░░    ░░░░░ | |
__| |_______________________________________________________________________| |__
__   _______________________________________________________________________   __
  | |                                                                       | |

2026-02-17_09-48-15.80 | INFO | Welcome to VARAN 🦎

2026-02-17_09-48-15.80 | INFO | Varan args [input:['/data/data_storage/novaseq_results/tmp/analysis_260214_A01423_0428_BHHFG7DRX7_HRD/260214_A01423_0428_BHHFG7DRX7-6c0f7d54-0fc9-45f1-ac82-158a7c797481_data_varan.tsv'], output_folder:/data/data_storage/novaseq_results/research/CbioPortal/Study/OTHER/test, filters:, cancer:mixed, oncoKB:False, analysis_type:cnv, overwrite_output:False, resume:False, multiple:False, update:False, extract:False, remove:False]
2026-02-17_09-48-15.80 | INFO | Starting preparation study folder
2026-02-17_09-48-15.80 | INFO | Starting walk_folder script:
2026-02-17_09-48-15.80 | INFO | walk_folder args [input:['/data/data_storage/novaseq_results/tmp/analysis_260214_A01423_0428_BHHFG7DRX7_HRD/260214_A01423_0428_BHHFG7DRX7-6c0f7d54-0fc9-45f1-ac82-158a7c797481_data_varan.tsv'], output_folder:/data/data_storage/novaseq_results/research/CbioPortal/Study/OTHER/test, overwrite:False, resume:False, vcf_type:cnv, filters:, multiple:False]
2026-02-17_09-48-15.82 | INFO | Creating the output folder '/data/data_storage/novaseq_results/research/CbioPortal/Study/OTHER/test_v1'...
2026-02-17_09-48-15.82 | INFO | The folder '/data/data_storage/novaseq_results/research/CbioPortal/Study/OTHER/test_v1' was correctly created!
2026-02-17_09-48-15.85 | INFO | Verifying the compilation of the conf.ini file for sample 2025030196_DNA
2026-02-17_09-48-15.94 | INFO | Verifying the compilation of the conf.ini file for sample 2026031399_DNA
2026-02-17_09-48-15.99 | INFO | Verifying the compilation of the conf.ini file for sample 2026031398_DNA
2026-02-17_09-48-16.05 | INFO | Verifying the compilation of the conf.ini file for sample 2025030568_DNA
2026-02-17_09-48-16.17 | INFO | Verifying the compilation of the conf.ini file for sample 2025030798_DNA
2026-02-17_09-48-16.28 | INFO | Verifying the compilation of the conf.ini file for sample 2025030616_DNA
2026-02-17_09-48-16.31 | INFO | Verifying the compilation of the conf.ini file for sample 2025030481_DNA
2026-02-17_09-48-16.42 | INFO | Verifying the compilation of the conf.ini file for sample 2025030105_DNA
2026-02-17_09-48-16.53 | INFO | Verifying the compilation of the conf.ini file for sample 2025030677_DNA
2026-02-17_09-48-16.62 | INFO | Verifying the compilation of the conf.ini file for sample 2025030390_DNA
2026-02-17_09-48-16.71 | INFO | Verifying the compilation of the conf.ini file for sample 2025030799_DNA
2026-02-17_09-48-16.76 | INFO | Verifying the compilation of the conf.ini file for sample 2025030192_DNA
2026-02-17_09-48-16.83 | INFO | Verifying the compilation of the conf.ini file for sample 2025030609_DNA
2026-02-17_09-48-16.96 | INFO | Verifying the compilation of the conf.ini file for sample 2025030572_DNA
2026-02-17_09-48-17.04 | INFO | Verifying the compilation of the conf.ini file for sample 2026032446_DNA
2026-02-17_09-48-17.76 | INFO | Verifying the compilation of the conf.ini file for sample 2026032447_DNA
2026-02-17_09-48-17.81 | INFO | Verifying the compilation of the conf.ini file for sample 2026032448_DNA
2026-02-17_09-48-18.05 | INFO | Verifying the compilation of the conf.ini file for sample 2026032449_DNA
2026-02-17_09-48-18.58 | INFO | Verifying the compilation of the conf.ini file for sample 2026032451_DNA
2026-02-17_09-48-19.22 | INFO | Verifying the compilation of the conf.ini file for sample 2026032457_DNA
2026-02-17_09-48-19.52 | INFO | Verifying the compilation of the conf.ini file for sample 2026032459_DNA
2026-02-17_09-48-19.75 | INFO | Verifying the compilation of the conf.ini file for sample 2026032460_DNA
2026-02-17_09-48-20.01 | INFO | Verifying the compilation of the conf.ini file for sample 2026032461_DNA
2026-02-17_09-48-20.60 | INFO | Verifying the compilation of the conf.ini file for sample 2026032463_DNA
2026-02-17_09-48-20.97 | INFO | Verifying the compilation of the conf.ini file for sample 2026032464_DNA
2026-02-17_09-48-21.26 | INFO | Verifying the compilation of the conf.ini file for sample 2026032467_DNA
2026-02-17_09-48-21.56 | INFO | Verifying the compilation of the conf.ini file for sample 2026032468_DNA
2026-02-17_09-48-22.01 | INFO | Verifying the compilation of the conf.ini file for sample 2026032470_DNA
2026-02-17_09-48-22.16 | INFO | Verifying the compilation of the conf.ini file for sample 2026032777_DNA
2026-02-17_09-48-22.20 | INFO | Verifying the compilation of the conf.ini file for sample 2026032472_DNA
2026-02-17_09-48-22.42 | INFO | Verifying the compilation of the conf.ini file for sample 2026032568_DNA
2026-02-17_09-48-22.77 | INFO | Checking CNV files...
2026-02-17_09-48-22.78 | INFO | Everything ok!
2026-02-17_09-48-22.78 | INFO | Everything ok!
2026-02-17_09-48-22.78 | INFO | Managing CNV files...
2026-02-17_09-48-23.08 | INFO | Checking data_cna_hg19.seg file...
2026-02-17_09-48-23.08 | INFO | Checking data_cna_hg19.seg.fc.txt file...
2026-02-17_09-48-23.08 | INFO | Writing data_cna_hg19.seg succefully completed!
2026-02-17_09-48-23.08 | INFO | Writing data_cna_hg19.seg.fc.txt succefully completed!
2026-02-17_09-48-23.08 | INFO | Starting CNA evaluation (this step could take a while)...
2026-02-17_09-48-23.13 | INFO | Analyzing cna sample(s)
2026-02-17_09-48-23.91 | INFO | Writing exonic_BRCA.txt file...
2026-02-17_09-48-23.93 | INFO | Clearing scratch folder...
2026-02-17_09-48-23.93 | INFO | Writing clinical files...
2026-02-17_09-48-23.93 | INFO | Writing data_clinical_patient.txt file...
2026-02-17_09-48-23.97 | INFO | Writing data_clinical_sample.txt file...
2026-02-17_09-48-24.01 | SUCCESS | Walk script completed!

2026-02-17_09-48-24.01 | INFO | Starting MAF filtering
2026-02-17_09-48-24.01 | INFO | It's time to create tables!
2026-02-17_09-48-24.01 | INFO | Starting meta_case_main script:
2026-02-17_09-48-24.02 | INFO | meta_case_main args [cancer:mixed, output_file:/data/data_storage/novaseq_results/research/CbioPortal/Study/OTHER/test_v1]
2026-02-17_09-48-24.02 | INFO | Creating case list folder...
2026-02-17_09-48-24.02 | INFO | Writing meta_study.txt file...
2026-02-17_09-48-24.02 | INFO | meta_study.txt created!
2026-02-17_09-48-24.02 | INFO | Writing meta_clinical_patient.txt file...
2026-02-17_09-48-24.02 | INFO | meta_clinical_patient.txt created!
2026-02-17_09-48-24.02 | INFO | Writing meta_clinical_sample.txt file...
2026-02-17_09-48-24.02 | INFO | meta_clinical_sample.txt created!
2026-02-17_09-48-24.02 | INFO | Writing meta_cna.txt file...
2026-02-17_09-48-24.02 | INFO | meta_cna.txt created!
2026-02-17_09-48-24.02 | INFO | Writing meta_cna_hg19_seg.txt file...
2026-02-17_09-48-24.02 | INFO | meta_cna_hg19.txt created!
2026-02-17_09-48-24.02 | WARNING | data_mutations_extended.txt file not found, not writing cases_sequenced.txt!
2026-02-17_09-48-24.03 | WARNING | data_sv.txt file not found, not writing cases_sv.txt!
2026-02-17_09-48-24.03 | SUCCESS | Make_meta_and_cases script completed!

2026-02-17_09-48-24.03 | INFO | Starting validation...
2026-02-17_09-48-24.03 | WARNING | Missing file(s) for Fusion from /data/data_storage/novaseq_results/research/CbioPortal/Study/OTHER/test_v1:
2026-02-17_09-48-24.03 | WARNING | - case_lists/cases_sv.txt
2026-02-17_09-48-24.03 | WARNING | - data_sv.txt
2026-02-17_09-48-24.03 | WARNING | - meta_sv.txt
2026-02-17_09-48-24.03 | WARNING | Missing file(s) for SNV from /data/data_storage/novaseq_results/research/CbioPortal/Study/OTHER/test_v1:
2026-02-17_09-48-24.03 | WARNING | - case_lists/cases_sequenced.txt
2026-02-17_09-48-24.03 | WARNING | - data_mutations_extended.txt
2026-02-17_09-48-24.03 | WARNING | - meta_mutations_extended.txt
2026-02-17_09-48-24.03 | INFO | Starting validation... 
2026-02-17_09-48-24.03 | WARNING | Warning: succeeding files may still fail to load (correctly).
2026-02-17_09-48-25.85 | WARNING | Validation of study succeeded with warnings. Check the report file in the study folder for details!
2026-02-17_09-48-29.97 | SUCCESS | The study is ready to be uploaded on cBioportal
