2026-02-19_15-11-30.29 | INFO | 
__| |_______________________________________________________________________| |__
__   _______________________________________________________________________   __
  | |                                                                       | |
  | | █████   █████   █████████   ███████████     █████████   ██████   █████| |
  | |░░███   ░░███   ███░░░░░███ ░░███░░░░░███   ███░░░░░███ ░░██████ ░░███ | |
  | | ░███    ░███  ░███    ░███  ░███    ░███  ░███    ░███  ░███░███ ░███ | |
  | | ░███    ░███  ░███████████  ░██████████   ░███████████  ░███░░███░███ | |
  | | ░░███   ███   ░███░░░░░███  ░███░░░░░███  ░███░░░░░███  ░███ ░░██████ | |
  | |  ░░░█████░    ░███    ░███  ░███    ░███  ░███    ░███  ░███  ░░█████ | |
  | |    ░░███      █████   █████ █████   █████ █████   █████ █████  ░░█████| |
  | |     ░░░      ░░░░░   ░░░░░ ░░░░░   ░░░░░ ░░░░░   ░░░░░ ░░░░░    ░░░░░ | |
__| |_______________________________________________________________________| |__
__   _______________________________________________________________________   __
  | |                                                                       | |

2026-02-19_15-11-30.29 | INFO | Welcome to VARAN 🦎

2026-02-19_15-11-30.30 | INFO | Varan args [input:['/data/data_storage/novaseq_results/tmp/analysis_260214_A01423_0428_BHHFG7DRX7_HRD/260214_A01423_0428_BHHFG7DRX7-6c0f7d54-0fc9-45f1-ac82-158a7c797481_data_varan.tsv'], output_folder:/data/data_storage/novaseq_results/research/CbioPortal/Study/OTHER/test, filters:, cancer:mixed, oncoKB:False, analysis_type:cnv, overwrite_output:False, resume:False, multiple:False, update:False, extract:False, remove:False]
2026-02-19_15-11-30.30 | INFO | Starting preparation study folder
2026-02-19_15-11-30.30 | INFO | Starting walk_folder script:
2026-02-19_15-11-30.30 | INFO | walk_folder args [input:['/data/data_storage/novaseq_results/tmp/analysis_260214_A01423_0428_BHHFG7DRX7_HRD/260214_A01423_0428_BHHFG7DRX7-6c0f7d54-0fc9-45f1-ac82-158a7c797481_data_varan.tsv'], output_folder:/data/data_storage/novaseq_results/research/CbioPortal/Study/OTHER/test, overwrite:False, resume:False, vcf_type:cnv, filters:, multiple:False]
2026-02-19_15-11-30.31 | WARNING | It seems that a version of the folder '/data/data_storage/novaseq_results/research/CbioPortal/Study/OTHER/test' already exists.
2026-02-19_15-11-30.31 | INFO | 3 version(s) of the selected output folder found: ['test_v2', 'test_v3', 'test_v1']
2026-02-19_15-11-30.31 | INFO | Creating the output folder '/data/data_storage/novaseq_results/research/CbioPortal/Study/OTHER/test_v4'...
2026-02-19_15-11-30.31 | INFO | The folder '/data/data_storage/novaseq_results/research/CbioPortal/Study/OTHER/test_v4' was correctly created!
2026-02-19_15-11-30.33 | INFO | Verifying the compilation of the conf.ini file for sample 2025030196_DNA
2026-02-19_15-11-30.38 | INFO | Verifying the compilation of the conf.ini file for sample 2026031399_DNA
2026-02-19_15-11-30.39 | INFO | Verifying the compilation of the conf.ini file for sample 2026031398_DNA
2026-02-19_15-11-30.41 | INFO | Verifying the compilation of the conf.ini file for sample 2025030568_DNA
2026-02-19_15-11-30.43 | INFO | Verifying the compilation of the conf.ini file for sample 2025030798_DNA
2026-02-19_15-11-30.45 | INFO | Verifying the compilation of the conf.ini file for sample 2025030616_DNA
2026-02-19_15-11-30.47 | INFO | Verifying the compilation of the conf.ini file for sample 2025030481_DNA
2026-02-19_15-11-30.49 | INFO | Verifying the compilation of the conf.ini file for sample 2025030105_DNA
2026-02-19_15-11-30.51 | INFO | Verifying the compilation of the conf.ini file for sample 2025030677_DNA
2026-02-19_15-11-30.52 | INFO | Verifying the compilation of the conf.ini file for sample 2025030390_DNA
2026-02-19_15-11-30.55 | INFO | Verifying the compilation of the conf.ini file for sample 2025030799_DNA
2026-02-19_15-11-30.56 | INFO | Verifying the compilation of the conf.ini file for sample 2025030192_DNA
2026-02-19_15-11-30.59 | INFO | Verifying the compilation of the conf.ini file for sample 2025030609_DNA
2026-02-19_15-11-30.60 | INFO | Verifying the compilation of the conf.ini file for sample 2025030572_DNA
2026-02-19_15-11-30.63 | INFO | Verifying the compilation of the conf.ini file for sample 2026032446_DNA
2026-02-19_15-11-30.67 | INFO | Verifying the compilation of the conf.ini file for sample 2026032447_DNA
2026-02-19_15-11-30.69 | INFO | Verifying the compilation of the conf.ini file for sample 2026032448_DNA
2026-02-19_15-11-30.72 | INFO | Verifying the compilation of the conf.ini file for sample 2026032449_DNA
2026-02-19_15-11-30.76 | INFO | Verifying the compilation of the conf.ini file for sample 2026032451_DNA
2026-02-19_15-11-30.91 | INFO | Verifying the compilation of the conf.ini file for sample 2026032457_DNA
2026-02-19_15-11-30.95 | INFO | Verifying the compilation of the conf.ini file for sample 2026032459_DNA
2026-02-19_15-11-31.00 | INFO | Verifying the compilation of the conf.ini file for sample 2026032460_DNA
2026-02-19_15-11-31.04 | INFO | Verifying the compilation of the conf.ini file for sample 2026032461_DNA
2026-02-19_15-11-31.08 | INFO | Verifying the compilation of the conf.ini file for sample 2026032463_DNA
2026-02-19_15-11-31.12 | INFO | Verifying the compilation of the conf.ini file for sample 2026032464_DNA
2026-02-19_15-11-31.16 | INFO | Verifying the compilation of the conf.ini file for sample 2026032467_DNA
2026-02-19_15-11-31.19 | INFO | Verifying the compilation of the conf.ini file for sample 2026032468_DNA
2026-02-19_15-11-31.23 | INFO | Verifying the compilation of the conf.ini file for sample 2026032470_DNA
2026-02-19_15-11-31.26 | INFO | Verifying the compilation of the conf.ini file for sample 2026032777_DNA
2026-02-19_15-11-31.28 | INFO | Verifying the compilation of the conf.ini file for sample 2026032472_DNA
2026-02-19_15-11-31.30 | INFO | Verifying the compilation of the conf.ini file for sample 2026032568_DNA
2026-02-19_15-11-31.37 | INFO | Checking CNV files...
2026-02-19_15-11-31.37 | INFO | Everything ok!
2026-02-19_15-11-31.38 | INFO | Everything ok!
2026-02-19_15-11-31.38 | INFO | Managing CNV files...
2026-02-19_15-11-31.66 | INFO | Checking data_cna_hg19.seg file...
2026-02-19_15-11-31.66 | INFO | Checking data_cna_hg19.seg.fc.txt file...
2026-02-19_15-11-31.67 | INFO | Writing data_cna_hg19.seg succefully completed!
2026-02-19_15-11-31.67 | INFO | Writing data_cna_hg19.seg.fc.txt succefully completed!
2026-02-19_15-11-31.67 | INFO | Starting CNA evaluation (this step could take a while)...
2026-02-19_15-11-31.70 | INFO | Analyzing cna sample(s)
2026-02-19_15-11-32.50 | INFO | Writing exonic_BRCA.txt file...
2026-02-19_15-11-32.51 | INFO | Clearing scratch folder...
2026-02-19_15-11-32.51 | INFO | Writing clinical files...
2026-02-19_15-11-32.51 | INFO | Writing data_clinical_patient.txt file...
2026-02-19_15-11-32.55 | INFO | Writing data_clinical_sample.txt file...
2026-02-19_15-11-32.59 | SUCCESS | Walk script completed!

2026-02-19_15-11-32.59 | INFO | Starting MAF filtering
2026-02-19_15-11-32.59 | INFO | It's time to create tables!
2026-02-19_15-11-32.59 | INFO | Starting meta_case_main script:
2026-02-19_15-11-32.59 | INFO | meta_case_main args [cancer:mixed, output_file:/data/data_storage/novaseq_results/research/CbioPortal/Study/OTHER/test_v4]
2026-02-19_15-11-32.60 | INFO | Creating case list folder...
2026-02-19_15-11-32.60 | INFO | Writing meta_study.txt file...
2026-02-19_15-11-32.60 | INFO | meta_study.txt created!
2026-02-19_15-11-32.60 | INFO | Writing meta_clinical_patient.txt file...
2026-02-19_15-11-32.60 | INFO | meta_clinical_patient.txt created!
2026-02-19_15-11-32.60 | INFO | Writing meta_clinical_sample.txt file...
2026-02-19_15-11-32.60 | INFO | meta_clinical_sample.txt created!
2026-02-19_15-11-32.60 | INFO | Writing meta_cna.txt file...
2026-02-19_15-11-32.60 | INFO | meta_cna.txt created!
2026-02-19_15-11-32.60 | INFO | Writing meta_cna_hg19_seg.txt file...
2026-02-19_15-11-32.60 | INFO | meta_cna_hg19.txt created!
2026-02-19_15-11-32.60 | WARNING | data_mutations_extended.txt file not found, not writing cases_sequenced.txt!
2026-02-19_15-11-32.61 | WARNING | data_sv.txt file not found, not writing cases_sv.txt!
2026-02-19_15-11-32.61 | SUCCESS | Make_meta_and_cases script completed!

2026-02-19_15-11-32.61 | INFO | Starting validation...
2026-02-19_15-11-32.61 | WARNING | Missing file(s) for Fusion from /data/data_storage/novaseq_results/research/CbioPortal/Study/OTHER/test_v4:
2026-02-19_15-11-32.61 | WARNING | - case_lists/cases_sv.txt
2026-02-19_15-11-32.61 | WARNING | - data_sv.txt
2026-02-19_15-11-32.61 | WARNING | - meta_sv.txt
2026-02-19_15-11-32.61 | WARNING | Missing file(s) for SNV from /data/data_storage/novaseq_results/research/CbioPortal/Study/OTHER/test_v4:
2026-02-19_15-11-32.61 | WARNING | - case_lists/cases_sequenced.txt
2026-02-19_15-11-32.61 | WARNING | - data_mutations_extended.txt
2026-02-19_15-11-32.61 | WARNING | - meta_mutations_extended.txt
2026-02-19_15-11-32.61 | INFO | Starting validation... 
2026-02-19_15-11-32.61 | WARNING | Warning: succeeding files may still fail to load (correctly).
2026-02-19_15-11-33.08 | WARNING | Validation of study succeeded with warnings. Check the report file in the study folder for details!
