2026-02-18_14-20-35.89 | INFO | 
__| |_______________________________________________________________________| |__
__   _______________________________________________________________________   __
  | |                                                                       | |
  | | █████   █████   █████████   ███████████     █████████   ██████   █████| |
  | |░░███   ░░███   ███░░░░░███ ░░███░░░░░███   ███░░░░░███ ░░██████ ░░███ | |
  | | ░███    ░███  ░███    ░███  ░███    ░███  ░███    ░███  ░███░███ ░███ | |
  | | ░███    ░███  ░███████████  ░██████████   ░███████████  ░███░░███░███ | |
  | | ░░███   ███   ░███░░░░░███  ░███░░░░░███  ░███░░░░░███  ░███ ░░██████ | |
  | |  ░░░█████░    ░███    ░███  ░███    ░███  ░███    ░███  ░███  ░░█████ | |
  | |    ░░███      █████   █████ █████   █████ █████   █████ █████  ░░█████| |
  | |     ░░░      ░░░░░   ░░░░░ ░░░░░   ░░░░░ ░░░░░   ░░░░░ ░░░░░    ░░░░░ | |
__| |_______________________________________________________________________| |__
__   _______________________________________________________________________   __
  | |                                                                       | |

2026-02-18_14-20-35.89 | INFO | Welcome to VARAN 🦎

2026-02-18_14-20-35.90 | INFO | Varan args [input:['/data/data_storage/novaseq_results/tmp/analysis_260214_A01423_0428_BHHFG7DRX7_HRD/_data_varan.tsv'], output_folder:/data/data_storage/novaseq_results/research/CbioPortal/Study/OTHER/test, filters:, cancer:mixed, oncoKB:False, analysis_type:cnv, overwrite_output:False, resume:False, multiple:False, update:False, extract:False, remove:False]
2026-02-18_14-20-35.90 | INFO | Starting preparation study folder
2026-02-18_14-20-35.90 | INFO | Starting walk_folder script:
2026-02-18_14-20-35.90 | INFO | walk_folder args [input:['/data/data_storage/novaseq_results/tmp/analysis_260214_A01423_0428_BHHFG7DRX7_HRD/_data_varan.tsv'], output_folder:/data/data_storage/novaseq_results/research/CbioPortal/Study/OTHER/test, overwrite:False, resume:False, vcf_type:cnv, filters:, multiple:False]
2026-02-18_14-20-35.90 | CRITICAL | File not found: No valid file/folder ['/data/data_storage/novaseq_results/tmp/analysis_260214_A01423_0428_BHHFG7DRX7_HRD/_data_varan.tsv'] found. Check your input path
