2026-02-16_14-27-34.68 | INFO | 
__| |_______________________________________________________________________| |__
__   _______________________________________________________________________   __
  | |                                                                       | |
  | | █████   █████   █████████   ███████████     █████████   ██████   █████| |
  | |░░███   ░░███   ███░░░░░███ ░░███░░░░░███   ███░░░░░███ ░░██████ ░░███ | |
  | | ░███    ░███  ░███    ░███  ░███    ░███  ░███    ░███  ░███░███ ░███ | |
  | | ░███    ░███  ░███████████  ░██████████   ░███████████  ░███░░███░███ | |
  | | ░░███   ███   ░███░░░░░███  ░███░░░░░███  ░███░░░░░███  ░███ ░░██████ | |
  | |  ░░░█████░    ░███    ░███  ░███    ░███  ░███    ░███  ░███  ░░█████ | |
  | |    ░░███      █████   █████ █████   █████ █████   █████ █████  ░░█████| |
  | |     ░░░      ░░░░░   ░░░░░ ░░░░░   ░░░░░ ░░░░░   ░░░░░ ░░░░░    ░░░░░ | |
__| |_______________________________________________________________________| |__
__   _______________________________________________________________________   __
  | |                                                                       | |

2026-02-16_14-27-34.68 | INFO | Welcome to VARAN 🦎

2026-02-16_14-27-34.68 | INFO | Varan args [input:['/data/data_storage/novaseq_results/research/CbioPortal/Input_file/file_input/28843779.tsv'], output_folder:/data/data_storage/novaseq_results/research/CbioPortal/Study/OTHER/tets, filters:, cancer:mixed, oncoKB:False, analysis_type:None, overwrite_output:False, resume:False, multiple:False, update:False, extract:False, remove:False]
2026-02-16_14-27-34.68 | INFO | Starting preparation study folder
2026-02-16_14-27-34.68 | INFO | Starting walk_folder script:
2026-02-16_14-27-34.68 | INFO | walk_folder args [input:['/data/data_storage/novaseq_results/research/CbioPortal/Input_file/file_input/28843779.tsv'], output_folder:/data/data_storage/novaseq_results/research/CbioPortal/Study/OTHER/tets, overwrite:False, resume:False, vcf_type:None, filters:, multiple:False]
2026-02-16_14-27-34.70 | INFO | Creating the output folder '/data/data_storage/novaseq_results/research/CbioPortal/Study/OTHER/tets_v1'...
2026-02-16_14-27-34.70 | INFO | The folder '/data/data_storage/novaseq_results/research/CbioPortal/Study/OTHER/tets_v1' was correctly created!
2026-02-16_14-27-34.70 | WARNING | SNV and/or CNV columns in sample.tsv were not filled.
2026-02-16_14-27-34.71 | INFO | Verifying the compilation of the conf.ini file for sample 00011351_DNA
2026-02-16_14-27-34.71 | WARNING | /data/data_storage/novaseq_results/221125_A01423_0080_IFO/Results/28843779/00011351_DNA/00011351_DNA_MergedSmallVariants.genome.vcf not found
2026-02-16_14-27-34.73 | CRITICAL | ValueError: Empty input folder(s)! Either SNV, CNV or CombinedOutput folder shouldcontain input files.
