2026-02-19_15-04-56.59 | INFO | 
__| |_______________________________________________________________________| |__
__   _______________________________________________________________________   __
  | |                                                                       | |
  | | █████   █████   █████████   ███████████     █████████   ██████   █████| |
  | |░░███   ░░███   ███░░░░░███ ░░███░░░░░███   ███░░░░░███ ░░██████ ░░███ | |
  | | ░███    ░███  ░███    ░███  ░███    ░███  ░███    ░███  ░███░███ ░███ | |
  | | ░███    ░███  ░███████████  ░██████████   ░███████████  ░███░░███░███ | |
  | | ░░███   ███   ░███░░░░░███  ░███░░░░░███  ░███░░░░░███  ░███ ░░██████ | |
  | |  ░░░█████░    ░███    ░███  ░███    ░███  ░███    ░███  ░███  ░░█████ | |
  | |    ░░███      █████   █████ █████   █████ █████   █████ █████  ░░█████| |
  | |     ░░░      ░░░░░   ░░░░░ ░░░░░   ░░░░░ ░░░░░   ░░░░░ ░░░░░    ░░░░░ | |
__| |_______________________________________________________________________| |__
__   _______________________________________________________________________   __
  | |                                                                       | |

2026-02-19_15-04-56.59 | INFO | Welcome to VARAN 🦎

2026-02-19_15-04-56.59 | INFO | Varan args [input:['/data/data_storage/novaseq_results/tmp/analysis_260214_A01423_0428_BHHFG7DRX7_HRD/260214_A01423_0428_BHHFG7DRX7-6c0f7d54-0fc9-45f1-ac82-158a7c797481_data_varan.tsv'], output_folder:/data/data_storage/novaseq_results/research/CbioPortal/Study/OTHER/test, filters:, cancer:mixed, oncoKB:False, analysis_type:snv, overwrite_output:False, resume:False, multiple:False, update:False, extract:False, remove:False]
2026-02-19_15-04-56.59 | INFO | Starting preparation study folder
2026-02-19_15-04-56.59 | INFO | Starting walk_folder script:
2026-02-19_15-04-56.59 | INFO | walk_folder args [input:['/data/data_storage/novaseq_results/tmp/analysis_260214_A01423_0428_BHHFG7DRX7_HRD/260214_A01423_0428_BHHFG7DRX7-6c0f7d54-0fc9-45f1-ac82-158a7c797481_data_varan.tsv'], output_folder:/data/data_storage/novaseq_results/research/CbioPortal/Study/OTHER/test, overwrite:False, resume:False, vcf_type:snv, filters:, multiple:False]
2026-02-19_15-04-56.60 | WARNING | It seems that a version of the folder '/data/data_storage/novaseq_results/research/CbioPortal/Study/OTHER/test' already exists.
2026-02-19_15-04-56.60 | INFO | 3 version(s) of the selected output folder found: ['test_v2', 'test_v3', 'test_v1']
2026-02-19_15-04-56.60 | INFO | Creating the output folder '/data/data_storage/novaseq_results/research/CbioPortal/Study/OTHER/test_v4'...
2026-02-19_15-04-56.60 | INFO | The folder '/data/data_storage/novaseq_results/research/CbioPortal/Study/OTHER/test_v4' was correctly created!
2026-02-19_15-04-56.61 | INFO | Verifying the compilation of the conf.ini file for sample 2025030196_DNA
2026-02-19_15-04-56.64 | INFO | Verifying the compilation of the conf.ini file for sample 2026031399_DNA
2026-02-19_15-04-56.66 | INFO | Verifying the compilation of the conf.ini file for sample 2026031398_DNA
2026-02-19_15-04-56.68 | INFO | Verifying the compilation of the conf.ini file for sample 2025030568_DNA
2026-02-19_15-04-56.70 | INFO | Verifying the compilation of the conf.ini file for sample 2025030798_DNA
2026-02-19_15-04-56.72 | INFO | Verifying the compilation of the conf.ini file for sample 2025030616_DNA
2026-02-19_15-04-56.73 | INFO | Verifying the compilation of the conf.ini file for sample 2025030481_DNA
2026-02-19_15-04-56.77 | INFO | Verifying the compilation of the conf.ini file for sample 2025030105_DNA
2026-02-19_15-04-56.79 | INFO | Verifying the compilation of the conf.ini file for sample 2025030677_DNA
2026-02-19_15-04-56.81 | INFO | Verifying the compilation of the conf.ini file for sample 2025030390_DNA
2026-02-19_15-04-56.83 | INFO | Verifying the compilation of the conf.ini file for sample 2025030799_DNA
2026-02-19_15-04-56.85 | INFO | Verifying the compilation of the conf.ini file for sample 2025030192_DNA
2026-02-19_15-04-56.87 | INFO | Verifying the compilation of the conf.ini file for sample 2025030609_DNA
2026-02-19_15-04-56.89 | INFO | Verifying the compilation of the conf.ini file for sample 2025030572_DNA
2026-02-19_15-04-56.90 | INFO | Verifying the compilation of the conf.ini file for sample 2026032446_DNA
2026-02-19_15-04-56.94 | INFO | Verifying the compilation of the conf.ini file for sample 2026032447_DNA
2026-02-19_15-04-56.96 | INFO | Verifying the compilation of the conf.ini file for sample 2026032448_DNA
2026-02-19_15-04-56.99 | INFO | Verifying the compilation of the conf.ini file for sample 2026032449_DNA
2026-02-19_15-04-57.03 | INFO | Verifying the compilation of the conf.ini file for sample 2026032451_DNA
2026-02-19_15-04-57.07 | INFO | Verifying the compilation of the conf.ini file for sample 2026032457_DNA
2026-02-19_15-04-57.11 | INFO | Verifying the compilation of the conf.ini file for sample 2026032459_DNA
2026-02-19_15-04-57.16 | INFO | Verifying the compilation of the conf.ini file for sample 2026032460_DNA
2026-02-19_15-04-57.19 | INFO | Verifying the compilation of the conf.ini file for sample 2026032461_DNA
2026-02-19_15-04-57.24 | INFO | Verifying the compilation of the conf.ini file for sample 2026032463_DNA
2026-02-19_15-04-57.28 | INFO | Verifying the compilation of the conf.ini file for sample 2026032464_DNA
2026-02-19_15-04-57.32 | INFO | Verifying the compilation of the conf.ini file for sample 2026032467_DNA
2026-02-19_15-04-57.36 | INFO | Verifying the compilation of the conf.ini file for sample 2026032468_DNA
2026-02-19_15-04-57.39 | INFO | Verifying the compilation of the conf.ini file for sample 2026032470_DNA
2026-02-19_15-04-57.42 | INFO | Verifying the compilation of the conf.ini file for sample 2026032777_DNA
2026-02-19_15-04-57.44 | INFO | Verifying the compilation of the conf.ini file for sample 2026032472_DNA
2026-02-19_15-04-57.47 | INFO | Verifying the compilation of the conf.ini file for sample 2026032568_DNA
2026-02-19_15-04-57.52 | INFO | Checking SNV files...
2026-02-19_15-04-57.52 | INFO | Everything ok!
2026-02-19_15-04-57.53 | INFO | Writing exonic_BRCA.txt file...
2026-02-19_15-04-57.54 | INFO | Managing SNV files...
2026-02-19_15-04-57.54 | INFO | Checking maf folder...
2026-02-19_15-04-57.59 | INFO | Starting vcf2maf conversion of /data/data_storage/novaseq_results/research/CbioPortal/Study/OTHER/test_v4/temp/SNV/2025030196_DNA.hard-filtered.bam... This may take several minutes (approx 5 minutes per sample).
2026-02-19_15-04-57.59 | INFO | args=['perl', '/data/data_storage/novaseq_results/research/CbioPortal/vep/bin/vcf2maf.pl', '--input-vcf', '/data/data_storage/novaseq_results/research/CbioPortal/Study/OTHER/test_v4/temp/SNV/2025030196_DNA.hard-filtered.vcf', '--vep-custom', '/data/data_storage/novaseq_results/research/CbioPortal/vep/ftp.ncbi.nlm.nih.gov/pub/clinvar/vcf_GRCh37/clinvar_20260201.vcf.gz,ClinVar,vcf,exact,0,CLNSIG', '--output-maf', '/data/data_storage/novaseq_results/research/CbioPortal/Study/OTHER/test_v4/maf/2025030196_DNA.hard-filtered.vcf.maf', '--ref-fasta', '/apps/trusight/2.2.0/resources/genomes/hg19_hardPAR/genome.fa', '--tmp-dir', 'scratch/px7b9kb9uf', '--retain-fmt', 'GT,GQ,AD,DP,VF,AF', '--vep-path', '/data/data_storage/research/Multiomics/condaEnvs/vep115/bin', '--vep-data', '/data/data_storage/novaseq_results/research/CbioPortal/GRCh37/vep', '--tumor-id', '2025030196_DNA', '--cache-version', '115', '--ncbi-build GRCh37']
2026-02-19_15-04-57.69 | WARNING | Unknown option: ncbi-build grch37
Usage:
     perl vcf2maf.pl --help
     perl vcf2maf.pl --input-vcf WD4086.vcf --output-maf WD4086.maf --tumor-id WD4086 --normal-id NB4086

Options:
     --input-vcf      Path to input file in VCF format
     --output-maf     Path to output MAF file
     --tmp-dir        Folder to retain intermediate VCFs after runtime [Default: Folder containing input VCF]
     --tumor-id       Tumor_Sample_Barcode to report in the MAF [TUMOR]
     --normal-id      Matched_Norm_Sample_Barcode to report in the MAF [NORMAL]
     --vcf-tumor-id   Tumor sample ID used in VCF's genotype columns [--tumor-id]
     --vcf-normal-id  Matched normal ID used in VCF's genotype columns [--normal-id]
     --custom-enst    List of custom ENST IDs that override canonical selection
     --vep-path       Folder containing the vep script [~/miniconda3/bin]
     --vep-data       VEP's base cache/plugin directory [~/.vep]
     --vep-forks      Number of forked processes to use when running VEP [4]
     --vep-custom     String to pass into VEP's --custom option []
     --vep-config     Config file to pass into VEP's --config option []
     --vep-overwrite  Allow VEP to overwrite output VCF if it exists
     --buffer-size    Number of variants VEP loads at a time; Reduce this for low memory systems [5000]
     --any-allele     When reporting co-located variants, allow mismatched variant alleles too
     --inhibit-vep    Skip running VEP, but extract VEP annotation in VCF if found
     --online         Use useastdb.ensembl.org instead of local cache (supports only GRCh38 VCFs listing <100 events)
     --ref-fasta      Reference FASTA file [~/.vep/homo_sapiens/102_GRCh37/Homo_sapiens.GRCh37.dna.toplevel.fa.gz]
     --max-subpop-af  Add FILTER tag common_variant if gnomAD reports any subpopulation AFs greater than this [0.0004]
     --species        Ensembl-friendly name of species (e.g. mus_musculus for mouse) [homo_sapiens]
     --ncbi-build     NCBI reference assembly of variants MAF (e.g. GRCm38 for mouse) [GRCh37]
     --cache-version  Version of offline cache to use with VEP (e.g. 75, 91, 102) [Default: Installed version]
     --maf-center     Variant calling center to report in MAF [.]
     --retain-info    Comma-delimited names of INFO fields to retain as extra columns in MAF []
     --retain-fmt     Comma-delimited names of FORMAT fields to retain as extra columns in MAF []
     --retain-ann     Comma-delimited names of annotations (within the VEP CSQ/ANN) to retain as extra columns in MAF []
     --min-hom-vaf    If GT undefined in VCF, minimum allele fraction to call a variant homozygous [0.7]
     --remap-chain    Chain file to remap variants to a different assembly before running VEP
     --verbose        Print more things to log progress
     --help           Print a brief help message and quit
     --man            Print the detailed manual


2026-02-19_15-04-57.73 | INFO | Starting vcf2maf conversion of /data/data_storage/novaseq_results/research/CbioPortal/Study/OTHER/test_v4/temp/SNV/2026031399_DNA.hard-filtered.bam... This may take several minutes (approx 5 minutes per sample).
2026-02-19_15-04-57.73 | INFO | args=['perl', '/data/data_storage/novaseq_results/research/CbioPortal/vep/bin/vcf2maf.pl', '--input-vcf', '/data/data_storage/novaseq_results/research/CbioPortal/Study/OTHER/test_v4/temp/SNV/2026031399_DNA.hard-filtered.vcf', '--vep-custom', '/data/data_storage/novaseq_results/research/CbioPortal/vep/ftp.ncbi.nlm.nih.gov/pub/clinvar/vcf_GRCh37/clinvar_20260201.vcf.gz,ClinVar,vcf,exact,0,CLNSIG', '--output-maf', '/data/data_storage/novaseq_results/research/CbioPortal/Study/OTHER/test_v4/maf/2026031399_DNA.hard-filtered.vcf.maf', '--ref-fasta', '/apps/trusight/2.2.0/resources/genomes/hg19_hardPAR/genome.fa', '--tmp-dir', 'scratch/px7b9kb9uf', '--retain-fmt', 'GT,GQ,AD,DP,VF,AF', '--vep-path', '/data/data_storage/research/Multiomics/condaEnvs/vep115/bin', '--vep-data', '/data/data_storage/novaseq_results/research/CbioPortal/GRCh37/vep', '--tumor-id', '2026031399_DNA', '--cache-version', '115', '--ncbi-build GRCh37']
2026-02-19_15-04-57.82 | WARNING | Unknown option: ncbi-build grch37
Usage:
     perl vcf2maf.pl --help
     perl vcf2maf.pl --input-vcf WD4086.vcf --output-maf WD4086.maf --tumor-id WD4086 --normal-id NB4086

Options:
     --input-vcf      Path to input file in VCF format
     --output-maf     Path to output MAF file
     --tmp-dir        Folder to retain intermediate VCFs after runtime [Default: Folder containing input VCF]
     --tumor-id       Tumor_Sample_Barcode to report in the MAF [TUMOR]
     --normal-id      Matched_Norm_Sample_Barcode to report in the MAF [NORMAL]
     --vcf-tumor-id   Tumor sample ID used in VCF's genotype columns [--tumor-id]
     --vcf-normal-id  Matched normal ID used in VCF's genotype columns [--normal-id]
     --custom-enst    List of custom ENST IDs that override canonical selection
     --vep-path       Folder containing the vep script [~/miniconda3/bin]
     --vep-data       VEP's base cache/plugin directory [~/.vep]
     --vep-forks      Number of forked processes to use when running VEP [4]
     --vep-custom     String to pass into VEP's --custom option []
     --vep-config     Config file to pass into VEP's --config option []
     --vep-overwrite  Allow VEP to overwrite output VCF if it exists
     --buffer-size    Number of variants VEP loads at a time; Reduce this for low memory systems [5000]
     --any-allele     When reporting co-located variants, allow mismatched variant alleles too
     --inhibit-vep    Skip running VEP, but extract VEP annotation in VCF if found
     --online         Use useastdb.ensembl.org instead of local cache (supports only GRCh38 VCFs listing <100 events)
     --ref-fasta      Reference FASTA file [~/.vep/homo_sapiens/102_GRCh37/Homo_sapiens.GRCh37.dna.toplevel.fa.gz]
     --max-subpop-af  Add FILTER tag common_variant if gnomAD reports any subpopulation AFs greater than this [0.0004]
     --species        Ensembl-friendly name of species (e.g. mus_musculus for mouse) [homo_sapiens]
     --ncbi-build     NCBI reference assembly of variants MAF (e.g. GRCm38 for mouse) [GRCh37]
     --cache-version  Version of offline cache to use with VEP (e.g. 75, 91, 102) [Default: Installed version]
     --maf-center     Variant calling center to report in MAF [.]
     --retain-info    Comma-delimited names of INFO fields to retain as extra columns in MAF []
     --retain-fmt     Comma-delimited names of FORMAT fields to retain as extra columns in MAF []
     --retain-ann     Comma-delimited names of annotations (within the VEP CSQ/ANN) to retain as extra columns in MAF []
     --min-hom-vaf    If GT undefined in VCF, minimum allele fraction to call a variant homozygous [0.7]
     --remap-chain    Chain file to remap variants to a different assembly before running VEP
     --verbose        Print more things to log progress
     --help           Print a brief help message and quit
     --man            Print the detailed manual


2026-02-19_15-04-57.87 | INFO | Starting vcf2maf conversion of /data/data_storage/novaseq_results/research/CbioPortal/Study/OTHER/test_v4/temp/SNV/2026031398_DNA.hard-filtered.bam... This may take several minutes (approx 5 minutes per sample).
2026-02-19_15-04-57.87 | INFO | args=['perl', '/data/data_storage/novaseq_results/research/CbioPortal/vep/bin/vcf2maf.pl', '--input-vcf', '/data/data_storage/novaseq_results/research/CbioPortal/Study/OTHER/test_v4/temp/SNV/2026031398_DNA.hard-filtered.vcf', '--vep-custom', '/data/data_storage/novaseq_results/research/CbioPortal/vep/ftp.ncbi.nlm.nih.gov/pub/clinvar/vcf_GRCh37/clinvar_20260201.vcf.gz,ClinVar,vcf,exact,0,CLNSIG', '--output-maf', '/data/data_storage/novaseq_results/research/CbioPortal/Study/OTHER/test_v4/maf/2026031398_DNA.hard-filtered.vcf.maf', '--ref-fasta', '/apps/trusight/2.2.0/resources/genomes/hg19_hardPAR/genome.fa', '--tmp-dir', 'scratch/px7b9kb9uf', '--retain-fmt', 'GT,GQ,AD,DP,VF,AF', '--vep-path', '/data/data_storage/research/Multiomics/condaEnvs/vep115/bin', '--vep-data', '/data/data_storage/novaseq_results/research/CbioPortal/GRCh37/vep', '--tumor-id', '2026031398_DNA', '--cache-version', '115', '--ncbi-build GRCh37']
2026-02-19_15-04-57.95 | WARNING | Unknown option: ncbi-build grch37
Usage:
     perl vcf2maf.pl --help
     perl vcf2maf.pl --input-vcf WD4086.vcf --output-maf WD4086.maf --tumor-id WD4086 --normal-id NB4086

Options:
     --input-vcf      Path to input file in VCF format
     --output-maf     Path to output MAF file
     --tmp-dir        Folder to retain intermediate VCFs after runtime [Default: Folder containing input VCF]
     --tumor-id       Tumor_Sample_Barcode to report in the MAF [TUMOR]
     --normal-id      Matched_Norm_Sample_Barcode to report in the MAF [NORMAL]
     --vcf-tumor-id   Tumor sample ID used in VCF's genotype columns [--tumor-id]
     --vcf-normal-id  Matched normal ID used in VCF's genotype columns [--normal-id]
     --custom-enst    List of custom ENST IDs that override canonical selection
     --vep-path       Folder containing the vep script [~/miniconda3/bin]
     --vep-data       VEP's base cache/plugin directory [~/.vep]
     --vep-forks      Number of forked processes to use when running VEP [4]
     --vep-custom     String to pass into VEP's --custom option []
     --vep-config     Config file to pass into VEP's --config option []
     --vep-overwrite  Allow VEP to overwrite output VCF if it exists
     --buffer-size    Number of variants VEP loads at a time; Reduce this for low memory systems [5000]
     --any-allele     When reporting co-located variants, allow mismatched variant alleles too
     --inhibit-vep    Skip running VEP, but extract VEP annotation in VCF if found
     --online         Use useastdb.ensembl.org instead of local cache (supports only GRCh38 VCFs listing <100 events)
     --ref-fasta      Reference FASTA file [~/.vep/homo_sapiens/102_GRCh37/Homo_sapiens.GRCh37.dna.toplevel.fa.gz]
     --max-subpop-af  Add FILTER tag common_variant if gnomAD reports any subpopulation AFs greater than this [0.0004]
     --species        Ensembl-friendly name of species (e.g. mus_musculus for mouse) [homo_sapiens]
     --ncbi-build     NCBI reference assembly of variants MAF (e.g. GRCm38 for mouse) [GRCh37]
     --cache-version  Version of offline cache to use with VEP (e.g. 75, 91, 102) [Default: Installed version]
     --maf-center     Variant calling center to report in MAF [.]
     --retain-info    Comma-delimited names of INFO fields to retain as extra columns in MAF []
     --retain-fmt     Comma-delimited names of FORMAT fields to retain as extra columns in MAF []
     --retain-ann     Comma-delimited names of annotations (within the VEP CSQ/ANN) to retain as extra columns in MAF []
     --min-hom-vaf    If GT undefined in VCF, minimum allele fraction to call a variant homozygous [0.7]
     --remap-chain    Chain file to remap variants to a different assembly before running VEP
     --verbose        Print more things to log progress
     --help           Print a brief help message and quit
     --man            Print the detailed manual


2026-02-19_15-04-57.99 | INFO | Starting vcf2maf conversion of /data/data_storage/novaseq_results/research/CbioPortal/Study/OTHER/test_v4/temp/SNV/2025030568_DNA.hard-filtered.bam... This may take several minutes (approx 5 minutes per sample).
2026-02-19_15-04-57.99 | INFO | args=['perl', '/data/data_storage/novaseq_results/research/CbioPortal/vep/bin/vcf2maf.pl', '--input-vcf', '/data/data_storage/novaseq_results/research/CbioPortal/Study/OTHER/test_v4/temp/SNV/2025030568_DNA.hard-filtered.vcf', '--vep-custom', '/data/data_storage/novaseq_results/research/CbioPortal/vep/ftp.ncbi.nlm.nih.gov/pub/clinvar/vcf_GRCh37/clinvar_20260201.vcf.gz,ClinVar,vcf,exact,0,CLNSIG', '--output-maf', '/data/data_storage/novaseq_results/research/CbioPortal/Study/OTHER/test_v4/maf/2025030568_DNA.hard-filtered.vcf.maf', '--ref-fasta', '/apps/trusight/2.2.0/resources/genomes/hg19_hardPAR/genome.fa', '--tmp-dir', 'scratch/px7b9kb9uf', '--retain-fmt', 'GT,GQ,AD,DP,VF,AF', '--vep-path', '/data/data_storage/research/Multiomics/condaEnvs/vep115/bin', '--vep-data', '/data/data_storage/novaseq_results/research/CbioPortal/GRCh37/vep', '--tumor-id', '2025030568_DNA', '--cache-version', '115', '--ncbi-build GRCh37']
2026-02-19_15-04-58.09 | WARNING | Unknown option: ncbi-build grch37
Usage:
     perl vcf2maf.pl --help
     perl vcf2maf.pl --input-vcf WD4086.vcf --output-maf WD4086.maf --tumor-id WD4086 --normal-id NB4086

Options:
     --input-vcf      Path to input file in VCF format
     --output-maf     Path to output MAF file
     --tmp-dir        Folder to retain intermediate VCFs after runtime [Default: Folder containing input VCF]
     --tumor-id       Tumor_Sample_Barcode to report in the MAF [TUMOR]
     --normal-id      Matched_Norm_Sample_Barcode to report in the MAF [NORMAL]
     --vcf-tumor-id   Tumor sample ID used in VCF's genotype columns [--tumor-id]
     --vcf-normal-id  Matched normal ID used in VCF's genotype columns [--normal-id]
     --custom-enst    List of custom ENST IDs that override canonical selection
     --vep-path       Folder containing the vep script [~/miniconda3/bin]
     --vep-data       VEP's base cache/plugin directory [~/.vep]
     --vep-forks      Number of forked processes to use when running VEP [4]
     --vep-custom     String to pass into VEP's --custom option []
     --vep-config     Config file to pass into VEP's --config option []
     --vep-overwrite  Allow VEP to overwrite output VCF if it exists
     --buffer-size    Number of variants VEP loads at a time; Reduce this for low memory systems [5000]
     --any-allele     When reporting co-located variants, allow mismatched variant alleles too
     --inhibit-vep    Skip running VEP, but extract VEP annotation in VCF if found
     --online         Use useastdb.ensembl.org instead of local cache (supports only GRCh38 VCFs listing <100 events)
     --ref-fasta      Reference FASTA file [~/.vep/homo_sapiens/102_GRCh37/Homo_sapiens.GRCh37.dna.toplevel.fa.gz]
     --max-subpop-af  Add FILTER tag common_variant if gnomAD reports any subpopulation AFs greater than this [0.0004]
     --species        Ensembl-friendly name of species (e.g. mus_musculus for mouse) [homo_sapiens]
     --ncbi-build     NCBI reference assembly of variants MAF (e.g. GRCm38 for mouse) [GRCh37]
     --cache-version  Version of offline cache to use with VEP (e.g. 75, 91, 102) [Default: Installed version]
     --maf-center     Variant calling center to report in MAF [.]
     --retain-info    Comma-delimited names of INFO fields to retain as extra columns in MAF []
     --retain-fmt     Comma-delimited names of FORMAT fields to retain as extra columns in MAF []
     --retain-ann     Comma-delimited names of annotations (within the VEP CSQ/ANN) to retain as extra columns in MAF []
     --min-hom-vaf    If GT undefined in VCF, minimum allele fraction to call a variant homozygous [0.7]
     --remap-chain    Chain file to remap variants to a different assembly before running VEP
     --verbose        Print more things to log progress
     --help           Print a brief help message and quit
     --man            Print the detailed manual


2026-02-19_15-04-58.13 | INFO | Starting vcf2maf conversion of /data/data_storage/novaseq_results/research/CbioPortal/Study/OTHER/test_v4/temp/SNV/2025030798_DNA.hard-filtered.bam... This may take several minutes (approx 5 minutes per sample).
2026-02-19_15-04-58.13 | INFO | args=['perl', '/data/data_storage/novaseq_results/research/CbioPortal/vep/bin/vcf2maf.pl', '--input-vcf', '/data/data_storage/novaseq_results/research/CbioPortal/Study/OTHER/test_v4/temp/SNV/2025030798_DNA.hard-filtered.vcf', '--vep-custom', '/data/data_storage/novaseq_results/research/CbioPortal/vep/ftp.ncbi.nlm.nih.gov/pub/clinvar/vcf_GRCh37/clinvar_20260201.vcf.gz,ClinVar,vcf,exact,0,CLNSIG', '--output-maf', '/data/data_storage/novaseq_results/research/CbioPortal/Study/OTHER/test_v4/maf/2025030798_DNA.hard-filtered.vcf.maf', '--ref-fasta', '/apps/trusight/2.2.0/resources/genomes/hg19_hardPAR/genome.fa', '--tmp-dir', 'scratch/px7b9kb9uf', '--retain-fmt', 'GT,GQ,AD,DP,VF,AF', '--vep-path', '/data/data_storage/research/Multiomics/condaEnvs/vep115/bin', '--vep-data', '/data/data_storage/novaseq_results/research/CbioPortal/GRCh37/vep', '--tumor-id', '2025030798_DNA', '--cache-version', '115', '--ncbi-build GRCh37']
2026-02-19_15-04-58.22 | WARNING | Unknown option: ncbi-build grch37
Usage:
     perl vcf2maf.pl --help
     perl vcf2maf.pl --input-vcf WD4086.vcf --output-maf WD4086.maf --tumor-id WD4086 --normal-id NB4086

Options:
     --input-vcf      Path to input file in VCF format
     --output-maf     Path to output MAF file
     --tmp-dir        Folder to retain intermediate VCFs after runtime [Default: Folder containing input VCF]
     --tumor-id       Tumor_Sample_Barcode to report in the MAF [TUMOR]
     --normal-id      Matched_Norm_Sample_Barcode to report in the MAF [NORMAL]
     --vcf-tumor-id   Tumor sample ID used in VCF's genotype columns [--tumor-id]
     --vcf-normal-id  Matched normal ID used in VCF's genotype columns [--normal-id]
     --custom-enst    List of custom ENST IDs that override canonical selection
     --vep-path       Folder containing the vep script [~/miniconda3/bin]
     --vep-data       VEP's base cache/plugin directory [~/.vep]
     --vep-forks      Number of forked processes to use when running VEP [4]
     --vep-custom     String to pass into VEP's --custom option []
     --vep-config     Config file to pass into VEP's --config option []
     --vep-overwrite  Allow VEP to overwrite output VCF if it exists
     --buffer-size    Number of variants VEP loads at a time; Reduce this for low memory systems [5000]
     --any-allele     When reporting co-located variants, allow mismatched variant alleles too
     --inhibit-vep    Skip running VEP, but extract VEP annotation in VCF if found
     --online         Use useastdb.ensembl.org instead of local cache (supports only GRCh38 VCFs listing <100 events)
     --ref-fasta      Reference FASTA file [~/.vep/homo_sapiens/102_GRCh37/Homo_sapiens.GRCh37.dna.toplevel.fa.gz]
     --max-subpop-af  Add FILTER tag common_variant if gnomAD reports any subpopulation AFs greater than this [0.0004]
     --species        Ensembl-friendly name of species (e.g. mus_musculus for mouse) [homo_sapiens]
     --ncbi-build     NCBI reference assembly of variants MAF (e.g. GRCm38 for mouse) [GRCh37]
     --cache-version  Version of offline cache to use with VEP (e.g. 75, 91, 102) [Default: Installed version]
     --maf-center     Variant calling center to report in MAF [.]
     --retain-info    Comma-delimited names of INFO fields to retain as extra columns in MAF []
     --retain-fmt     Comma-delimited names of FORMAT fields to retain as extra columns in MAF []
     --retain-ann     Comma-delimited names of annotations (within the VEP CSQ/ANN) to retain as extra columns in MAF []
     --min-hom-vaf    If GT undefined in VCF, minimum allele fraction to call a variant homozygous [0.7]
     --remap-chain    Chain file to remap variants to a different assembly before running VEP
     --verbose        Print more things to log progress
     --help           Print a brief help message and quit
     --man            Print the detailed manual


2026-02-19_15-04-58.26 | INFO | Starting vcf2maf conversion of /data/data_storage/novaseq_results/research/CbioPortal/Study/OTHER/test_v4/temp/SNV/2025030616_DNA.hard-filtered.bam... This may take several minutes (approx 5 minutes per sample).
2026-02-19_15-04-58.26 | INFO | args=['perl', '/data/data_storage/novaseq_results/research/CbioPortal/vep/bin/vcf2maf.pl', '--input-vcf', '/data/data_storage/novaseq_results/research/CbioPortal/Study/OTHER/test_v4/temp/SNV/2025030616_DNA.hard-filtered.vcf', '--vep-custom', '/data/data_storage/novaseq_results/research/CbioPortal/vep/ftp.ncbi.nlm.nih.gov/pub/clinvar/vcf_GRCh37/clinvar_20260201.vcf.gz,ClinVar,vcf,exact,0,CLNSIG', '--output-maf', '/data/data_storage/novaseq_results/research/CbioPortal/Study/OTHER/test_v4/maf/2025030616_DNA.hard-filtered.vcf.maf', '--ref-fasta', '/apps/trusight/2.2.0/resources/genomes/hg19_hardPAR/genome.fa', '--tmp-dir', 'scratch/px7b9kb9uf', '--retain-fmt', 'GT,GQ,AD,DP,VF,AF', '--vep-path', '/data/data_storage/research/Multiomics/condaEnvs/vep115/bin', '--vep-data', '/data/data_storage/novaseq_results/research/CbioPortal/GRCh37/vep', '--tumor-id', '2025030616_DNA', '--cache-version', '115', '--ncbi-build GRCh37']
2026-02-19_15-04-58.34 | WARNING | Unknown option: ncbi-build grch37
Usage:
     perl vcf2maf.pl --help
     perl vcf2maf.pl --input-vcf WD4086.vcf --output-maf WD4086.maf --tumor-id WD4086 --normal-id NB4086

Options:
     --input-vcf      Path to input file in VCF format
     --output-maf     Path to output MAF file
     --tmp-dir        Folder to retain intermediate VCFs after runtime [Default: Folder containing input VCF]
     --tumor-id       Tumor_Sample_Barcode to report in the MAF [TUMOR]
     --normal-id      Matched_Norm_Sample_Barcode to report in the MAF [NORMAL]
     --vcf-tumor-id   Tumor sample ID used in VCF's genotype columns [--tumor-id]
     --vcf-normal-id  Matched normal ID used in VCF's genotype columns [--normal-id]
     --custom-enst    List of custom ENST IDs that override canonical selection
     --vep-path       Folder containing the vep script [~/miniconda3/bin]
     --vep-data       VEP's base cache/plugin directory [~/.vep]
     --vep-forks      Number of forked processes to use when running VEP [4]
     --vep-custom     String to pass into VEP's --custom option []
     --vep-config     Config file to pass into VEP's --config option []
     --vep-overwrite  Allow VEP to overwrite output VCF if it exists
     --buffer-size    Number of variants VEP loads at a time; Reduce this for low memory systems [5000]
     --any-allele     When reporting co-located variants, allow mismatched variant alleles too
     --inhibit-vep    Skip running VEP, but extract VEP annotation in VCF if found
     --online         Use useastdb.ensembl.org instead of local cache (supports only GRCh38 VCFs listing <100 events)
     --ref-fasta      Reference FASTA file [~/.vep/homo_sapiens/102_GRCh37/Homo_sapiens.GRCh37.dna.toplevel.fa.gz]
     --max-subpop-af  Add FILTER tag common_variant if gnomAD reports any subpopulation AFs greater than this [0.0004]
     --species        Ensembl-friendly name of species (e.g. mus_musculus for mouse) [homo_sapiens]
     --ncbi-build     NCBI reference assembly of variants MAF (e.g. GRCm38 for mouse) [GRCh37]
     --cache-version  Version of offline cache to use with VEP (e.g. 75, 91, 102) [Default: Installed version]
     --maf-center     Variant calling center to report in MAF [.]
     --retain-info    Comma-delimited names of INFO fields to retain as extra columns in MAF []
     --retain-fmt     Comma-delimited names of FORMAT fields to retain as extra columns in MAF []
     --retain-ann     Comma-delimited names of annotations (within the VEP CSQ/ANN) to retain as extra columns in MAF []
     --min-hom-vaf    If GT undefined in VCF, minimum allele fraction to call a variant homozygous [0.7]
     --remap-chain    Chain file to remap variants to a different assembly before running VEP
     --verbose        Print more things to log progress
     --help           Print a brief help message and quit
     --man            Print the detailed manual


2026-02-19_15-04-58.38 | INFO | Starting vcf2maf conversion of /data/data_storage/novaseq_results/research/CbioPortal/Study/OTHER/test_v4/temp/SNV/2025030481_DNA.hard-filtered.bam... This may take several minutes (approx 5 minutes per sample).
2026-02-19_15-04-58.38 | INFO | args=['perl', '/data/data_storage/novaseq_results/research/CbioPortal/vep/bin/vcf2maf.pl', '--input-vcf', '/data/data_storage/novaseq_results/research/CbioPortal/Study/OTHER/test_v4/temp/SNV/2025030481_DNA.hard-filtered.vcf', '--vep-custom', '/data/data_storage/novaseq_results/research/CbioPortal/vep/ftp.ncbi.nlm.nih.gov/pub/clinvar/vcf_GRCh37/clinvar_20260201.vcf.gz,ClinVar,vcf,exact,0,CLNSIG', '--output-maf', '/data/data_storage/novaseq_results/research/CbioPortal/Study/OTHER/test_v4/maf/2025030481_DNA.hard-filtered.vcf.maf', '--ref-fasta', '/apps/trusight/2.2.0/resources/genomes/hg19_hardPAR/genome.fa', '--tmp-dir', 'scratch/px7b9kb9uf', '--retain-fmt', 'GT,GQ,AD,DP,VF,AF', '--vep-path', '/data/data_storage/research/Multiomics/condaEnvs/vep115/bin', '--vep-data', '/data/data_storage/novaseq_results/research/CbioPortal/GRCh37/vep', '--tumor-id', '2025030481_DNA', '--cache-version', '115', '--ncbi-build GRCh37']
2026-02-19_15-04-58.46 | WARNING | Unknown option: ncbi-build grch37
Usage:
     perl vcf2maf.pl --help
     perl vcf2maf.pl --input-vcf WD4086.vcf --output-maf WD4086.maf --tumor-id WD4086 --normal-id NB4086

Options:
     --input-vcf      Path to input file in VCF format
     --output-maf     Path to output MAF file
     --tmp-dir        Folder to retain intermediate VCFs after runtime [Default: Folder containing input VCF]
     --tumor-id       Tumor_Sample_Barcode to report in the MAF [TUMOR]
     --normal-id      Matched_Norm_Sample_Barcode to report in the MAF [NORMAL]
     --vcf-tumor-id   Tumor sample ID used in VCF's genotype columns [--tumor-id]
     --vcf-normal-id  Matched normal ID used in VCF's genotype columns [--normal-id]
     --custom-enst    List of custom ENST IDs that override canonical selection
     --vep-path       Folder containing the vep script [~/miniconda3/bin]
     --vep-data       VEP's base cache/plugin directory [~/.vep]
     --vep-forks      Number of forked processes to use when running VEP [4]
     --vep-custom     String to pass into VEP's --custom option []
     --vep-config     Config file to pass into VEP's --config option []
     --vep-overwrite  Allow VEP to overwrite output VCF if it exists
     --buffer-size    Number of variants VEP loads at a time; Reduce this for low memory systems [5000]
     --any-allele     When reporting co-located variants, allow mismatched variant alleles too
     --inhibit-vep    Skip running VEP, but extract VEP annotation in VCF if found
     --online         Use useastdb.ensembl.org instead of local cache (supports only GRCh38 VCFs listing <100 events)
     --ref-fasta      Reference FASTA file [~/.vep/homo_sapiens/102_GRCh37/Homo_sapiens.GRCh37.dna.toplevel.fa.gz]
     --max-subpop-af  Add FILTER tag common_variant if gnomAD reports any subpopulation AFs greater than this [0.0004]
     --species        Ensembl-friendly name of species (e.g. mus_musculus for mouse) [homo_sapiens]
     --ncbi-build     NCBI reference assembly of variants MAF (e.g. GRCm38 for mouse) [GRCh37]
     --cache-version  Version of offline cache to use with VEP (e.g. 75, 91, 102) [Default: Installed version]
     --maf-center     Variant calling center to report in MAF [.]
     --retain-info    Comma-delimited names of INFO fields to retain as extra columns in MAF []
     --retain-fmt     Comma-delimited names of FORMAT fields to retain as extra columns in MAF []
     --retain-ann     Comma-delimited names of annotations (within the VEP CSQ/ANN) to retain as extra columns in MAF []
     --min-hom-vaf    If GT undefined in VCF, minimum allele fraction to call a variant homozygous [0.7]
     --remap-chain    Chain file to remap variants to a different assembly before running VEP
     --verbose        Print more things to log progress
     --help           Print a brief help message and quit
     --man            Print the detailed manual


2026-02-19_15-04-58.50 | INFO | Starting vcf2maf conversion of /data/data_storage/novaseq_results/research/CbioPortal/Study/OTHER/test_v4/temp/SNV/2025030105_DNA.hard-filtered.bam... This may take several minutes (approx 5 minutes per sample).
2026-02-19_15-04-58.50 | INFO | args=['perl', '/data/data_storage/novaseq_results/research/CbioPortal/vep/bin/vcf2maf.pl', '--input-vcf', '/data/data_storage/novaseq_results/research/CbioPortal/Study/OTHER/test_v4/temp/SNV/2025030105_DNA.hard-filtered.vcf', '--vep-custom', '/data/data_storage/novaseq_results/research/CbioPortal/vep/ftp.ncbi.nlm.nih.gov/pub/clinvar/vcf_GRCh37/clinvar_20260201.vcf.gz,ClinVar,vcf,exact,0,CLNSIG', '--output-maf', '/data/data_storage/novaseq_results/research/CbioPortal/Study/OTHER/test_v4/maf/2025030105_DNA.hard-filtered.vcf.maf', '--ref-fasta', '/apps/trusight/2.2.0/resources/genomes/hg19_hardPAR/genome.fa', '--tmp-dir', 'scratch/px7b9kb9uf', '--retain-fmt', 'GT,GQ,AD,DP,VF,AF', '--vep-path', '/data/data_storage/research/Multiomics/condaEnvs/vep115/bin', '--vep-data', '/data/data_storage/novaseq_results/research/CbioPortal/GRCh37/vep', '--tumor-id', '2025030105_DNA', '--cache-version', '115', '--ncbi-build GRCh37']
2026-02-19_15-04-58.58 | WARNING | Unknown option: ncbi-build grch37
Usage:
     perl vcf2maf.pl --help
     perl vcf2maf.pl --input-vcf WD4086.vcf --output-maf WD4086.maf --tumor-id WD4086 --normal-id NB4086

Options:
     --input-vcf      Path to input file in VCF format
     --output-maf     Path to output MAF file
     --tmp-dir        Folder to retain intermediate VCFs after runtime [Default: Folder containing input VCF]
     --tumor-id       Tumor_Sample_Barcode to report in the MAF [TUMOR]
     --normal-id      Matched_Norm_Sample_Barcode to report in the MAF [NORMAL]
     --vcf-tumor-id   Tumor sample ID used in VCF's genotype columns [--tumor-id]
     --vcf-normal-id  Matched normal ID used in VCF's genotype columns [--normal-id]
     --custom-enst    List of custom ENST IDs that override canonical selection
     --vep-path       Folder containing the vep script [~/miniconda3/bin]
     --vep-data       VEP's base cache/plugin directory [~/.vep]
     --vep-forks      Number of forked processes to use when running VEP [4]
     --vep-custom     String to pass into VEP's --custom option []
     --vep-config     Config file to pass into VEP's --config option []
     --vep-overwrite  Allow VEP to overwrite output VCF if it exists
     --buffer-size    Number of variants VEP loads at a time; Reduce this for low memory systems [5000]
     --any-allele     When reporting co-located variants, allow mismatched variant alleles too
     --inhibit-vep    Skip running VEP, but extract VEP annotation in VCF if found
     --online         Use useastdb.ensembl.org instead of local cache (supports only GRCh38 VCFs listing <100 events)
     --ref-fasta      Reference FASTA file [~/.vep/homo_sapiens/102_GRCh37/Homo_sapiens.GRCh37.dna.toplevel.fa.gz]
     --max-subpop-af  Add FILTER tag common_variant if gnomAD reports any subpopulation AFs greater than this [0.0004]
     --species        Ensembl-friendly name of species (e.g. mus_musculus for mouse) [homo_sapiens]
     --ncbi-build     NCBI reference assembly of variants MAF (e.g. GRCm38 for mouse) [GRCh37]
     --cache-version  Version of offline cache to use with VEP (e.g. 75, 91, 102) [Default: Installed version]
     --maf-center     Variant calling center to report in MAF [.]
     --retain-info    Comma-delimited names of INFO fields to retain as extra columns in MAF []
     --retain-fmt     Comma-delimited names of FORMAT fields to retain as extra columns in MAF []
     --retain-ann     Comma-delimited names of annotations (within the VEP CSQ/ANN) to retain as extra columns in MAF []
     --min-hom-vaf    If GT undefined in VCF, minimum allele fraction to call a variant homozygous [0.7]
     --remap-chain    Chain file to remap variants to a different assembly before running VEP
     --verbose        Print more things to log progress
     --help           Print a brief help message and quit
     --man            Print the detailed manual


2026-02-19_15-04-58.62 | INFO | Starting vcf2maf conversion of /data/data_storage/novaseq_results/research/CbioPortal/Study/OTHER/test_v4/temp/SNV/2025030677_DNA.hard-filtered.bam... This may take several minutes (approx 5 minutes per sample).
2026-02-19_15-04-58.62 | INFO | args=['perl', '/data/data_storage/novaseq_results/research/CbioPortal/vep/bin/vcf2maf.pl', '--input-vcf', '/data/data_storage/novaseq_results/research/CbioPortal/Study/OTHER/test_v4/temp/SNV/2025030677_DNA.hard-filtered.vcf', '--vep-custom', '/data/data_storage/novaseq_results/research/CbioPortal/vep/ftp.ncbi.nlm.nih.gov/pub/clinvar/vcf_GRCh37/clinvar_20260201.vcf.gz,ClinVar,vcf,exact,0,CLNSIG', '--output-maf', '/data/data_storage/novaseq_results/research/CbioPortal/Study/OTHER/test_v4/maf/2025030677_DNA.hard-filtered.vcf.maf', '--ref-fasta', '/apps/trusight/2.2.0/resources/genomes/hg19_hardPAR/genome.fa', '--tmp-dir', 'scratch/px7b9kb9uf', '--retain-fmt', 'GT,GQ,AD,DP,VF,AF', '--vep-path', '/data/data_storage/research/Multiomics/condaEnvs/vep115/bin', '--vep-data', '/data/data_storage/novaseq_results/research/CbioPortal/GRCh37/vep', '--tumor-id', '2025030677_DNA', '--cache-version', '115', '--ncbi-build GRCh37']
2026-02-19_15-04-58.70 | WARNING | Unknown option: ncbi-build grch37
Usage:
     perl vcf2maf.pl --help
     perl vcf2maf.pl --input-vcf WD4086.vcf --output-maf WD4086.maf --tumor-id WD4086 --normal-id NB4086

Options:
     --input-vcf      Path to input file in VCF format
     --output-maf     Path to output MAF file
     --tmp-dir        Folder to retain intermediate VCFs after runtime [Default: Folder containing input VCF]
     --tumor-id       Tumor_Sample_Barcode to report in the MAF [TUMOR]
     --normal-id      Matched_Norm_Sample_Barcode to report in the MAF [NORMAL]
     --vcf-tumor-id   Tumor sample ID used in VCF's genotype columns [--tumor-id]
     --vcf-normal-id  Matched normal ID used in VCF's genotype columns [--normal-id]
     --custom-enst    List of custom ENST IDs that override canonical selection
     --vep-path       Folder containing the vep script [~/miniconda3/bin]
     --vep-data       VEP's base cache/plugin directory [~/.vep]
     --vep-forks      Number of forked processes to use when running VEP [4]
     --vep-custom     String to pass into VEP's --custom option []
     --vep-config     Config file to pass into VEP's --config option []
     --vep-overwrite  Allow VEP to overwrite output VCF if it exists
     --buffer-size    Number of variants VEP loads at a time; Reduce this for low memory systems [5000]
     --any-allele     When reporting co-located variants, allow mismatched variant alleles too
     --inhibit-vep    Skip running VEP, but extract VEP annotation in VCF if found
     --online         Use useastdb.ensembl.org instead of local cache (supports only GRCh38 VCFs listing <100 events)
     --ref-fasta      Reference FASTA file [~/.vep/homo_sapiens/102_GRCh37/Homo_sapiens.GRCh37.dna.toplevel.fa.gz]
     --max-subpop-af  Add FILTER tag common_variant if gnomAD reports any subpopulation AFs greater than this [0.0004]
     --species        Ensembl-friendly name of species (e.g. mus_musculus for mouse) [homo_sapiens]
     --ncbi-build     NCBI reference assembly of variants MAF (e.g. GRCm38 for mouse) [GRCh37]
     --cache-version  Version of offline cache to use with VEP (e.g. 75, 91, 102) [Default: Installed version]
     --maf-center     Variant calling center to report in MAF [.]
     --retain-info    Comma-delimited names of INFO fields to retain as extra columns in MAF []
     --retain-fmt     Comma-delimited names of FORMAT fields to retain as extra columns in MAF []
     --retain-ann     Comma-delimited names of annotations (within the VEP CSQ/ANN) to retain as extra columns in MAF []
     --min-hom-vaf    If GT undefined in VCF, minimum allele fraction to call a variant homozygous [0.7]
     --remap-chain    Chain file to remap variants to a different assembly before running VEP
     --verbose        Print more things to log progress
     --help           Print a brief help message and quit
     --man            Print the detailed manual


2026-02-19_15-04-58.74 | INFO | Starting vcf2maf conversion of /data/data_storage/novaseq_results/research/CbioPortal/Study/OTHER/test_v4/temp/SNV/2025030390_DNA.hard-filtered.bam... This may take several minutes (approx 5 minutes per sample).
2026-02-19_15-04-58.74 | INFO | args=['perl', '/data/data_storage/novaseq_results/research/CbioPortal/vep/bin/vcf2maf.pl', '--input-vcf', '/data/data_storage/novaseq_results/research/CbioPortal/Study/OTHER/test_v4/temp/SNV/2025030390_DNA.hard-filtered.vcf', '--vep-custom', '/data/data_storage/novaseq_results/research/CbioPortal/vep/ftp.ncbi.nlm.nih.gov/pub/clinvar/vcf_GRCh37/clinvar_20260201.vcf.gz,ClinVar,vcf,exact,0,CLNSIG', '--output-maf', '/data/data_storage/novaseq_results/research/CbioPortal/Study/OTHER/test_v4/maf/2025030390_DNA.hard-filtered.vcf.maf', '--ref-fasta', '/apps/trusight/2.2.0/resources/genomes/hg19_hardPAR/genome.fa', '--tmp-dir', 'scratch/px7b9kb9uf', '--retain-fmt', 'GT,GQ,AD,DP,VF,AF', '--vep-path', '/data/data_storage/research/Multiomics/condaEnvs/vep115/bin', '--vep-data', '/data/data_storage/novaseq_results/research/CbioPortal/GRCh37/vep', '--tumor-id', '2025030390_DNA', '--cache-version', '115', '--ncbi-build GRCh37']
2026-02-19_15-04-58.83 | WARNING | Unknown option: ncbi-build grch37
Usage:
     perl vcf2maf.pl --help
     perl vcf2maf.pl --input-vcf WD4086.vcf --output-maf WD4086.maf --tumor-id WD4086 --normal-id NB4086

Options:
     --input-vcf      Path to input file in VCF format
     --output-maf     Path to output MAF file
     --tmp-dir        Folder to retain intermediate VCFs after runtime [Default: Folder containing input VCF]
     --tumor-id       Tumor_Sample_Barcode to report in the MAF [TUMOR]
     --normal-id      Matched_Norm_Sample_Barcode to report in the MAF [NORMAL]
     --vcf-tumor-id   Tumor sample ID used in VCF's genotype columns [--tumor-id]
     --vcf-normal-id  Matched normal ID used in VCF's genotype columns [--normal-id]
     --custom-enst    List of custom ENST IDs that override canonical selection
     --vep-path       Folder containing the vep script [~/miniconda3/bin]
     --vep-data       VEP's base cache/plugin directory [~/.vep]
     --vep-forks      Number of forked processes to use when running VEP [4]
     --vep-custom     String to pass into VEP's --custom option []
     --vep-config     Config file to pass into VEP's --config option []
     --vep-overwrite  Allow VEP to overwrite output VCF if it exists
     --buffer-size    Number of variants VEP loads at a time; Reduce this for low memory systems [5000]
     --any-allele     When reporting co-located variants, allow mismatched variant alleles too
     --inhibit-vep    Skip running VEP, but extract VEP annotation in VCF if found
     --online         Use useastdb.ensembl.org instead of local cache (supports only GRCh38 VCFs listing <100 events)
     --ref-fasta      Reference FASTA file [~/.vep/homo_sapiens/102_GRCh37/Homo_sapiens.GRCh37.dna.toplevel.fa.gz]
     --max-subpop-af  Add FILTER tag common_variant if gnomAD reports any subpopulation AFs greater than this [0.0004]
     --species        Ensembl-friendly name of species (e.g. mus_musculus for mouse) [homo_sapiens]
     --ncbi-build     NCBI reference assembly of variants MAF (e.g. GRCm38 for mouse) [GRCh37]
     --cache-version  Version of offline cache to use with VEP (e.g. 75, 91, 102) [Default: Installed version]
     --maf-center     Variant calling center to report in MAF [.]
     --retain-info    Comma-delimited names of INFO fields to retain as extra columns in MAF []
     --retain-fmt     Comma-delimited names of FORMAT fields to retain as extra columns in MAF []
     --retain-ann     Comma-delimited names of annotations (within the VEP CSQ/ANN) to retain as extra columns in MAF []
     --min-hom-vaf    If GT undefined in VCF, minimum allele fraction to call a variant homozygous [0.7]
     --remap-chain    Chain file to remap variants to a different assembly before running VEP
     --verbose        Print more things to log progress
     --help           Print a brief help message and quit
     --man            Print the detailed manual


2026-02-19_15-04-58.87 | INFO | Starting vcf2maf conversion of /data/data_storage/novaseq_results/research/CbioPortal/Study/OTHER/test_v4/temp/SNV/2025030799_DNA.hard-filtered.bam... This may take several minutes (approx 5 minutes per sample).
2026-02-19_15-04-58.87 | INFO | args=['perl', '/data/data_storage/novaseq_results/research/CbioPortal/vep/bin/vcf2maf.pl', '--input-vcf', '/data/data_storage/novaseq_results/research/CbioPortal/Study/OTHER/test_v4/temp/SNV/2025030799_DNA.hard-filtered.vcf', '--vep-custom', '/data/data_storage/novaseq_results/research/CbioPortal/vep/ftp.ncbi.nlm.nih.gov/pub/clinvar/vcf_GRCh37/clinvar_20260201.vcf.gz,ClinVar,vcf,exact,0,CLNSIG', '--output-maf', '/data/data_storage/novaseq_results/research/CbioPortal/Study/OTHER/test_v4/maf/2025030799_DNA.hard-filtered.vcf.maf', '--ref-fasta', '/apps/trusight/2.2.0/resources/genomes/hg19_hardPAR/genome.fa', '--tmp-dir', 'scratch/px7b9kb9uf', '--retain-fmt', 'GT,GQ,AD,DP,VF,AF', '--vep-path', '/data/data_storage/research/Multiomics/condaEnvs/vep115/bin', '--vep-data', '/data/data_storage/novaseq_results/research/CbioPortal/GRCh37/vep', '--tumor-id', '2025030799_DNA', '--cache-version', '115', '--ncbi-build GRCh37']
2026-02-19_15-04-58.96 | WARNING | Unknown option: ncbi-build grch37
Usage:
     perl vcf2maf.pl --help
     perl vcf2maf.pl --input-vcf WD4086.vcf --output-maf WD4086.maf --tumor-id WD4086 --normal-id NB4086

Options:
     --input-vcf      Path to input file in VCF format
     --output-maf     Path to output MAF file
     --tmp-dir        Folder to retain intermediate VCFs after runtime [Default: Folder containing input VCF]
     --tumor-id       Tumor_Sample_Barcode to report in the MAF [TUMOR]
     --normal-id      Matched_Norm_Sample_Barcode to report in the MAF [NORMAL]
     --vcf-tumor-id   Tumor sample ID used in VCF's genotype columns [--tumor-id]
     --vcf-normal-id  Matched normal ID used in VCF's genotype columns [--normal-id]
     --custom-enst    List of custom ENST IDs that override canonical selection
     --vep-path       Folder containing the vep script [~/miniconda3/bin]
     --vep-data       VEP's base cache/plugin directory [~/.vep]
     --vep-forks      Number of forked processes to use when running VEP [4]
     --vep-custom     String to pass into VEP's --custom option []
     --vep-config     Config file to pass into VEP's --config option []
     --vep-overwrite  Allow VEP to overwrite output VCF if it exists
     --buffer-size    Number of variants VEP loads at a time; Reduce this for low memory systems [5000]
     --any-allele     When reporting co-located variants, allow mismatched variant alleles too
     --inhibit-vep    Skip running VEP, but extract VEP annotation in VCF if found
     --online         Use useastdb.ensembl.org instead of local cache (supports only GRCh38 VCFs listing <100 events)
     --ref-fasta      Reference FASTA file [~/.vep/homo_sapiens/102_GRCh37/Homo_sapiens.GRCh37.dna.toplevel.fa.gz]
     --max-subpop-af  Add FILTER tag common_variant if gnomAD reports any subpopulation AFs greater than this [0.0004]
     --species        Ensembl-friendly name of species (e.g. mus_musculus for mouse) [homo_sapiens]
     --ncbi-build     NCBI reference assembly of variants MAF (e.g. GRCm38 for mouse) [GRCh37]
     --cache-version  Version of offline cache to use with VEP (e.g. 75, 91, 102) [Default: Installed version]
     --maf-center     Variant calling center to report in MAF [.]
     --retain-info    Comma-delimited names of INFO fields to retain as extra columns in MAF []
     --retain-fmt     Comma-delimited names of FORMAT fields to retain as extra columns in MAF []
     --retain-ann     Comma-delimited names of annotations (within the VEP CSQ/ANN) to retain as extra columns in MAF []
     --min-hom-vaf    If GT undefined in VCF, minimum allele fraction to call a variant homozygous [0.7]
     --remap-chain    Chain file to remap variants to a different assembly before running VEP
     --verbose        Print more things to log progress
     --help           Print a brief help message and quit
     --man            Print the detailed manual


2026-02-19_15-04-59.00 | INFO | Starting vcf2maf conversion of /data/data_storage/novaseq_results/research/CbioPortal/Study/OTHER/test_v4/temp/SNV/2025030192_DNA.hard-filtered.bam... This may take several minutes (approx 5 minutes per sample).
2026-02-19_15-04-59.00 | INFO | args=['perl', '/data/data_storage/novaseq_results/research/CbioPortal/vep/bin/vcf2maf.pl', '--input-vcf', '/data/data_storage/novaseq_results/research/CbioPortal/Study/OTHER/test_v4/temp/SNV/2025030192_DNA.hard-filtered.vcf', '--vep-custom', '/data/data_storage/novaseq_results/research/CbioPortal/vep/ftp.ncbi.nlm.nih.gov/pub/clinvar/vcf_GRCh37/clinvar_20260201.vcf.gz,ClinVar,vcf,exact,0,CLNSIG', '--output-maf', '/data/data_storage/novaseq_results/research/CbioPortal/Study/OTHER/test_v4/maf/2025030192_DNA.hard-filtered.vcf.maf', '--ref-fasta', '/apps/trusight/2.2.0/resources/genomes/hg19_hardPAR/genome.fa', '--tmp-dir', 'scratch/px7b9kb9uf', '--retain-fmt', 'GT,GQ,AD,DP,VF,AF', '--vep-path', '/data/data_storage/research/Multiomics/condaEnvs/vep115/bin', '--vep-data', '/data/data_storage/novaseq_results/research/CbioPortal/GRCh37/vep', '--tumor-id', '2025030192_DNA', '--cache-version', '115', '--ncbi-build GRCh37']
2026-02-19_15-04-59.08 | WARNING | Unknown option: ncbi-build grch37
Usage:
     perl vcf2maf.pl --help
     perl vcf2maf.pl --input-vcf WD4086.vcf --output-maf WD4086.maf --tumor-id WD4086 --normal-id NB4086

Options:
     --input-vcf      Path to input file in VCF format
     --output-maf     Path to output MAF file
     --tmp-dir        Folder to retain intermediate VCFs after runtime [Default: Folder containing input VCF]
     --tumor-id       Tumor_Sample_Barcode to report in the MAF [TUMOR]
     --normal-id      Matched_Norm_Sample_Barcode to report in the MAF [NORMAL]
     --vcf-tumor-id   Tumor sample ID used in VCF's genotype columns [--tumor-id]
     --vcf-normal-id  Matched normal ID used in VCF's genotype columns [--normal-id]
     --custom-enst    List of custom ENST IDs that override canonical selection
     --vep-path       Folder containing the vep script [~/miniconda3/bin]
     --vep-data       VEP's base cache/plugin directory [~/.vep]
     --vep-forks      Number of forked processes to use when running VEP [4]
     --vep-custom     String to pass into VEP's --custom option []
     --vep-config     Config file to pass into VEP's --config option []
     --vep-overwrite  Allow VEP to overwrite output VCF if it exists
     --buffer-size    Number of variants VEP loads at a time; Reduce this for low memory systems [5000]
     --any-allele     When reporting co-located variants, allow mismatched variant alleles too
     --inhibit-vep    Skip running VEP, but extract VEP annotation in VCF if found
     --online         Use useastdb.ensembl.org instead of local cache (supports only GRCh38 VCFs listing <100 events)
     --ref-fasta      Reference FASTA file [~/.vep/homo_sapiens/102_GRCh37/Homo_sapiens.GRCh37.dna.toplevel.fa.gz]
     --max-subpop-af  Add FILTER tag common_variant if gnomAD reports any subpopulation AFs greater than this [0.0004]
     --species        Ensembl-friendly name of species (e.g. mus_musculus for mouse) [homo_sapiens]
     --ncbi-build     NCBI reference assembly of variants MAF (e.g. GRCm38 for mouse) [GRCh37]
     --cache-version  Version of offline cache to use with VEP (e.g. 75, 91, 102) [Default: Installed version]
     --maf-center     Variant calling center to report in MAF [.]
     --retain-info    Comma-delimited names of INFO fields to retain as extra columns in MAF []
     --retain-fmt     Comma-delimited names of FORMAT fields to retain as extra columns in MAF []
     --retain-ann     Comma-delimited names of annotations (within the VEP CSQ/ANN) to retain as extra columns in MAF []
     --min-hom-vaf    If GT undefined in VCF, minimum allele fraction to call a variant homozygous [0.7]
     --remap-chain    Chain file to remap variants to a different assembly before running VEP
     --verbose        Print more things to log progress
     --help           Print a brief help message and quit
     --man            Print the detailed manual


2026-02-19_15-04-59.13 | INFO | Starting vcf2maf conversion of /data/data_storage/novaseq_results/research/CbioPortal/Study/OTHER/test_v4/temp/SNV/2025030609_DNA.hard-filtered.bam... This may take several minutes (approx 5 minutes per sample).
2026-02-19_15-04-59.13 | INFO | args=['perl', '/data/data_storage/novaseq_results/research/CbioPortal/vep/bin/vcf2maf.pl', '--input-vcf', '/data/data_storage/novaseq_results/research/CbioPortal/Study/OTHER/test_v4/temp/SNV/2025030609_DNA.hard-filtered.vcf', '--vep-custom', '/data/data_storage/novaseq_results/research/CbioPortal/vep/ftp.ncbi.nlm.nih.gov/pub/clinvar/vcf_GRCh37/clinvar_20260201.vcf.gz,ClinVar,vcf,exact,0,CLNSIG', '--output-maf', '/data/data_storage/novaseq_results/research/CbioPortal/Study/OTHER/test_v4/maf/2025030609_DNA.hard-filtered.vcf.maf', '--ref-fasta', '/apps/trusight/2.2.0/resources/genomes/hg19_hardPAR/genome.fa', '--tmp-dir', 'scratch/px7b9kb9uf', '--retain-fmt', 'GT,GQ,AD,DP,VF,AF', '--vep-path', '/data/data_storage/research/Multiomics/condaEnvs/vep115/bin', '--vep-data', '/data/data_storage/novaseq_results/research/CbioPortal/GRCh37/vep', '--tumor-id', '2025030609_DNA', '--cache-version', '115', '--ncbi-build GRCh37']
2026-02-19_15-04-59.21 | WARNING | Unknown option: ncbi-build grch37
Usage:
     perl vcf2maf.pl --help
     perl vcf2maf.pl --input-vcf WD4086.vcf --output-maf WD4086.maf --tumor-id WD4086 --normal-id NB4086

Options:
     --input-vcf      Path to input file in VCF format
     --output-maf     Path to output MAF file
     --tmp-dir        Folder to retain intermediate VCFs after runtime [Default: Folder containing input VCF]
     --tumor-id       Tumor_Sample_Barcode to report in the MAF [TUMOR]
     --normal-id      Matched_Norm_Sample_Barcode to report in the MAF [NORMAL]
     --vcf-tumor-id   Tumor sample ID used in VCF's genotype columns [--tumor-id]
     --vcf-normal-id  Matched normal ID used in VCF's genotype columns [--normal-id]
     --custom-enst    List of custom ENST IDs that override canonical selection
     --vep-path       Folder containing the vep script [~/miniconda3/bin]
     --vep-data       VEP's base cache/plugin directory [~/.vep]
     --vep-forks      Number of forked processes to use when running VEP [4]
     --vep-custom     String to pass into VEP's --custom option []
     --vep-config     Config file to pass into VEP's --config option []
     --vep-overwrite  Allow VEP to overwrite output VCF if it exists
     --buffer-size    Number of variants VEP loads at a time; Reduce this for low memory systems [5000]
     --any-allele     When reporting co-located variants, allow mismatched variant alleles too
     --inhibit-vep    Skip running VEP, but extract VEP annotation in VCF if found
     --online         Use useastdb.ensembl.org instead of local cache (supports only GRCh38 VCFs listing <100 events)
     --ref-fasta      Reference FASTA file [~/.vep/homo_sapiens/102_GRCh37/Homo_sapiens.GRCh37.dna.toplevel.fa.gz]
     --max-subpop-af  Add FILTER tag common_variant if gnomAD reports any subpopulation AFs greater than this [0.0004]
     --species        Ensembl-friendly name of species (e.g. mus_musculus for mouse) [homo_sapiens]
     --ncbi-build     NCBI reference assembly of variants MAF (e.g. GRCm38 for mouse) [GRCh37]
     --cache-version  Version of offline cache to use with VEP (e.g. 75, 91, 102) [Default: Installed version]
     --maf-center     Variant calling center to report in MAF [.]
     --retain-info    Comma-delimited names of INFO fields to retain as extra columns in MAF []
     --retain-fmt     Comma-delimited names of FORMAT fields to retain as extra columns in MAF []
     --retain-ann     Comma-delimited names of annotations (within the VEP CSQ/ANN) to retain as extra columns in MAF []
     --min-hom-vaf    If GT undefined in VCF, minimum allele fraction to call a variant homozygous [0.7]
     --remap-chain    Chain file to remap variants to a different assembly before running VEP
     --verbose        Print more things to log progress
     --help           Print a brief help message and quit
     --man            Print the detailed manual


