2026-02-19_15-06-13.27 | INFO | 
__| |_______________________________________________________________________| |__
__   _______________________________________________________________________   __
  | |                                                                       | |
  | | █████   █████   █████████   ███████████     █████████   ██████   █████| |
  | |░░███   ░░███   ███░░░░░███ ░░███░░░░░███   ███░░░░░███ ░░██████ ░░███ | |
  | | ░███    ░███  ░███    ░███  ░███    ░███  ░███    ░███  ░███░███ ░███ | |
  | | ░███    ░███  ░███████████  ░██████████   ░███████████  ░███░░███░███ | |
  | | ░░███   ███   ░███░░░░░███  ░███░░░░░███  ░███░░░░░███  ░███ ░░██████ | |
  | |  ░░░█████░    ░███    ░███  ░███    ░███  ░███    ░███  ░███  ░░█████ | |
  | |    ░░███      █████   █████ █████   █████ █████   █████ █████  ░░█████| |
  | |     ░░░      ░░░░░   ░░░░░ ░░░░░   ░░░░░ ░░░░░   ░░░░░ ░░░░░    ░░░░░ | |
__| |_______________________________________________________________________| |__
__   _______________________________________________________________________   __
  | |                                                                       | |

2026-02-19_15-06-13.27 | INFO | Welcome to VARAN 🦎

2026-02-19_15-06-13.27 | INFO | Varan args [input:['/data/data_storage/novaseq_results/tmp/analysis_260214_A01423_0428_BHHFG7DRX7_HRD/260214_A01423_0428_BHHFG7DRX7-6c0f7d54-0fc9-45f1-ac82-158a7c797481_data_varan.tsv'], output_folder:/data/data_storage/novaseq_results/research/CbioPortal/Study/OTHER/test, filters:, cancer:mixed, oncoKB:False, analysis_type:snv, overwrite_output:False, resume:False, multiple:False, update:False, extract:False, remove:False]
2026-02-19_15-06-13.27 | INFO | Starting preparation study folder
2026-02-19_15-06-13.27 | INFO | Starting walk_folder script:
2026-02-19_15-06-13.27 | INFO | walk_folder args [input:['/data/data_storage/novaseq_results/tmp/analysis_260214_A01423_0428_BHHFG7DRX7_HRD/260214_A01423_0428_BHHFG7DRX7-6c0f7d54-0fc9-45f1-ac82-158a7c797481_data_varan.tsv'], output_folder:/data/data_storage/novaseq_results/research/CbioPortal/Study/OTHER/test, overwrite:False, resume:False, vcf_type:snv, filters:, multiple:False]
2026-02-19_15-06-13.28 | WARNING | It seems that a version of the folder '/data/data_storage/novaseq_results/research/CbioPortal/Study/OTHER/test' already exists.
2026-02-19_15-06-13.28 | INFO | 4 version(s) of the selected output folder found: ['test_v2', 'test_v3', 'test_v4', 'test_v1']
2026-02-19_15-06-13.28 | INFO | Creating the output folder '/data/data_storage/novaseq_results/research/CbioPortal/Study/OTHER/test_v5'...
2026-02-19_15-06-13.28 | INFO | The folder '/data/data_storage/novaseq_results/research/CbioPortal/Study/OTHER/test_v5' was correctly created!
2026-02-19_15-06-13.31 | INFO | Verifying the compilation of the conf.ini file for sample 2025030196_DNA
2026-02-19_15-06-13.33 | INFO | Verifying the compilation of the conf.ini file for sample 2026031399_DNA
2026-02-19_15-06-13.36 | INFO | Verifying the compilation of the conf.ini file for sample 2026031398_DNA
2026-02-19_15-06-13.38 | INFO | Verifying the compilation of the conf.ini file for sample 2025030568_DNA
2026-02-19_15-06-13.40 | INFO | Verifying the compilation of the conf.ini file for sample 2025030798_DNA
2026-02-19_15-06-13.42 | INFO | Verifying the compilation of the conf.ini file for sample 2025030616_DNA
2026-02-19_15-06-13.44 | INFO | Verifying the compilation of the conf.ini file for sample 2025030481_DNA
2026-02-19_15-06-13.46 | INFO | Verifying the compilation of the conf.ini file for sample 2025030105_DNA
2026-02-19_15-06-13.48 | INFO | Verifying the compilation of the conf.ini file for sample 2025030677_DNA
2026-02-19_15-06-13.49 | INFO | Verifying the compilation of the conf.ini file for sample 2025030390_DNA
2026-02-19_15-06-13.51 | INFO | Verifying the compilation of the conf.ini file for sample 2025030799_DNA
2026-02-19_15-06-13.53 | INFO | Verifying the compilation of the conf.ini file for sample 2025030192_DNA
2026-02-19_15-06-13.55 | INFO | Verifying the compilation of the conf.ini file for sample 2025030609_DNA
2026-02-19_15-06-13.58 | INFO | Verifying the compilation of the conf.ini file for sample 2025030572_DNA
2026-02-19_15-06-13.61 | INFO | Verifying the compilation of the conf.ini file for sample 2026032446_DNA
2026-02-19_15-06-13.68 | INFO | Verifying the compilation of the conf.ini file for sample 2026032447_DNA
2026-02-19_15-06-13.70 | INFO | Verifying the compilation of the conf.ini file for sample 2026032448_DNA
2026-02-19_15-06-13.74 | INFO | Verifying the compilation of the conf.ini file for sample 2026032449_DNA
2026-02-19_15-06-13.77 | INFO | Verifying the compilation of the conf.ini file for sample 2026032451_DNA
2026-02-19_15-06-13.82 | INFO | Verifying the compilation of the conf.ini file for sample 2026032457_DNA
2026-02-19_15-06-13.87 | INFO | Verifying the compilation of the conf.ini file for sample 2026032459_DNA
2026-02-19_15-06-13.92 | INFO | Verifying the compilation of the conf.ini file for sample 2026032460_DNA
2026-02-19_15-06-13.95 | INFO | Verifying the compilation of the conf.ini file for sample 2026032461_DNA
2026-02-19_15-06-14.00 | INFO | Verifying the compilation of the conf.ini file for sample 2026032463_DNA
2026-02-19_15-06-14.04 | INFO | Verifying the compilation of the conf.ini file for sample 2026032464_DNA
2026-02-19_15-06-14.09 | INFO | Verifying the compilation of the conf.ini file for sample 2026032467_DNA
2026-02-19_15-06-14.12 | INFO | Verifying the compilation of the conf.ini file for sample 2026032468_DNA
2026-02-19_15-06-14.16 | INFO | Verifying the compilation of the conf.ini file for sample 2026032470_DNA
2026-02-19_15-06-14.20 | INFO | Verifying the compilation of the conf.ini file for sample 2026032777_DNA
2026-02-19_15-06-14.22 | INFO | Verifying the compilation of the conf.ini file for sample 2026032472_DNA
2026-02-19_15-06-14.25 | INFO | Verifying the compilation of the conf.ini file for sample 2026032568_DNA
2026-02-19_15-06-14.30 | INFO | Checking SNV files...
2026-02-19_15-06-14.30 | INFO | Everything ok!
2026-02-19_15-06-14.31 | INFO | Writing exonic_BRCA.txt file...
2026-02-19_15-06-14.32 | INFO | Managing SNV files...
2026-02-19_15-06-14.32 | INFO | Checking maf folder...
2026-02-19_15-06-14.37 | INFO | Starting vcf2maf conversion of /data/data_storage/novaseq_results/research/CbioPortal/Study/OTHER/test_v5/temp/SNV/2025030196_DNA.hard-filtered.bam... This may take several minutes (approx 5 minutes per sample).
2026-02-19_15-06-14.37 | INFO | args=['perl', '/data/data_storage/novaseq_results/research/CbioPortal/vep/bin/vcf2maf.pl', '--input-vcf', '/data/data_storage/novaseq_results/research/CbioPortal/Study/OTHER/test_v5/temp/SNV/2025030196_DNA.hard-filtered.vcf', '--vep-custom', '/data/data_storage/novaseq_results/research/CbioPortal/vep/ftp.ncbi.nlm.nih.gov/pub/clinvar/vcf_GRCh37/clinvar_20260201.vcf.gz,ClinVar,vcf,exact,0,CLNSIG', '--output-maf', '/data/data_storage/novaseq_results/research/CbioPortal/Study/OTHER/test_v5/maf/2025030196_DNA.hard-filtered.vcf.maf', '--ref-fasta', '/apps/trusight/2.2.0/resources/genomes/hg19_hardPAR/genome.fa', '--tmp-dir', 'scratch/ub7p27trof', '--retain-fmt', 'GT,GQ,AD,DP,VF,AF', '--vep-path', '/data/data_storage/research/Multiomics/condaEnvs/vep115/bin', '--vep-data', '/data/data_storage/novaseq_results/research/CbioPortal/GRCh37/vep', '--tumor-id', '2025030196_DNA', '--cache-version', '115']
