2026-02-16_14-36-08.51 | INFO | 
__| |_______________________________________________________________________| |__
__   _______________________________________________________________________   __
  | |                                                                       | |
  | | █████   █████   █████████   ███████████     █████████   ██████   █████| |
  | |░░███   ░░███   ███░░░░░███ ░░███░░░░░███   ███░░░░░███ ░░██████ ░░███ | |
  | | ░███    ░███  ░███    ░███  ░███    ░███  ░███    ░███  ░███░███ ░███ | |
  | | ░███    ░███  ░███████████  ░██████████   ░███████████  ░███░░███░███ | |
  | | ░░███   ███   ░███░░░░░███  ░███░░░░░███  ░███░░░░░███  ░███ ░░██████ | |
  | |  ░░░█████░    ░███    ░███  ░███    ░███  ░███    ░███  ░███  ░░█████ | |
  | |    ░░███      █████   █████ █████   █████ █████   █████ █████  ░░█████| |
  | |     ░░░      ░░░░░   ░░░░░ ░░░░░   ░░░░░ ░░░░░   ░░░░░ ░░░░░    ░░░░░ | |
__| |_______________________________________________________________________| |__
__   _______________________________________________________________________   __
  | |                                                                       | |

2026-02-16_14-36-08.51 | INFO | Welcome to VARAN 🦎

2026-02-16_14-36-08.52 | INFO | Varan args [input:['/data/data_storage/novaseq_results/research/CbioPortal/Input_file/file_input/32648750_TEST.tsv'], output_folder:/data/data_storage/novaseq_results/research/CbioPortal/Study/OTHER/test, filters:, cancer:mixed, oncoKB:False, analysis_type:None, overwrite_output:False, resume:False, multiple:False, update:False, extract:False, remove:False]
2026-02-16_14-36-08.52 | INFO | Starting preparation study folder
2026-02-16_14-36-08.52 | INFO | Starting walk_folder script:
2026-02-16_14-36-08.52 | INFO | walk_folder args [input:['/data/data_storage/novaseq_results/research/CbioPortal/Input_file/file_input/32648750_TEST.tsv'], output_folder:/data/data_storage/novaseq_results/research/CbioPortal/Study/OTHER/test, overwrite:False, resume:False, vcf_type:None, filters:, multiple:False]
2026-02-16_14-36-08.53 | INFO | Creating the output folder '/data/data_storage/novaseq_results/research/CbioPortal/Study/OTHER/test_v1'...
2026-02-16_14-36-08.53 | INFO | The folder '/data/data_storage/novaseq_results/research/CbioPortal/Study/OTHER/test_v1' was correctly created!
2026-02-16_14-36-08.53 | INFO | Verifying the compilation of the conf.ini file for sample 2024014991_DNA
2026-02-16_14-36-08.66 | INFO | Checking CNV files...
2026-02-16_14-36-08.66 | INFO | Everything ok!
2026-02-16_14-36-08.67 | INFO | Checking SNV files...
2026-02-16_14-36-08.67 | INFO | Everything ok!
2026-02-16_14-36-08.67 | INFO | Managing CNV files...
2026-02-16_14-36-08.68 | INFO | Checking data_cna_hg19.seg file...
2026-02-16_14-36-08.68 | INFO | Checking data_cna_hg19.seg.fc.txt file...
2026-02-16_14-36-08.68 | INFO | Writing data_cna_hg19.seg succefully completed!
2026-02-16_14-36-08.68 | INFO | Writing data_cna_hg19.seg.fc.txt succefully completed!
2026-02-16_14-36-08.68 | INFO | Starting CNA evaluation (this step could take a while)...
